================================================================
== Vivado Place & Route Results
================================================================
+ General Information:
    * Date:            Mon Nov 25 22:13:27 +0800 2024
    * Version:         2024.1 (Build 5069499 on May 21 2024)
    * Project:         delay
    * Solution:        hls (Vivado IP Flow Target)
    * Product family:  zynq
    * Target device:   xc7z020-clg400-2


================================================================
== Run Constraints & Options
================================================================
+ Design Constraints & Options:
    * Place & Route target clock:  2.778 ns
    * C-Synthesis target clock:    2.778 ns
    * C-Synthesis uncertainty:     27%

+ RTL Synthesis Options:
    * config_export -vivado_synth_strategy:     default
    * config_export -vivado_synth_design_args:  -directive sdx_optimization_effort_high

+ Place & Route Options:
    * config_export -vivado_impl_strategy:  default
    * config_export -vivado_phys_opt:       auto

+ Reporting Options:
    * config_export -vivado_report_level:      2
    * config_export -vivado_max_timing_paths:  10


================================================================
== Place & Route Resource Summary
================================================================
LUT:              889
FF:               975
DSP:              0
BRAM:             0
URAM:             0
SRL:              51


================================================================
== Place & Route Timing Summary
================================================================
* Timing was met
+----------------+-------------+
| Timing         | Period (ns) |
+----------------+-------------+
| Target         | 2.778       |
| Post-Synthesis | 2.021       |
| Post-Route     | 2.345       |
+----------------+-------------+


================================================================
== Place & Route Resources
================================================================
+------+-----+-----+-----+------+------+-----+--------+------+---------+----------+--------+
| Name | LUT | FF  | DSP | BRAM | URAM | SRL | Pragma | Impl | Latency | Variable | Source |
+------+-----+-----+-----+------+------+-----+--------+------+---------+----------+--------+
| inst | 889 | 975 |     |      |      |     |        |      |         |          |        |
+------+-----+-----+-----+------+------+-----+--------+------+---------+----------+--------+


================================================================
== Place & Route Fail Fast
================================================================
+-----------------------------------------------------------+-----------+--------+--------+
| Criteria                                                  | Guideline | Actual | Status |
+-----------------------------------------------------------+-----------+--------+--------+
| LUT                                                       | 70%       | 1.67%  | OK     |
| FD                                                        | 50%       | 0.92%  | OK     |
| LUTRAM+SRL                                                | 25%       | 0.29%  | OK     |
| MUXF7                                                     | 15%       | 0.00%  | OK     |
| DSP                                                       | 80%       | 0.00%  | OK     |
| RAMB/FIFO                                                 | 80%       | 0.00%  | OK     |
| DSP+RAMB+URAM (Avg)                                       | 70%       | 0.00%  | OK     |
| BUFGCE* + BUFGCTRL                                        | 24        | 0      | OK     |
| DONT_TOUCH (cells/nets)                                   | 0         | 0      | OK     |
| MARK_DEBUG (nets)                                         | 0         | 0      | OK     |
| Control Sets                                              | 998       | 1      | OK     |
| Average Fanout for modules > 100k cells                   | 4         | 1.55   | OK     |
| Max Average Fanout for modules > 100k cells               | 4         | 0      | OK     |
| Non-FD high fanout nets > 10k loads                       | 0         | 0      | OK     |
+-----------------------------------------------------------+-----------+--------+--------+
| TIMING-6 (No common primary clock between related clocks) | 0         | 0      | OK     |
| TIMING-7 (No common node between related clocks)          | 0         | 0      | OK     |
| TIMING-8 (No common period between related clocks)        | 0         | 0      | OK     |
| TIMING-14 (LUT on the clock tree)                         | 0         | 0      | OK     |
| TIMING-35 (No common node in paths with the same clock)   | 0         | 0      | OK     |
+-----------------------------------------------------------+-----------+--------+--------+
| Number of paths above max LUT budgeting (0.500ns)         | 0         | 0      | OK     |
| Number of paths above max Net budgeting (0.350ns)         | 0         | 0      | OK     |
+-----------------------------------------------------------+-----------+--------+--------+


================================================================
== Place & Route Timing Paths
================================================================
* Timing was met
+-------+-------+------------------------------------------+---------------------------------+--------------+------------+----------------+----------------+--------------+
| Path  | SLACK | STARTPOINT PIN                           | ENDPOINT PIN                    | LOGIC LEVELS | MAX FANOUT | DATAPATH DELAY | DATAPATH LOGIC | DATAPATH NET |
|       |       |                                          |                                 |              |            |                |          DELAY |        DELAY |
+-------+-------+------------------------------------------+---------------------------------+--------------+------------+----------------+----------------+--------------+
| Path1 | 0.433 | now_read_reg_1193_pp0_iter9_reg_reg[4]/C | addr_right_4_reg_1708_reg[9]/D  |            3 |         32 |          2.329 |          1.335 |        0.994 |
| Path2 | 0.438 | now_read_reg_1193_pp0_iter9_reg_reg[4]/C | addr_right_4_reg_1708_reg[11]/D |            3 |         32 |          2.324 |          1.330 |        0.994 |
| Path3 | 0.452 | now_read_reg_1193_pp0_iter9_reg_reg[4]/C | addr_right_6_reg_1720_reg[11]/D |            3 |         32 |          2.352 |          1.315 |        1.037 |
| Path4 | 0.457 | now_read_reg_1193_pp0_iter9_reg_reg[4]/C | addr_right_6_reg_1720_reg[9]/D  |            3 |         32 |          2.347 |          1.310 |        1.037 |
| Path5 | 0.484 | now_read_reg_1193_pp0_iter9_reg_reg[5]/C | addr_right_12_reg_1756_reg[9]/D |            3 |         32 |          2.278 |          1.355 |        0.923 |
+-------+-------+------------------------------------------+---------------------------------+--------------+------------+----------------+----------------+--------------+

    +----------------------------------------+----------------------+
    | Path1 Cells                            | Primitive Type       |
    +----------------------------------------+----------------------+
    | now_read_reg_1193_pp0_iter9_reg_reg[4] | FLOP_LATCH.flop.FDRE |
    | addr_right_4_reg_1708[7]_i_5           | LUT.others.LUT2      |
    | addr_right_4_reg_1708_reg[7]_i_1       | CARRY.others.CARRY4  |
    | addr_right_4_reg_1708_reg[11]_i_1      | CARRY.others.CARRY4  |
    | addr_right_4_reg_1708_reg[9]           | FLOP_LATCH.flop.FDRE |
    | now_read_reg_1193_pp0_iter9_reg_reg[4] | FLOP_LATCH.flop.FDRE |
    | addr_right_4_reg_1708[7]_i_5           | LUT.others.LUT2      |
    | addr_right_4_reg_1708_reg[7]_i_1       | CARRY.others.CARRY4  |
    | addr_right_4_reg_1708_reg[11]_i_1      | CARRY.others.CARRY4  |
    | addr_right_4_reg_1708_reg[11]          | FLOP_LATCH.flop.FDRE |
    | now_read_reg_1193_pp0_iter9_reg_reg[4] | FLOP_LATCH.flop.FDRE |
    | addr_right_6_reg_1720[7]_i_5           | LUT.others.LUT2      |
    | addr_right_6_reg_1720_reg[7]_i_1       | CARRY.others.CARRY4  |
    | addr_right_6_reg_1720_reg[11]_i_1      | CARRY.others.CARRY4  |
    | addr_right_6_reg_1720_reg[11]          | FLOP_LATCH.flop.FDRE |
    | now_read_reg_1193_pp0_iter9_reg_reg[4] | FLOP_LATCH.flop.FDRE |
    | addr_right_6_reg_1720[7]_i_5           | LUT.others.LUT2      |
    | addr_right_6_reg_1720_reg[7]_i_1       | CARRY.others.CARRY4  |
    | addr_right_6_reg_1720_reg[11]_i_1      | CARRY.others.CARRY4  |
    | addr_right_6_reg_1720_reg[9]           | FLOP_LATCH.flop.FDRE |
    | now_read_reg_1193_pp0_iter9_reg_reg[5] | FLOP_LATCH.flop.FDRE |
    | addr_right_12_reg_1756[7]_i_4          | LUT.others.LUT1      |
    | addr_right_12_reg_1756_reg[7]_i_1      | CARRY.others.CARRY4  |
    | addr_right_12_reg_1756_reg[11]_i_1     | CARRY.others.CARRY4  |
    | addr_right_12_reg_1756_reg[9]          | FLOP_LATCH.flop.FDRE |
    +----------------------------------------+----------------------+

    +----------------------------------------+----------------------+
    | Path2 Cells                            | Primitive Type       |
    +----------------------------------------+----------------------+
    | now_read_reg_1193_pp0_iter9_reg_reg[4] | FLOP_LATCH.flop.FDRE |
    | addr_right_4_reg_1708[7]_i_5           | LUT.others.LUT2      |
    | addr_right_4_reg_1708_reg[7]_i_1       | CARRY.others.CARRY4  |
    | addr_right_4_reg_1708_reg[11]_i_1      | CARRY.others.CARRY4  |
    | addr_right_4_reg_1708_reg[9]           | FLOP_LATCH.flop.FDRE |
    | now_read_reg_1193_pp0_iter9_reg_reg[4] | FLOP_LATCH.flop.FDRE |
    | addr_right_4_reg_1708[7]_i_5           | LUT.others.LUT2      |
    | addr_right_4_reg_1708_reg[7]_i_1       | CARRY.others.CARRY4  |
    | addr_right_4_reg_1708_reg[11]_i_1      | CARRY.others.CARRY4  |
    | addr_right_4_reg_1708_reg[11]          | FLOP_LATCH.flop.FDRE |
    | now_read_reg_1193_pp0_iter9_reg_reg[4] | FLOP_LATCH.flop.FDRE |
    | addr_right_6_reg_1720[7]_i_5           | LUT.others.LUT2      |
    | addr_right_6_reg_1720_reg[7]_i_1       | CARRY.others.CARRY4  |
    | addr_right_6_reg_1720_reg[11]_i_1      | CARRY.others.CARRY4  |
    | addr_right_6_reg_1720_reg[11]          | FLOP_LATCH.flop.FDRE |
    | now_read_reg_1193_pp0_iter9_reg_reg[4] | FLOP_LATCH.flop.FDRE |
    | addr_right_6_reg_1720[7]_i_5           | LUT.others.LUT2      |
    | addr_right_6_reg_1720_reg[7]_i_1       | CARRY.others.CARRY4  |
    | addr_right_6_reg_1720_reg[11]_i_1      | CARRY.others.CARRY4  |
    | addr_right_6_reg_1720_reg[9]           | FLOP_LATCH.flop.FDRE |
    | now_read_reg_1193_pp0_iter9_reg_reg[5] | FLOP_LATCH.flop.FDRE |
    | addr_right_12_reg_1756[7]_i_4          | LUT.others.LUT1      |
    | addr_right_12_reg_1756_reg[7]_i_1      | CARRY.others.CARRY4  |
    | addr_right_12_reg_1756_reg[11]_i_1     | CARRY.others.CARRY4  |
    | addr_right_12_reg_1756_reg[9]          | FLOP_LATCH.flop.FDRE |
    +----------------------------------------+----------------------+

    +----------------------------------------+----------------------+
    | Path3 Cells                            | Primitive Type       |
    +----------------------------------------+----------------------+
    | now_read_reg_1193_pp0_iter9_reg_reg[4] | FLOP_LATCH.flop.FDRE |
    | addr_right_4_reg_1708[7]_i_5           | LUT.others.LUT2      |
    | addr_right_4_reg_1708_reg[7]_i_1       | CARRY.others.CARRY4  |
    | addr_right_4_reg_1708_reg[11]_i_1      | CARRY.others.CARRY4  |
    | addr_right_4_reg_1708_reg[9]           | FLOP_LATCH.flop.FDRE |
    | now_read_reg_1193_pp0_iter9_reg_reg[4] | FLOP_LATCH.flop.FDRE |
    | addr_right_4_reg_1708[7]_i_5           | LUT.others.LUT2      |
    | addr_right_4_reg_1708_reg[7]_i_1       | CARRY.others.CARRY4  |
    | addr_right_4_reg_1708_reg[11]_i_1      | CARRY.others.CARRY4  |
    | addr_right_4_reg_1708_reg[11]          | FLOP_LATCH.flop.FDRE |
    | now_read_reg_1193_pp0_iter9_reg_reg[4] | FLOP_LATCH.flop.FDRE |
    | addr_right_6_reg_1720[7]_i_5           | LUT.others.LUT2      |
    | addr_right_6_reg_1720_reg[7]_i_1       | CARRY.others.CARRY4  |
    | addr_right_6_reg_1720_reg[11]_i_1      | CARRY.others.CARRY4  |
    | addr_right_6_reg_1720_reg[11]          | FLOP_LATCH.flop.FDRE |
    | now_read_reg_1193_pp0_iter9_reg_reg[4] | FLOP_LATCH.flop.FDRE |
    | addr_right_6_reg_1720[7]_i_5           | LUT.others.LUT2      |
    | addr_right_6_reg_1720_reg[7]_i_1       | CARRY.others.CARRY4  |
    | addr_right_6_reg_1720_reg[11]_i_1      | CARRY.others.CARRY4  |
    | addr_right_6_reg_1720_reg[9]           | FLOP_LATCH.flop.FDRE |
    | now_read_reg_1193_pp0_iter9_reg_reg[5] | FLOP_LATCH.flop.FDRE |
    | addr_right_12_reg_1756[7]_i_4          | LUT.others.LUT1      |
    | addr_right_12_reg_1756_reg[7]_i_1      | CARRY.others.CARRY4  |
    | addr_right_12_reg_1756_reg[11]_i_1     | CARRY.others.CARRY4  |
    | addr_right_12_reg_1756_reg[9]          | FLOP_LATCH.flop.FDRE |
    +----------------------------------------+----------------------+

    +----------------------------------------+----------------------+
    | Path4 Cells                            | Primitive Type       |
    +----------------------------------------+----------------------+
    | now_read_reg_1193_pp0_iter9_reg_reg[4] | FLOP_LATCH.flop.FDRE |
    | addr_right_4_reg_1708[7]_i_5           | LUT.others.LUT2      |
    | addr_right_4_reg_1708_reg[7]_i_1       | CARRY.others.CARRY4  |
    | addr_right_4_reg_1708_reg[11]_i_1      | CARRY.others.CARRY4  |
    | addr_right_4_reg_1708_reg[9]           | FLOP_LATCH.flop.FDRE |
    | now_read_reg_1193_pp0_iter9_reg_reg[4] | FLOP_LATCH.flop.FDRE |
    | addr_right_4_reg_1708[7]_i_5           | LUT.others.LUT2      |
    | addr_right_4_reg_1708_reg[7]_i_1       | CARRY.others.CARRY4  |
    | addr_right_4_reg_1708_reg[11]_i_1      | CARRY.others.CARRY4  |
    | addr_right_4_reg_1708_reg[11]          | FLOP_LATCH.flop.FDRE |
    | now_read_reg_1193_pp0_iter9_reg_reg[4] | FLOP_LATCH.flop.FDRE |
    | addr_right_6_reg_1720[7]_i_5           | LUT.others.LUT2      |
    | addr_right_6_reg_1720_reg[7]_i_1       | CARRY.others.CARRY4  |
    | addr_right_6_reg_1720_reg[11]_i_1      | CARRY.others.CARRY4  |
    | addr_right_6_reg_1720_reg[11]          | FLOP_LATCH.flop.FDRE |
    | now_read_reg_1193_pp0_iter9_reg_reg[4] | FLOP_LATCH.flop.FDRE |
    | addr_right_6_reg_1720[7]_i_5           | LUT.others.LUT2      |
    | addr_right_6_reg_1720_reg[7]_i_1       | CARRY.others.CARRY4  |
    | addr_right_6_reg_1720_reg[11]_i_1      | CARRY.others.CARRY4  |
    | addr_right_6_reg_1720_reg[9]           | FLOP_LATCH.flop.FDRE |
    | now_read_reg_1193_pp0_iter9_reg_reg[5] | FLOP_LATCH.flop.FDRE |
    | addr_right_12_reg_1756[7]_i_4          | LUT.others.LUT1      |
    | addr_right_12_reg_1756_reg[7]_i_1      | CARRY.others.CARRY4  |
    | addr_right_12_reg_1756_reg[11]_i_1     | CARRY.others.CARRY4  |
    | addr_right_12_reg_1756_reg[9]          | FLOP_LATCH.flop.FDRE |
    +----------------------------------------+----------------------+

    +----------------------------------------+----------------------+
    | Path5 Cells                            | Primitive Type       |
    +----------------------------------------+----------------------+
    | now_read_reg_1193_pp0_iter9_reg_reg[4] | FLOP_LATCH.flop.FDRE |
    | addr_right_4_reg_1708[7]_i_5           | LUT.others.LUT2      |
    | addr_right_4_reg_1708_reg[7]_i_1       | CARRY.others.CARRY4  |
    | addr_right_4_reg_1708_reg[11]_i_1      | CARRY.others.CARRY4  |
    | addr_right_4_reg_1708_reg[9]           | FLOP_LATCH.flop.FDRE |
    | now_read_reg_1193_pp0_iter9_reg_reg[4] | FLOP_LATCH.flop.FDRE |
    | addr_right_4_reg_1708[7]_i_5           | LUT.others.LUT2      |
    | addr_right_4_reg_1708_reg[7]_i_1       | CARRY.others.CARRY4  |
    | addr_right_4_reg_1708_reg[11]_i_1      | CARRY.others.CARRY4  |
    | addr_right_4_reg_1708_reg[11]          | FLOP_LATCH.flop.FDRE |
    | now_read_reg_1193_pp0_iter9_reg_reg[4] | FLOP_LATCH.flop.FDRE |
    | addr_right_6_reg_1720[7]_i_5           | LUT.others.LUT2      |
    | addr_right_6_reg_1720_reg[7]_i_1       | CARRY.others.CARRY4  |
    | addr_right_6_reg_1720_reg[11]_i_1      | CARRY.others.CARRY4  |
    | addr_right_6_reg_1720_reg[11]          | FLOP_LATCH.flop.FDRE |
    | now_read_reg_1193_pp0_iter9_reg_reg[4] | FLOP_LATCH.flop.FDRE |
    | addr_right_6_reg_1720[7]_i_5           | LUT.others.LUT2      |
    | addr_right_6_reg_1720_reg[7]_i_1       | CARRY.others.CARRY4  |
    | addr_right_6_reg_1720_reg[11]_i_1      | CARRY.others.CARRY4  |
    | addr_right_6_reg_1720_reg[9]           | FLOP_LATCH.flop.FDRE |
    | now_read_reg_1193_pp0_iter9_reg_reg[5] | FLOP_LATCH.flop.FDRE |
    | addr_right_12_reg_1756[7]_i_4          | LUT.others.LUT1      |
    | addr_right_12_reg_1756_reg[7]_i_1      | CARRY.others.CARRY4  |
    | addr_right_12_reg_1756_reg[11]_i_1     | CARRY.others.CARRY4  |
    | addr_right_12_reg_1756_reg[9]          | FLOP_LATCH.flop.FDRE |
    +----------------------------------------+----------------------+


================================================================
== Place & Route Vivado Reports
================================================================
+--------------------------+---------------------------------------------------------------+
| Report Type              | Report Location                                               |
+--------------------------+---------------------------------------------------------------+
| design_analysis          | impl/verilog/report/delay_design_analysis_routed.rpt          |
| failfast                 | impl/verilog/report/delay_failfast_routed.rpt                 |
| status                   | impl/verilog/report/delay_status_routed.rpt                   |
| timing                   | impl/verilog/report/delay_timing_routed.rpt                   |
| timing_paths             | impl/verilog/report/delay_timing_paths_routed.rpt             |
| utilization              | impl/verilog/report/delay_utilization_routed.rpt              |
| utilization_hierarchical | impl/verilog/report/delay_utilization_hierarchical_routed.rpt |
+--------------------------+---------------------------------------------------------------+


