INFO: [SIM 2] *************** CSIM start ***************
INFO: [SIM 4] CSIM will launch CLANG as the compiler.
   Compiling ../../../../../src/tb_calculate.cpp in debug mode
   Compiling ../../../../../src/calculate.cpp in debug mode
   Generating csim.exe
Cycle 0: Writing datas...
New datas: 
1602211 3699363 5796515 7893667 -6786397 -4689245 -2592093 -494941 
Old datas: 
-8388608 -8388607 -8388606 -8388605 -8388604 -8388603 -8388602 -8388601 
Result: -4483979119628496

Cycle 1: Writing datas...
New datas: 
0 1 2 3 4 5 6 7 
Old datas: 
8388600 8388601 8388602 8388603 8388604 8388605 8388606 8388607 
Result: -4503594795532800

Cycle 2: Writing datas...
New datas: 
-8 -7 -6 -5 -4 -3 -2 -1 
Old datas: 
-8 -7 -6 -5 -4 -3 -2 -1 
Result: 0

Cycle 3: Writing datas...
New datas: 
8388600 8388601 8388602 8388603 8388604 8388605 8388606 8388607 
Old datas: 
0 1 2 3 4 5 6 7 
Result: 4503594795532800

Cycle 4: Writing datas...
New datas: 
-8388608 -8388607 -8388606 -8388605 -8388604 -8388603 -8388602 -8388601 
Old datas: 
1602211 3699363 5796515 7893667 -6786397 -4689245 -2592093 -494941 
Result: 4483979119628496

INFO: [SIM 1] CSim done with 0 errors.
INFO: [SIM 3] *************** CSIM finish ***************
