# 
# Steps log generated by v++
# This log file contains a collection of steps that describe the kernel compilation flow
# Note: Some steps are tagged as internal, these steps are for debugging purposes and 
#       are not expected to be able to run independently.
# 

# The following environment variables are set when running vitis-run
Environment variables :
------------------------------------------
ALLUSERSPROFILE=C:\ProgramData
APPDATA=C:\Users\liboh\AppData\Roaming
arr.length=0
arr.Ubound=-1
CHARPOP=1
CMAKE_OBJECT_PATH_MAX=4096
CommonProgramFiles=C:\Program Files\Common Files
CommonProgramFiles(x86)=C:\Program Files (x86)\Common Files
CommonProgramW6432=C:\Program Files\Common Files
COMPUTERNAME=BAN
ComSpec=C:\WINDOWS\system32\cmd.exe
DriverData=C:\Windows\System32\Drivers\DriverData
EFC_9076=1
FPS_BROWSER_APP_PROFILE_STRING=Internet Explorer
FPS_BROWSER_USER_PROFILE_STRING=Default
HDI_APPROOT=D:/Xilinx/Vitis/2024.1
HDI_PROCESSOR=i686
HOMEDRIVE=C:
HOMEPATH=\Users\liboh
HW_SERVER_DJTG_DISABLE=1
HW_SERVER_FTDIMGR_DISABLE=1
IDE_SKIP_SERVER_LICENSE=1
INT_VARIABLE_NAME=XILINX_PATH
ISL_IOSTREAMS_RSA=D:/Xilinx/Vitis/2024.1/tps/isl
JAVA_EXE=D:/Xilinx\Vitis\2024.1\tps\win64\jre11.0.16_1\bin\java.exe
JAVA_HOME=D:/Xilinx\Vitis\2024.1\tps\win64\jre11.0.16_1
LC_NUMERIC=C
LOCALAPPDATA=C:\Users\liboh\AppData\Local
LOGONSERVER=\\BAN
LOPPER_DTC_FLAGS=-b 0 -@
MGLS_LICENSE_FILE=D:\ModelSim\win64\Tktable2.10\license.txt
NOSPLASH=false
NUMBER_OF_PROCESSORS=16
OneDrive=C:\Users\liboh\OneDrive
OneDriveConsumer=C:\Users\liboh\OneDrive
ORIGINAL_XDG_CURRENT_DESKTOP=undefined
OS=Windows_NT
PATH=D:/Xilinx/Vivado/2024.1/tps/win64/binutils-2.26/bin;D:/Xilinx/Vitis/2024.1/bin/../gnu/aarch64/nt/aarch64-linux/bin;D:/Xilinx/Vitis/2024.1/bin/../gnu/ppc64le/4.9.3/win64/bin;D:/Xilinx/Vitis/2024.1/bin/../gnu/aarch32/nt/gcc-arm-linux-gnueabi/bin;D:/Xilinx\Vitis_HLS\2024.1/tps/mingw/6.2.0/win64.o/nt/bin;D:/Xilinx/Vivado/2024.1\gnuwin\bin;D:/Xilinx/Vivado/2024.1\gnu\microblaze\nt\bin;D:/Xilinx/Vitis/2024.1/bin;D:/Xilinx/Vitis/2024.1/tps/win64/java-cef-95.0.4638.69/bin/lib/win64;D:/Xilinx/Vitis/2024.1/tps/win64/javafx-sdk-11.0.2/lib;D:/Xilinx/Vitis/2024.1/tps/win64/javafx-sdk-11.0.2/bin;D:/Xilinx/Vitis/2024.1/lib/win64.o;D:/Xilinx/Vitis/2024.1/tps/win64/jre11.0.16_1/bin/server;D:/Xilinx/Vitis/2024.1/tps/win64/jre11.0.16_1/bin;D:\Xilinx\Vitis\2024.1\tps\win64\lopper-1.1.0-packages\min_sdk\\usr\bin;D:/Xilinx\Vitis\2024.1\tps\win64\cmake-3.24.2\bin;D:/Xilinx\Vitis\2024.1\gnu\microblaze\nt\bin;D:/Xilinx\Vitis\2024.1\gnu\microblaze\linux_toolchain\nt64_le\bin;D:/Xilinx\Vitis\2024.1\gnu\aarch32\nt\gcc-arm-linux-gnueabi\bin;D:/Xilinx\Vitis\2024.1\gnu\aarch32\nt\gcc-arm-none-eabi\bin;D:/Xilinx\Vitis\2024.1\gnu\aarch64\nt\aarch64-linux\bin;D:/Xilinx\Vitis\2024.1\gnu\aarch64\nt\aarch64-none\bin;D:/Xilinx\Vitis\2024.1\gnu\armr5\nt\gcc-arm-none-eabi\bin;D:/Xilinx\Vitis\2024.1\gnuwin\bin;D:/Xilinx\Vitis\2024.1\tps\win64\python-3.8.3;D:/Xilinx\Vitis\2024.1\tps\win64\libxslt\bin;D:/Xilinx/Vivado/2024.1\bin;D:/Xilinx/Vitis/2024.1\gnu\arm\nt\bin;D:/Xilinx/Vitis/2024.1\gnu\microblaze\linux_toolchain\nt64_be\bin;D:/Xilinx/Vitis/2024.1\gnu\riscv\nt\riscv64-unknown-elf\bin;D:/Xilinx/Vitis/2024.1\tps\win64\git-2.16.2\bin;D:/Xilinx/Vitis/2024.1\win64\tools\clang\bin;D:/Xilinx\Vitis_HLS\2024.1\lib\win64.o;D:/Xilinx\Vitis_HLS\2024.1\bin;D:/Xilinx/Vivado/2024.1  /bin;/bin;C:\WINDOWS\system32;C:\WINDOWS;C:\WINDOWS\System32\Wbem;C:\WINDOWS\System32\WindowsPowerShell\v1.0\;C:\WINDOWS\System32\OpenSSH\;C:\Program Files\NVIDIA Corporation\NVIDIA app\NvDLISR;C:\Program Files (x86)\NVIDIA Corporation\PhysX\Common;C:\Program Files (x86)\Windows Kits\10\Windows Performance Toolkit\;D:\MATLAB\bin;C:\Program Files\dotnet\;C:\tools\miniconda;C:\tools\Git\cmd;C:\tools\verible;C:\Users\liboh\AppData\Local\Microsoft\WindowsApps;C:\Users\liboh\AppData\Local\Programs\Microsoft VS Code\bin;D:\Modelsim\modelsim_ase\win32aloem;D:/Xilinx/Vitis/2024.1\tps\mingw\6.2.0\win64.o\nt\bin;D:/Xilinx/Vitis/2024.1\tps\mingw\6.2.0\win64.o\nt\libexec\gcc\x86_64-w64-mingw32\6.2.0
PATHEXT=.COM;.EXE;.BAT;.CMD;.VBS;.VBE;.JS;.JSE;.WSF;.WSH;.MSC
PROCESSOR_ARCHITECTURE=AMD64
PROCESSOR_IDENTIFIER=Intel64 Family 6 Model 141 Stepping 1, GenuineIntel
PROCESSOR_LEVEL=6
PROCESSOR_REVISION=8d01
PRODVERSION_EXE=D:/Xilinx/Vitis/2024.1/bin/unwrapped/win64.o/prodversion.exe
ProgramData=C:\ProgramData
ProgramFiles=C:\Program Files
ProgramFiles(x86)=C:\Program Files (x86)
ProgramW6432=C:\Program Files
PROMPT=$P$G
PSModulePath=C:\Program Files\WindowsPowerShell\Modules;C:\WINDOWS\system32\WindowsPowerShell\v1.0\Modules
PUBLIC=C:\Users\Public
PYTHONPATH=;D:/Xilinx/Vitis/2024.1\cli;D:/Xilinx/Vitis/2024.1\cli\python-packages\win64;D:/Xilinx/Vitis/2024.1\cli\python-packages\site-packages;D:/Xilinx/Vitis/2024.1\cli\proto;D:/Xilinx/Vitis/2024.1\scripts\python_pkg;
python_path=;D:/Xilinx/Vitis/2024.1\cli;D:/Xilinx/Vitis/2024.1\cli\python-packages\win64;D:/Xilinx/Vitis/2024.1\cli\python-packages\site-packages;D:/Xilinx/Vitis/2024.1\cli\proto;D:/Xilinx/Vitis/2024.1\scripts\python_pkg;
RDI_APPROOT=D:/Xilinx/Vitis/2024.1
RDI_ARGS= --mode hls --csim --config C:\Users\liboh\Desktop\mvdr\hls\calculate\hls_component\hls_config.cfg --work_dir calculate
RDI_ARGS_FUNCTION=RDI_EXEC_DEFAULT
RDI_BASEROOT=D:/Xilinx/Vitis
RDI_BINDIR=D:/Xilinx/Vitis/2024.1/bin
RDI_BINROOT=D:/Xilinx/Vitis/2024.1/bin
RDI_BUILD=yes
RDI_CHECK_PROG=True
RDI_DATADIR=D:/Xilinx/SharedData/2024.1/data;D:/Xilinx/Vitis/2024.1/data
RDI_INSTALLROOT=D:/Xilinx
RDI_INSTALLVER=2024.1
RDI_INSTALLVERSION=2024.1
RDI_JAVACEFROOT=D:/Xilinx/Vitis/2024.1/tps/win64/java-cef-95.0.4638.69
RDI_JAVAFXROOT=D:/Xilinx/Vitis/2024.1/tps/win64/javafx-sdk-11.0.2
RDI_JAVAROOT=D:/Xilinx/Vitis/2024.1/tps/win64/jre11.0.16_1
RDI_JAVA_VERSION=11.0.16_1
RDI_LIBDIR=D:/Xilinx/Vitis/2024.1/lib/win64.o
RDI_MINGW_LIB=D:/Xilinx/Vitis/2024.1\tps\mingw\6.2.0\win64.o\nt\bin;D:/Xilinx/Vitis/2024.1\tps\mingw\6.2.0\win64.o\nt\libexec\gcc\x86_64-w64-mingw32\6.2.0
RDI_OPT_EXT=.o
RDI_OS_ARCH=64
RDI_PLATFORM=win64
RDI_PREPEND_PATH=D:/Xilinx/Vitis/2024.1/bin
RDI_PROG=D:/Xilinx/Vitis/2024.1/bin/unwrapped/win64.o/vitis-run.exe
RDI_PROGNAME=vitis-run.exe
RDI_SESSION_INFO=D:\Xilinx\Vitis\2024.1\bin:BAN-2024-11-07周四_20-11-02.37
RDI_SHARED_DATA=D:/Xilinx/SharedData/2024.1/data
RDI_TPS_ROOT=D:/Xilinx/Vivado/2024.1/tps/win64
RDI_USE_JDK11=1
RDI_VERBOSE=False
RT_LIBPATH=D:/Xilinx/Vitis/2024.1/scripts/rt/data
RT_TCL_PATH=D:/Xilinx/Vitis/2024.1/scripts/rt/base_tcl/tcl
SDKROOT=D:\Xilinx\Vitis\2024.1\tps\win64\lopper-1.1.0-packages\min_sdk\
SESSIONNAME=Console
session_string=C:\Users\liboh\Desktop\mvdr\hls\calculate\hls_component:BAN-2024-11-07周四_20-13-01.95
SHARED_DATA_HOME="D:/Xilinx/SharedData/2024.1"
SWIG_LIB=D:\Xilinx\Vitis\2024.1\tps\win64\lopper-1.1.0-packages\min_sdk\\usr\lib\swig\4.0.2
SYNTH_COMMON=D:/Xilinx/Vitis/2024.1/scripts/rt/data
SystemDrive=C:
SystemRoot=C:\WINDOWS
TCL_LIBRARY=D:/Xilinx/Vitis/2024.1/tps/tcl/tcl8.6
TCMALLOC_LARGE_ALLOC_REPORT_THRESHOLD=4294967296
TEMP=C:\Users\liboh\AppData\Local\Temp
THEIA_APP_PROJECT_PATH=D:\Xilinx\Vitis\2024.1\ide\electron-app\win64\resources\app
THEIA_DEFAULT_PLUGINS=local-dir:D:\Xilinx\Vitis\2024.1\ide\electron-app\win64\resources\app\plugins
THEIA_ELECTRON_TOKEN={"value":"daf6b05a-ead7-4696-8026-797a815a30d5"}
THEIA_ELECTRON_VERSION=15.5.7
THEIA_PLUGINS=local-dir:C:\Users\liboh\.theia\plugins
TMP=C:\Users\liboh\AppData\Local\Temp
USERDOMAIN=ban
USERDOMAIN_ROAMINGPROFILE=ban
USERNAME=ban
USERPROFILE=C:\Users\liboh
VITISNEW=true
VSCODE_API_VERSION=1.53.2
windir=C:\WINDOWS
XILINX_HLS=D:/Xilinx\Vitis_HLS\2024.1
XILINX_PLANAHEAD=D:/Xilinx/Vitis/2024.1
XILINX_SDK=D:/Xilinx/Vitis/2024.1
XILINX_VERSION_DEFAULT=2024.1
XILINX_VERSION_VITIS=2024.1
XILINX_VITIS=D:/Xilinx\Vitis\2024.1
XILINX_VITIS_VERSION=Vitis v2024.1 (64-bit)
XILINX_VIVADO=D:/Xilinx/Vivado/2024.1
XILINX_VIVADO_HLS=D:/Xilinx/Vivado/2024.1
XIL_CHECK_TCL_DEBUG=False
XIL_NO_OVERRIDE=0
XIL_SUPPRESS_OVERRIDE_WARNINGS=1
XVREDIST=D:/Xilinx/Vitis/2024.1\tps\win64\xvcredist.exe
ZES_ENABLE_SYSMAN=1
_RDI_BINROOT=D:\Xilinx\Vitis\2024.1\bin
_RDI_CWD=C:\Users\liboh\Desktop\mvdr\hls\calculate\hls_component
_RDI_DONT_SET_XILINX_AS_PATH=True
_RDI_VERSION_PROG=vitis-run
_valid=False
XILINX_CD_CONNECT_ID=64435
XILINX_CD_SESSION=4245c1e7-c9ef-4295-aa59-09b1a7c94cdc


VITIS-RUN command line:
------------------------------------------
D:/Xilinx/Vitis/2024.1/bin/unwrapped/win64.o/vitis-run.exe --mode hls --csim --config C:\Users\liboh\Desktop\mvdr\hls\calculate\hls_component\hls_config.cfg --work_dir calculate 

FINAL PROGRAM OPTIONS
--config C:\Users\liboh\Desktop\mvdr\hls\calculate\hls_component\hls_config.cfg
--csim
--hls.clock 180MHz
--hls.flow_target vivado
--hls.package.output.format ip_catalog
--hls.package.output.syn false
--hls.syn.file C:/Users/liboh/Desktop/mvdr/hls/calculate/src/calculate.cpp
--hls.syn.file C:/Users/liboh/Desktop/mvdr/hls/calculate/src/calculate.h
--hls.syn.top calculate
--hls.tb.file C:/Users/liboh/Desktop/mvdr/hls/calculate/src/tb_calculate.cpp
--mode hls
--part xc7z020clg400-2
--work_dir calculate

PARSED COMMAND LINE OPTIONS
--mode hls 
--csim 
--config C:\Users\liboh\Desktop\mvdr\hls\calculate\hls_component\hls_config.cfg 
--work_dir calculate 

PARSED CONFIG FILE (1) OPTIONS
file: C:\Users\liboh\Desktop\mvdr\hls\calculate\hls_component\hls_config.cfg
part xc7z020clg400-2 
hls.flow_target vivado 
hls.package.output.format ip_catalog 
hls.package.output.syn false 
hls.syn.top calculate 
hls.syn.file C:/Users/liboh/Desktop/mvdr/hls/calculate/src/calculate.cpp 
hls.syn.file C:/Users/liboh/Desktop/mvdr/hls/calculate/src/calculate.h 
hls.tb.file C:/Users/liboh/Desktop/mvdr/hls/calculate/src/tb_calculate.cpp 
hls.clock 180MHz 


==========================================
new:  steps log generated by v++ for new launch 
timestamp: 07 Nov 2024 20:13:05
------------------------------------------
VITIS-RUN internal step: writing a config file for vitis_hls: C:/Users/liboh/Desktop/mvdr/hls/calculate/hls_component/calculate/hls/config.cmdline
timestamp: 07 Nov 2024 20:13:05
VITIS-RUN internal step status: success
------------------------------------------
VITIS-RUN internal step: running vitis_hls
timestamp: 07 Nov 2024 20:13:05
working dir: C:/Users/liboh/Desktop/mvdr/hls/calculate/hls_component
cmd: vitis_hls -nolog -run csim -work_dir C:/Users/liboh/Desktop/mvdr/hls/calculate/hls_component/calculate -config C:/Users/liboh/Desktop/mvdr/hls/calculate/hls_component/hls_config.cfg -cmdlineconfig C:/Users/liboh/Desktop/mvdr/hls/calculate/hls_component/calculate/hls/config.cmdline
VITIS-RUN internal step status: success

------------------------------------------
V++ command line :
------------------------------------------
D:/Xilinx/Vitis/2024.1/bin/unwrapped/win64.o/v++.exe -c --mode hls --config C:\Users\liboh\Desktop\mvdr\hls\calculate\hls_component\hls_config.cfg --work_dir calculate 
  Options from -O    : 
  Options from *.ini : 
  Options from Hw Platform : 

==========================================
new:  steps log generated by v++ for new launch 
timestamp: 07 Nov 2024 20:13:23
------------------------------------------
V++ internal step: writing a config file for vitis_hls: C:/Users/liboh/Desktop/mvdr/hls/calculate/hls_component/calculate/hls/config.cmdline
timestamp: 07 Nov 2024 20:13:23
V++ internal step status: success
------------------------------------------
V++ internal step: running vitis_hls
timestamp: 07 Nov 2024 20:13:23
working dir: C:/Users/liboh/Desktop/mvdr/hls/calculate/hls_component
cmd: vitis_hls -nolog -run csynth -work_dir C:/Users/liboh/Desktop/mvdr/hls/calculate/hls_component/calculate -config C:/Users/liboh/Desktop/mvdr/hls/calculate/hls_component/hls_config.cfg -cmdlineconfig C:/Users/liboh/Desktop/mvdr/hls/calculate/hls_component/calculate/hls/config.cmdline
V++ internal step status: success

------------------------------------------
VITIS-RUN command line :
------------------------------------------
D:/Xilinx/Vitis/2024.1/bin/unwrapped/win64.o/vitis-run.exe --mode hls --cosim --config C:\Users\liboh\Desktop\mvdr\hls\calculate\hls_component\hls_config.cfg --work_dir calculate 
  Options from -O    : 
  Options from *.ini : 
  Options from Hw Platform : 

==========================================
new:  steps log generated by v++ for new launch 
timestamp: 07 Nov 2024 20:13:50
------------------------------------------
VITIS-RUN internal step: writing a config file for vitis_hls: C:/Users/liboh/Desktop/mvdr/hls/calculate/hls_component/calculate/hls/config.cmdline
timestamp: 07 Nov 2024 20:13:50
VITIS-RUN internal step status: success
------------------------------------------
VITIS-RUN internal step: running vitis_hls
timestamp: 07 Nov 2024 20:13:50
working dir: C:/Users/liboh/Desktop/mvdr/hls/calculate/hls_component
cmd: vitis_hls -nolog -run cosim -work_dir C:/Users/liboh/Desktop/mvdr/hls/calculate/hls_component/calculate -config C:/Users/liboh/Desktop/mvdr/hls/calculate/hls_component/hls_config.cfg -cmdlineconfig C:/Users/liboh/Desktop/mvdr/hls/calculate/hls_component/calculate/hls/config.cmdline
VITIS-RUN internal step status: success

------------------------------------------
VITIS-RUN command line :
------------------------------------------
D:/Xilinx/Vitis/2024.1/bin/unwrapped/win64.o/vitis-run.exe --mode hls --package --config C:\Users\liboh\Desktop\mvdr\hls\calculate\hls_component\hls_config.cfg --work_dir calculate 
  Options from -O    : 
  Options from *.ini : 
  Options from Hw Platform : 

==========================================
new:  steps log generated by v++ for new launch 
timestamp: 07 Nov 2024 20:14:45
------------------------------------------
VITIS-RUN internal step: writing a config file for vitis_hls: C:/Users/liboh/Desktop/mvdr/hls/calculate/hls_component/calculate/hls/config.cmdline
timestamp: 07 Nov 2024 20:14:45
VITIS-RUN internal step status: success
------------------------------------------
VITIS-RUN internal step: running vitis_hls
timestamp: 07 Nov 2024 20:14:45
working dir: C:/Users/liboh/Desktop/mvdr/hls/calculate/hls_component
cmd: vitis_hls -nolog -run package -work_dir C:/Users/liboh/Desktop/mvdr/hls/calculate/hls_component/calculate -config C:/Users/liboh/Desktop/mvdr/hls/calculate/hls_component/hls_config.cfg -cmdlineconfig C:/Users/liboh/Desktop/mvdr/hls/calculate/hls_component/calculate/hls/config.cmdline
VITIS-RUN internal step status: success

------------------------------------------
VITIS-RUN command line :
------------------------------------------
D:/Xilinx/Vitis/2024.1/bin/unwrapped/win64.o/vitis-run.exe --mode hls --impl --config C:\Users\liboh\Desktop\mvdr\hls\calculate\hls_component\hls_config.cfg --work_dir calculate 
  Options from -O    : 
  Options from *.ini : 
  Options from Hw Platform : 

==========================================
new:  steps log generated by v++ for new launch 
timestamp: 07 Nov 2024 20:15:17
------------------------------------------
VITIS-RUN internal step: writing a config file for vitis_hls: C:/Users/liboh/Desktop/mvdr/hls/calculate/hls_component/calculate/hls/config.cmdline
timestamp: 07 Nov 2024 20:15:17
VITIS-RUN internal step status: success
------------------------------------------
VITIS-RUN internal step: running vitis_hls
timestamp: 07 Nov 2024 20:15:17
working dir: C:/Users/liboh/Desktop/mvdr/hls/calculate/hls_component
cmd: vitis_hls -nolog -run vivado -work_dir C:/Users/liboh/Desktop/mvdr/hls/calculate/hls_component/calculate -config C:/Users/liboh/Desktop/mvdr/hls/calculate/hls_component/hls_config.cfg -cmdlineconfig C:/Users/liboh/Desktop/mvdr/hls/calculate/hls_component/calculate/hls/config.cmdline
VITIS-RUN internal step status: success

------------------------------------------
VITIS-RUN command line :
------------------------------------------
D:/Xilinx/Vitis/2024.1/bin/unwrapped/win64.o/vitis-run.exe --mode hls --impl --config C:\Users\liboh\Desktop\mvdr\hls\calculate\hls_component\hls_config.cfg --work_dir calculate 
  Options from -O    : 
  Options from *.ini : 
  Options from Hw Platform : 

==========================================
new:  steps log generated by v++ for new launch 
timestamp: 25 Nov 2024 20:38:13
------------------------------------------
VITIS-RUN internal step: writing a config file for vitis_hls: C:/Users/liboh/Desktop/mvdr/hls/calculate/hls_component/calculate/hls/config.cmdline
timestamp: 25 Nov 2024 20:38:13
VITIS-RUN internal step status: success
------------------------------------------
VITIS-RUN internal step: running vitis_hls
timestamp: 25 Nov 2024 20:38:13
working dir: C:/Users/liboh/Desktop/mvdr/hls/calculate/hls_component
cmd: vitis_hls -nolog -run vivado -work_dir C:/Users/liboh/Desktop/mvdr/hls/calculate/hls_component/calculate -config C:/Users/liboh/Desktop/mvdr/hls/calculate/hls_component/hls_config.cfg -cmdlineconfig C:/Users/liboh/Desktop/mvdr/hls/calculate/hls_component/calculate/hls/config.cmdline

------------------------------------------
V++ command line :
------------------------------------------
D:/Xilinx/Vitis/2024.1/bin/unwrapped/win64.o/v++.exe -c --mode hls --config C:\Users\liboh\Desktop\mvdr\hls\calculate\hls_component\hls_config.cfg --work_dir calculate 
  Options from -O    : 
  Options from *.ini : 
  Options from Hw Platform : 

==========================================
new:  steps log generated by v++ for new launch 
timestamp: 25 Nov 2024 20:38:19
------------------------------------------
V++ internal step: writing a config file for vitis_hls: C:/Users/liboh/Desktop/mvdr/hls/calculate/hls_component/calculate/hls/config.cmdline
timestamp: 25 Nov 2024 20:38:19
V++ internal step status: success
------------------------------------------
V++ internal step: running vitis_hls
timestamp: 25 Nov 2024 20:38:19
working dir: C:/Users/liboh/Desktop/mvdr/hls/calculate/hls_component
cmd: vitis_hls -nolog -run csynth -work_dir C:/Users/liboh/Desktop/mvdr/hls/calculate/hls_component/calculate -config C:/Users/liboh/Desktop/mvdr/hls/calculate/hls_component/hls_config.cfg -cmdlineconfig C:/Users/liboh/Desktop/mvdr/hls/calculate/hls_component/calculate/hls/config.cmdline

------------------------------------------
V++ command line :
------------------------------------------
D:/Xilinx/Vitis/2024.1/bin/unwrapped/win64.o/v++.exe -c --mode hls --config C:\Users\liboh\Desktop\mvdr\hls\calculate\hls_component\hls_config.cfg --work_dir calculate 
  Options from -O    : 
  Options from *.ini : 
  Options from Hw Platform : 

==========================================
new:  steps log generated by v++ for new launch 
timestamp: 25 Nov 2024 20:38:44
------------------------------------------
V++ internal step: writing a config file for vitis_hls: C:/Users/liboh/Desktop/mvdr/hls/calculate/hls_component/calculate/hls/config.cmdline
timestamp: 25 Nov 2024 20:38:44
V++ internal step status: success
------------------------------------------
V++ internal step: running vitis_hls
timestamp: 25 Nov 2024 20:38:44
working dir: C:/Users/liboh/Desktop/mvdr/hls/calculate/hls_component
cmd: vitis_hls -nolog -run csynth -work_dir C:/Users/liboh/Desktop/mvdr/hls/calculate/hls_component/calculate -config C:/Users/liboh/Desktop/mvdr/hls/calculate/hls_component/hls_config.cfg -cmdlineconfig C:/Users/liboh/Desktop/mvdr/hls/calculate/hls_component/calculate/hls/config.cmdline
V++ internal step status: success

------------------------------------------
VITIS-RUN command line :
------------------------------------------
D:/Xilinx/Vitis/2024.1/bin/unwrapped/win64.o/vitis-run.exe --mode hls --package --config C:\Users\liboh\Desktop\mvdr\hls\calculate\hls_component\hls_config.cfg --work_dir calculate 
  Options from -O    : 
  Options from *.ini : 
  Options from Hw Platform : 

==========================================
new:  steps log generated by v++ for new launch 
timestamp: 25 Nov 2024 20:39:54
------------------------------------------
VITIS-RUN internal step: writing a config file for vitis_hls: C:/Users/liboh/Desktop/mvdr/hls/calculate/hls_component/calculate/hls/config.cmdline
timestamp: 25 Nov 2024 20:39:54
VITIS-RUN internal step status: success
------------------------------------------
VITIS-RUN internal step: running vitis_hls
timestamp: 25 Nov 2024 20:39:54
working dir: C:/Users/liboh/Desktop/mvdr/hls/calculate/hls_component
cmd: vitis_hls -nolog -run package -work_dir C:/Users/liboh/Desktop/mvdr/hls/calculate/hls_component/calculate -config C:/Users/liboh/Desktop/mvdr/hls/calculate/hls_component/hls_config.cfg -cmdlineconfig C:/Users/liboh/Desktop/mvdr/hls/calculate/hls_component/calculate/hls/config.cmdline
VITIS-RUN internal step status: success

------------------------------------------
VITIS-RUN command line :
------------------------------------------
D:/Xilinx/Vitis/2024.1/bin/unwrapped/win64.o/vitis-run.exe --mode hls --impl --config C:\Users\liboh\Desktop\mvdr\hls\calculate\hls_component\hls_config.cfg --work_dir calculate 
  Options from -O    : 
  Options from *.ini : 
  Options from Hw Platform : 

==========================================
new:  steps log generated by v++ for new launch 
timestamp: 25 Nov 2024 20:40:28
------------------------------------------
VITIS-RUN internal step: writing a config file for vitis_hls: C:/Users/liboh/Desktop/mvdr/hls/calculate/hls_component/calculate/hls/config.cmdline
timestamp: 25 Nov 2024 20:40:28
VITIS-RUN internal step status: success
------------------------------------------
VITIS-RUN internal step: running vitis_hls
timestamp: 25 Nov 2024 20:40:28
working dir: C:/Users/liboh/Desktop/mvdr/hls/calculate/hls_component
cmd: vitis_hls -nolog -run vivado -work_dir C:/Users/liboh/Desktop/mvdr/hls/calculate/hls_component/calculate -config C:/Users/liboh/Desktop/mvdr/hls/calculate/hls_component/hls_config.cfg -cmdlineconfig C:/Users/liboh/Desktop/mvdr/hls/calculate/hls_component/calculate/hls/config.cmdline
VITIS-RUN internal step status: success
