INFO: [v++ 60-1548] Creating build summary session with primary output C:/Users/liboh/Desktop/mvdr0/hls/inter/hls_component/hls_component\hls_component.hlscompile_summary, at 11/10/24 13:37:50
INFO: [v++ 82-31] Launching vitis_hls: vitis_hls -nolog -run csynth -work_dir C:/Users/liboh/Desktop/mvdr0/hls/inter/hls_component/hls_component -config C:/Users/liboh/Desktop/mvdr0/hls/inter/hls_component/hls_config.cfg -cmdlineconfig C:/Users/liboh/Desktop/mvdr0/hls/inter/hls_component/hls_component/hls/config.cmdline

****** Vitis HLS - High-Level Synthesis from C, C++ and OpenCL v2024.1 (64-bit)
  **** SW Build 5069499 on May 21 2024
  **** IP Build 5075265 on Wed May 22 21:45:21 MDT 2024
  **** SharedData Build 5076995 on Wed May 22 18:29:18 MDT 2024
  **** Start of session at: Sun Nov 10 13:37:52 2024
    ** Copyright 1986-2022 Xilinx, Inc. All Rights Reserved.
    ** Copyright 2022-2024 Advanced Micro Devices, Inc. All Rights Reserved.

source D:/Xilinx/Vitis_HLS/2024.1/scripts/vitis_hls/hls.tcl -notrace
INFO: [HLS 200-10] For user 'ban' on host 'ban' (Windows NT_amd64 version 10.0) on Sun Nov 10 13:37:52 +0800 2024
INFO: [HLS 200-10] In directory 'C:/Users/liboh/Desktop/mvdr0/hls/inter/hls_component'
INFO: [HLS 200-2005] Using work_dir C:/Users/liboh/Desktop/mvdr0/hls/inter/hls_component/hls_component 
INFO: [HLS 200-1505] Using default flow_target 'vivado'
Resolution: For help on HLS 200-1505 see docs.xilinx.com/access/sources/dita/topic?Doc_Version=2024.1%20English&url=ug1448-hls-guidance&resourceid=200-1505.html
INFO: [HLS 200-1465] Applying ini 'syn.file=C:/Users/liboh/Desktop/mvdr0/hls/inter/src/inter.cpp' from C:/Users/liboh/Desktop/mvdr0/hls/inter/hls_component/hls_config.cfg(9)
INFO: [HLS 200-10] Adding design file 'C:/Users/liboh/Desktop/mvdr0/hls/inter/src/inter.cpp' to the project
INFO: [HLS 200-1465] Applying ini 'tb.file=C:/Users/liboh/Desktop/mvdr0/hls/inter/src/tb_inter.cpp' from C:/Users/liboh/Desktop/mvdr0/hls/inter/hls_component/hls_config.cfg(7)
INFO: [HLS 200-10] Adding test bench file 'C:/Users/liboh/Desktop/mvdr0/hls/inter/src/tb_inter.cpp' to the project
INFO: [HLS 200-1465] Applying ini 'syn.top=inter' from C:/Users/liboh/Desktop/mvdr0/hls/inter/hls_component/hls_config.cfg(10)
INFO: [HLS 200-1465] Applying ini 'flow_target=vivado' from C:/Users/liboh/Desktop/mvdr0/hls/inter/hls_component/hls_config.cfg(4)
INFO: [HLS 200-1505] Using flow_target 'vivado'
Resolution: For help on HLS 200-1505 see docs.xilinx.com/access/sources/dita/topic?Doc_Version=2024.1%20English&url=ug1448-hls-guidance&resourceid=200-1505.html
INFO: [HLS 200-1465] Applying ini 'part=xc7z020clg400-2' from C:/Users/liboh/Desktop/mvdr0/hls/inter/hls_component/hls_config.cfg(1)
INFO: [HLS 200-1611] Setting target device to 'xc7z020-clg400-2'
INFO: [HLS 200-1465] Applying ini 'clock=185MHz' from C:/Users/liboh/Desktop/mvdr0/hls/inter/hls_component/hls_config.cfg(8)
INFO: [SYN 201-201] Setting up clock 'default' with a period of 5.405ns.
INFO: [HLS 200-1465] Applying ini 'cosim.trace_level=all' from C:/Users/liboh/Desktop/mvdr0/hls/inter/hls_component/hls_config.cfg(11)
INFO: [HLS 200-1465] Applying ini 'cosim.wave_debug=1' from C:/Users/liboh/Desktop/mvdr0/hls/inter/hls_component/hls_config.cfg(12)
INFO: [HLS 200-1465] Applying ini 'package.output.format=ip_catalog' from C:/Users/liboh/Desktop/mvdr0/hls/inter/hls_component/hls_config.cfg(5)
INFO: [HLS 200-111] Finished File checks and directory preparation: CPU user time: 2 seconds. CPU system time: 1 seconds. Elapsed time: 2.489 seconds; current allocated memory: 246.090 MB.
INFO: [HLS 200-10] Analyzing design file '../src/inter.cpp' ... 
INFO: [HLS 200-111] Finished Source Code Analysis and Preprocessing: CPU user time: 0 seconds. CPU system time: 0 seconds. Elapsed time: 17.885 seconds; current allocated memory: 252.973 MB.
INFO: [HLS 200-777] Using interface defaults for 'Vivado' flow target.
INFO: [HLS 200-1995] There were 625 instructions in the design after the 'Compile/Link' phase of compilation. See the Design Size Report for more details: C:/Users/liboh/Desktop/mvdr0/hls/inter/hls_component/hls_component/hls/syn/report/csynth_design_size.rpt
INFO: [HLS 200-1995] There were 34 instructions in the design after the 'Unroll/Inline (step 1)' phase of compilation. See the Design Size Report for more details: C:/Users/liboh/Desktop/mvdr0/hls/inter/hls_component/hls_component/hls/syn/report/csynth_design_size.rpt
INFO: [HLS 200-1995] There were 34 instructions in the design after the 'Unroll/Inline (step 2)' phase of compilation. See the Design Size Report for more details: C:/Users/liboh/Desktop/mvdr0/hls/inter/hls_component/hls_component/hls/syn/report/csynth_design_size.rpt
INFO: [HLS 200-1995] There were 34 instructions in the design after the 'Unroll/Inline (step 3)' phase of compilation. See the Design Size Report for more details: C:/Users/liboh/Desktop/mvdr0/hls/inter/hls_component/hls_component/hls/syn/report/csynth_design_size.rpt
INFO: [HLS 200-1995] There were 30 instructions in the design after the 'Unroll/Inline (step 4)' phase of compilation. See the Design Size Report for more details: C:/Users/liboh/Desktop/mvdr0/hls/inter/hls_component/hls_component/hls/syn/report/csynth_design_size.rpt
INFO: [HLS 200-1995] There were 30 instructions in the design after the 'Array/Struct (step 1)' phase of compilation. See the Design Size Report for more details: C:/Users/liboh/Desktop/mvdr0/hls/inter/hls_component/hls_component/hls/syn/report/csynth_design_size.rpt
INFO: [HLS 200-1995] There were 30 instructions in the design after the 'Array/Struct (step 2)' phase of compilation. See the Design Size Report for more details: C:/Users/liboh/Desktop/mvdr0/hls/inter/hls_component/hls_component/hls/syn/report/csynth_design_size.rpt
INFO: [HLS 200-1995] There were 30 instructions in the design after the 'Array/Struct (step 3)' phase of compilation. See the Design Size Report for more details: C:/Users/liboh/Desktop/mvdr0/hls/inter/hls_component/hls_component/hls/syn/report/csynth_design_size.rpt
INFO: [HLS 200-1995] There were 30 instructions in the design after the 'Array/Struct (step 4)' phase of compilation. See the Design Size Report for more details: C:/Users/liboh/Desktop/mvdr0/hls/inter/hls_component/hls_component/hls/syn/report/csynth_design_size.rpt
INFO: [HLS 200-1995] There were 30 instructions in the design after the 'Array/Struct (step 5)' phase of compilation. See the Design Size Report for more details: C:/Users/liboh/Desktop/mvdr0/hls/inter/hls_component/hls_component/hls/syn/report/csynth_design_size.rpt
INFO: [HLS 200-1995] There were 30 instructions in the design after the 'Performance (step 1)' phase of compilation. See the Design Size Report for more details: C:/Users/liboh/Desktop/mvdr0/hls/inter/hls_component/hls_component/hls/syn/report/csynth_design_size.rpt
INFO: [HLS 200-1995] There were 30 instructions in the design after the 'Performance (step 2)' phase of compilation. See the Design Size Report for more details: C:/Users/liboh/Desktop/mvdr0/hls/inter/hls_component/hls_component/hls/syn/report/csynth_design_size.rpt
INFO: [HLS 200-1995] There were 30 instructions in the design after the 'Performance (step 3)' phase of compilation. See the Design Size Report for more details: C:/Users/liboh/Desktop/mvdr0/hls/inter/hls_component/hls_component/hls/syn/report/csynth_design_size.rpt
INFO: [HLS 200-1995] There were 30 instructions in the design after the 'Performance (step 4)' phase of compilation. See the Design Size Report for more details: C:/Users/liboh/Desktop/mvdr0/hls/inter/hls_component/hls_component/hls/syn/report/csynth_design_size.rpt
INFO: [HLS 200-1995] There were 36 instructions in the design after the 'HW Transforms (step 1)' phase of compilation. See the Design Size Report for more details: C:/Users/liboh/Desktop/mvdr0/hls/inter/hls_component/hls_component/hls/syn/report/csynth_design_size.rpt
INFO: [HLS 200-1995] There were 34 instructions in the design after the 'HW Transforms (step 2)' phase of compilation. See the Design Size Report for more details: C:/Users/liboh/Desktop/mvdr0/hls/inter/hls_component/hls_component/hls/syn/report/csynth_design_size.rpt
INFO: [HLS 200-111] Finished Compiling Optimization and Transform: CPU user time: 0 seconds. CPU system time: 0 seconds. Elapsed time: 9.252 seconds; current allocated memory: 254.133 MB.
INFO: [HLS 200-111] Finished Checking Pragmas: CPU user time: 0 seconds. CPU system time: 0 seconds. Elapsed time: 0.003 seconds; current allocated memory: 254.137 MB.
INFO: [HLS 200-10] Starting code transformations ...
INFO: [HLS 200-111] Finished Standard Transforms: CPU user time: 0 seconds. CPU system time: 0 seconds. Elapsed time: 0.161 seconds; current allocated memory: 257.871 MB.
INFO: [HLS 200-10] Checking synthesizability ...
INFO: [HLS 200-111] Finished Checking Synthesizability: CPU user time: 0 seconds. CPU system time: 0 seconds. Elapsed time: 0.026 seconds; current allocated memory: 259.238 MB.
INFO: [HLS 200-111] Finished Loop, function and other optimizations: CPU user time: 0 seconds. CPU system time: 0 seconds. Elapsed time: 0.046 seconds; current allocated memory: 279.664 MB.
INFO: [HLS 200-111] Finished Architecture Synthesis: CPU user time: 1 seconds. CPU system time: 0 seconds. Elapsed time: 0.048 seconds; current allocated memory: 279.680 MB.
INFO: [HLS 200-10] Starting hardware synthesis ...
INFO: [HLS 200-10] Synthesizing 'inter' ...
INFO: [HLS 200-10] ----------------------------------------------------------------
INFO: [HLS 200-42] -- Implementing module 'inter' 
INFO: [HLS 200-10] ----------------------------------------------------------------
INFO: [SCHED 204-11] Starting scheduling ...
INFO: [HLS 200-486] Changing DSP latency (root=tmp) to 3 in order to utilize available DSP registers.
INFO: [SCHED 204-61] Pipelining function 'inter'.
INFO: [HLS 200-1470] Pipelining result : Target II = NA, Final II = 1, Depth = 7, function 'inter'
INFO: [SCHED 204-11] Finished scheduling.
INFO: [HLS 200-111] Finished Scheduling: CPU user time: 0 seconds. CPU system time: 0 seconds. Elapsed time: 0.139 seconds; current allocated memory: 279.680 MB.
INFO: [BIND 205-100] Starting micro-architecture generation ...
INFO: [BIND 205-101] Performing variable lifetime analysis.
INFO: [BIND 205-101] Exploring resource sharing.
INFO: [BIND 205-101] Binding ...
INFO: [BIND 205-100] Finished micro-architecture generation.
INFO: [HLS 200-111] Finished Binding: CPU user time: 0 seconds. CPU system time: 0 seconds. Elapsed time: 0.044 seconds; current allocated memory: 279.680 MB.
INFO: [HLS 200-10] ----------------------------------------------------------------
INFO: [HLS 200-10] -- Generating RTL for module 'inter' 
INFO: [HLS 200-10] ----------------------------------------------------------------
INFO: [RTGEN 206-500] Setting interface mode on port 'inter/data_left' to 'ap_none'.
INFO: [RTGEN 206-500] Setting interface mode on port 'inter/rate_left' to 'ap_none'.
INFO: [RTGEN 206-500] Setting interface mode on port 'inter/data_right' to 'ap_none'.
INFO: [RTGEN 206-500] Setting interface mode on port 'inter/rate_right' to 'ap_none'.
INFO: [RTGEN 206-500] Setting interface mode on function 'inter' to 'ap_ctrl_none'.
INFO: [RTGEN 206-100] Generating core module 'mac_muladd_24ns_5ns_29ns_29_4_1': 1 instance(s).
INFO: [RTGEN 206-100] Generating core module 'mul_24ns_6ns_29_4_1': 1 instance(s).
INFO: [RTGEN 206-100] Finished creating RTL model for 'inter'.
INFO: [HLS 200-111] Finished Creating RTL model: CPU user time: 0 seconds. CPU system time: 0 seconds. Elapsed time: 0.078 seconds; current allocated memory: 280.762 MB.
INFO: [HLS 200-111] Finished Generating all RTL models: CPU user time: 0 seconds. CPU system time: 0 seconds. Elapsed time: 0.245 seconds; current allocated memory: 283.531 MB.
INFO: [HLS 200-111] Finished Updating report files: CPU user time: 0 seconds. CPU system time: 0 seconds. Elapsed time: 0.466 seconds; current allocated memory: 285.230 MB.
INFO: [VHDL 208-304] Generating VHDL RTL for inter.
INFO: [VLOG 209-307] Generating Verilog RTL for inter.
INFO: [HLS 200-789] **** Estimated Fmax: 299.76 MHz
INFO: [HLS 200-112] Total CPU user time: 3 seconds. Total CPU system time: 1 seconds. Total elapsed time: 30.906 seconds; peak allocated memory: 285.547 MB.
INFO: [v++ 60-791] Total elapsed time: 0h 0m 35s
