Copyright 1986-2022 Xilinx, Inc. All Rights Reserved. Copyright 2022-2024 Advanced Micro Devices, Inc. All Rights Reserved.
---------------------------------------------------------------------------------------------------------------------------------------------
| Tool Version : Vivado v.2024.1 (win64) Build 5076996 Wed May 22 18:37:14 MDT 2024
| Date         : Mon Nov 25 19:27:45 2024
| Host         : ban running 64-bit major release  (build 9200)
| Command      : report_timing_summary -file ./report/vram_add_timing_routed.rpt
| Design       : bd_0_wrapper
| Device       : 7z020-clg400
| Speed File   : -2  PRODUCTION 1.12 2019-11-22
| Design State : Routed
---------------------------------------------------------------------------------------------------------------------------------------------

Timing Summary Report

------------------------------------------------------------------------------------------------
| Timer Settings
| --------------
------------------------------------------------------------------------------------------------

  Enable Multi Corner Analysis               :  Yes
  Enable Pessimism Removal                   :  Yes
  Pessimism Removal Resolution               :  Nearest Common Node
  Enable Input Delay Default Clock           :  No
  Enable Preset / Clear Arcs                 :  No
  Disable Flight Delays                      :  No
  Ignore I/O Paths                           :  No
  Timing Early Launch at Borrowing Latches   :  No
  Borrow Time for Max Delay Exceptions       :  Yes
  Merge Timing Exceptions                    :  Yes
  Inter-SLR Compensation                     :  Conservative

  Corner  Analyze    Analyze    
  Name    Max Paths  Min Paths  
  ------  ---------  ---------  
  Slow    Yes        Yes        
  Fast    Yes        Yes        


------------------------------------------------------------------------------------------------
| Report Methodology
| ------------------
------------------------------------------------------------------------------------------------

Rule       Severity  Description                    Violations  
---------  --------  -----------------------------  ----------  
TIMING-18  Warning   Missing input or output delay  183         

Note: This report is based on the most recent report_methodology run and may not be up-to-date. Run report_methodology on the current design for the latest report.



check_timing report

Table of Contents
-----------------
1. checking no_clock (0)
2. checking constant_clock (0)
3. checking pulse_width_clock (0)
4. checking unconstrained_internal_endpoints (0)
5. checking no_input_delay (119)
6. checking no_output_delay (64)
7. checking multiple_clock (0)
8. checking generated_clocks (0)
9. checking loops (0)
10. checking partial_input_delay (0)
11. checking partial_output_delay (0)
12. checking latch_loops (0)

1. checking no_clock (0)
------------------------
 There are 0 register/latch pins with no clock.


2. checking constant_clock (0)
------------------------------
 There are 0 register/latch pins with constant_clock.


3. checking pulse_width_clock (0)
---------------------------------
 There are 0 register/latch pins which need pulse_width check


4. checking unconstrained_internal_endpoints (0)
------------------------------------------------
 There are 0 pins that are not constrained for maximum delay.

 There are 0 pins that are not constrained for maximum delay due to constant clock.


5. checking no_input_delay (119)
--------------------------------
 There are 119 input ports with no input delay specified. (HIGH)

 There are 0 input ports with no input delay but user has a false path constraint.


6. checking no_output_delay (64)
--------------------------------
 There are 64 ports with no output delay specified. (HIGH)

 There are 0 ports with no output delay but user has a false path constraint

 There are 0 ports with no output delay but with a timing clock defined on it or propagating through it


7. checking multiple_clock (0)
------------------------------
 There are 0 register/latch pins with multiple clocks.


8. checking generated_clocks (0)
--------------------------------
 There are 0 generated clocks that are not connected to a clock source.


9. checking loops (0)
---------------------
 There are 0 combinational loops in the design.


10. checking partial_input_delay (0)
------------------------------------
 There are 0 input ports with partial input delay specified.


11. checking partial_output_delay (0)
-------------------------------------
 There are 0 ports with partial output delay specified.


12. checking latch_loops (0)
----------------------------
 There are 0 combinational latch loops in the design through latch input



------------------------------------------------------------------------------------------------
| Design Timing Summary
| ---------------------
------------------------------------------------------------------------------------------------

    WNS(ns)      TNS(ns)  TNS Failing Endpoints  TNS Total Endpoints      WHS(ns)      THS(ns)  THS Failing Endpoints  THS Total Endpoints     WPWS(ns)     TPWS(ns)  TPWS Failing Endpoints  TPWS Total Endpoints  
    -------      -------  ---------------------  -------------------      -------      -------  ---------------------  -------------------     --------     --------  ----------------------  --------------------  
      0.619        0.000                      0                   77        0.157        0.000                      0                   77        0.889        0.000                       0                   176  


All user specified timing constraints are met.


------------------------------------------------------------------------------------------------
| Clock Summary
| -------------
------------------------------------------------------------------------------------------------

Clock   Waveform(ns)         Period(ns)      Frequency(MHz)
-----   ------------         ----------      --------------
ap_clk  {0.000 1.389}        2.778           359.971         


------------------------------------------------------------------------------------------------
| Intra Clock Table
| -----------------
------------------------------------------------------------------------------------------------

Clock             WNS(ns)      TNS(ns)  TNS Failing Endpoints  TNS Total Endpoints      WHS(ns)      THS(ns)  THS Failing Endpoints  THS Total Endpoints     WPWS(ns)     TPWS(ns)  TPWS Failing Endpoints  TPWS Total Endpoints  
-----             -------      -------  ---------------------  -------------------      -------      -------  ---------------------  -------------------     --------     --------  ----------------------  --------------------  
ap_clk              0.619        0.000                      0                   77        0.157        0.000                      0                   77        0.889        0.000                       0                   176  


------------------------------------------------------------------------------------------------
| Inter Clock Table
| -----------------
------------------------------------------------------------------------------------------------

From Clock    To Clock          WNS(ns)      TNS(ns)  TNS Failing Endpoints  TNS Total Endpoints      WHS(ns)      THS(ns)  THS Failing Endpoints  THS Total Endpoints  
----------    --------          -------      -------  ---------------------  -------------------      -------      -------  ---------------------  -------------------  


------------------------------------------------------------------------------------------------
| Other Path Groups Table
| -----------------------
------------------------------------------------------------------------------------------------

Path Group    From Clock    To Clock          WNS(ns)      TNS(ns)  TNS Failing Endpoints  TNS Total Endpoints      WHS(ns)      THS(ns)  THS Failing Endpoints  THS Total Endpoints  
----------    ----------    --------          -------      -------  ---------------------  -------------------      -------      -------  ---------------------  -------------------  


------------------------------------------------------------------------------------------------
| Timing Details
| --------------
------------------------------------------------------------------------------------------------


---------------------------------------------------------------------------------------------------
From Clock:  ap_clk
  To Clock:  ap_clk

Setup :            0  Failing Endpoints,  Worst Slack        0.619ns,  Total Violation        0.000ns
Hold  :            0  Failing Endpoints,  Worst Slack        0.157ns,  Total Violation        0.000ns
PW    :            0  Failing Endpoints,  Worst Slack        0.889ns,  Total Violation        0.000ns
---------------------------------------------------------------------------------------------------


Max Delay Paths
--------------------------------------------------------------------------------------
Slack (MET) :             0.619ns  (required time - arrival time)
  Source:                 bd_0_i/hls_inst/inst/add_64s_64ns_64_3_1_U1/ain_s1_reg[4]/C
                            (rising edge-triggered cell FDRE clocked by ap_clk  {rise@0.000ns fall@1.389ns period=2.778ns})
  Destination:            bd_0_i/hls_inst/inst/add_64s_64ns_64_3_1_U1/sum_s2_reg[42]/D
                            (rising edge-triggered cell FDRE clocked by ap_clk  {rise@0.000ns fall@1.389ns period=2.778ns})
  Path Group:             ap_clk
  Path Type:              Setup (Max at Slow Process Corner)
  Requirement:            2.778ns  (ap_clk rise@2.778ns - ap_clk rise@0.000ns)
  Data Path Delay:        2.144ns  (logic 1.586ns (73.990%)  route 0.558ns (26.010%))
  Logic Levels:           6  (CARRY4=5 LUT2=1)
  Clock Path Skew:        -0.039ns (DCD - SCD + CPR)
    Destination Clock Delay (DCD):    0.748ns = ( 3.526 - 2.778 ) 
    Source Clock Delay      (SCD):    0.787ns
    Clock Pessimism Removal (CPR):    0.000ns
  Clock Uncertainty:      0.035ns  ((TSJ^2 + TIJ^2)^1/2 + DJ) / 2 + PE
    Total System Jitter     (TSJ):    0.071ns
    Total Input Jitter      (TIJ):    0.000ns
    Discrete Jitter          (DJ):    0.000ns
    Phase Error              (PE):    0.000ns

    Location             Delay type                Incr(ns)  Path(ns)    Netlist Resource(s)
  -------------------------------------------------------------------    -------------------
                         (clock ap_clk rise edge)     0.000     0.000 r  
                                                      0.000     0.000 r  ap_clk (IN)
                         net (fo=175, unset)          0.787     0.787    bd_0_i/hls_inst/inst/add_64s_64ns_64_3_1_U1/ap_clk
    SLICE_X57Y71         FDRE                                         r  bd_0_i/hls_inst/inst/add_64s_64ns_64_3_1_U1/ain_s1_reg[4]/C
  -------------------------------------------------------------------    -------------------
    SLICE_X57Y71         FDRE (Prop_fdre_C_Q)         0.348     1.135 r  bd_0_i/hls_inst/inst/add_64s_64ns_64_3_1_U1/ain_s1_reg[4]/Q
                         net (fo=2, routed)           0.549     1.684    bd_0_i/hls_inst/inst/add_64s_64ns_64_3_1_U1/u2/carry_s2_reg[4]
    SLICE_X57Y71         LUT2 (Prop_lut2_I0_O)        0.239     1.923 r  bd_0_i/hls_inst/inst/add_64s_64ns_64_3_1_U1/u2/sum_s2[28]_i_5/O
                         net (fo=1, routed)           0.000     1.923    bd_0_i/hls_inst/inst/add_64s_64ns_64_3_1_U1/u2/sum_s2[28]_i_5_n_0
    SLICE_X57Y71         CARRY4 (Prop_carry4_S[0]_CO[3])
                                                      0.440     2.363 r  bd_0_i/hls_inst/inst/add_64s_64ns_64_3_1_U1/u2/sum_s2_reg[28]_i_1/CO[3]
                         net (fo=1, routed)           0.000     2.363    bd_0_i/hls_inst/inst/add_64s_64ns_64_3_1_U1/u2/sum_s2_reg[28]_i_1_n_0
    SLICE_X57Y72         CARRY4 (Prop_carry4_CI_CO[3])
                                                      0.098     2.461 r  bd_0_i/hls_inst/inst/add_64s_64ns_64_3_1_U1/u2/sum_s2_reg[32]_i_1/CO[3]
                         net (fo=1, routed)           0.000     2.461    bd_0_i/hls_inst/inst/add_64s_64ns_64_3_1_U1/u2/sum_s2_reg[32]_i_1_n_0
    SLICE_X57Y73         CARRY4 (Prop_carry4_CI_CO[3])
                                                      0.098     2.559 r  bd_0_i/hls_inst/inst/add_64s_64ns_64_3_1_U1/u2/sum_s2_reg[36]_i_1/CO[3]
                         net (fo=1, routed)           0.000     2.559    bd_0_i/hls_inst/inst/add_64s_64ns_64_3_1_U1/u2/sum_s2_reg[36]_i_1_n_0
    SLICE_X57Y74         CARRY4 (Prop_carry4_CI_CO[3])
                                                      0.098     2.657 r  bd_0_i/hls_inst/inst/add_64s_64ns_64_3_1_U1/u2/sum_s2_reg[40]_i_1/CO[3]
                         net (fo=1, routed)           0.008     2.666    bd_0_i/hls_inst/inst/add_64s_64ns_64_3_1_U1/u2/sum_s2_reg[40]_i_1_n_0
    SLICE_X57Y75         CARRY4 (Prop_carry4_CI_O[1])
                                                      0.265     2.931 r  bd_0_i/hls_inst/inst/add_64s_64ns_64_3_1_U1/u2/sum_s2_reg[42]_i_1/O[1]
                         net (fo=1, routed)           0.000     2.931    bd_0_i/hls_inst/inst/add_64s_64ns_64_3_1_U1/u2_n_1
    SLICE_X57Y75         FDRE                                         r  bd_0_i/hls_inst/inst/add_64s_64ns_64_3_1_U1/sum_s2_reg[42]/D
  -------------------------------------------------------------------    -------------------

                         (clock ap_clk rise edge)     2.778     2.778 r  
                                                      0.000     2.778 r  ap_clk (IN)
                         net (fo=175, unset)          0.748     3.526    bd_0_i/hls_inst/inst/add_64s_64ns_64_3_1_U1/ap_clk
    SLICE_X57Y75         FDRE                                         r  bd_0_i/hls_inst/inst/add_64s_64ns_64_3_1_U1/sum_s2_reg[42]/C
                         clock pessimism              0.000     3.526    
                         clock uncertainty           -0.035     3.490    
    SLICE_X57Y75         FDRE (Setup_fdre_C_D)        0.059     3.549    bd_0_i/hls_inst/inst/add_64s_64ns_64_3_1_U1/sum_s2_reg[42]
  -------------------------------------------------------------------
                         required time                          3.549    
                         arrival time                          -2.931    
  -------------------------------------------------------------------
                         slack                                  0.619    





Min Delay Paths
--------------------------------------------------------------------------------------
Slack (MET) :             0.157ns  (arrival time - required time)
  Source:                 bd_0_i/hls_inst/inst/add_64s_64ns_64_3_1_U1/ain_s1_reg[29]/C
                            (rising edge-triggered cell FDRE clocked by ap_clk  {rise@0.000ns fall@1.389ns period=2.778ns})
  Destination:            bd_0_i/hls_inst/inst/add_64s_64ns_64_3_1_U1/ain_s2_reg[7]/D
                            (rising edge-triggered cell FDRE clocked by ap_clk  {rise@0.000ns fall@1.389ns period=2.778ns})
  Path Group:             ap_clk
  Path Type:              Hold (Min at Fast Process Corner)
  Requirement:            0.000ns  (ap_clk rise@0.000ns - ap_clk rise@0.000ns)
  Data Path Delay:        0.249ns  (logic 0.141ns (56.528%)  route 0.108ns (43.472%))
  Logic Levels:           0  
  Clock Path Skew:        0.021ns (DCD - SCD - CPR)
    Destination Clock Delay (DCD):    0.411ns
    Source Clock Delay      (SCD):    0.390ns
    Clock Pessimism Removal (CPR):    -0.000ns

    Location             Delay type                Incr(ns)  Path(ns)    Netlist Resource(s)
  -------------------------------------------------------------------    -------------------
                         (clock ap_clk rise edge)     0.000     0.000 r  
                                                      0.000     0.000 r  ap_clk (IN)
                         net (fo=175, unset)          0.390     0.390    bd_0_i/hls_inst/inst/add_64s_64ns_64_3_1_U1/ap_clk
    SLICE_X59Y76         FDRE                                         r  bd_0_i/hls_inst/inst/add_64s_64ns_64_3_1_U1/ain_s1_reg[29]/C
  -------------------------------------------------------------------    -------------------
    SLICE_X59Y76         FDRE (Prop_fdre_C_Q)         0.141     0.531 r  bd_0_i/hls_inst/inst/add_64s_64ns_64_3_1_U1/ain_s1_reg[29]/Q
                         net (fo=1, routed)           0.108     0.640    bd_0_i/hls_inst/inst/add_64s_64ns_64_3_1_U1/p_0_in[7]
    SLICE_X59Y76         FDRE                                         r  bd_0_i/hls_inst/inst/add_64s_64ns_64_3_1_U1/ain_s2_reg[7]/D
  -------------------------------------------------------------------    -------------------

                         (clock ap_clk rise edge)     0.000     0.000 r  
                                                      0.000     0.000 r  ap_clk (IN)
                         net (fo=175, unset)          0.411     0.411    bd_0_i/hls_inst/inst/add_64s_64ns_64_3_1_U1/ap_clk
    SLICE_X59Y76         FDRE                                         r  bd_0_i/hls_inst/inst/add_64s_64ns_64_3_1_U1/ain_s2_reg[7]/C
                         clock pessimism              0.000     0.411    
    SLICE_X59Y76         FDRE (Hold_fdre_C_D)         0.072     0.483    bd_0_i/hls_inst/inst/add_64s_64ns_64_3_1_U1/ain_s2_reg[7]
  -------------------------------------------------------------------
                         required time                         -0.483    
                         arrival time                           0.640    
  -------------------------------------------------------------------
                         slack                                  0.157    





Pulse Width Checks
--------------------------------------------------------------------------------------
Clock Name:         ap_clk
Waveform(ns):       { 0.000 1.389 }
Period(ns):         2.778
Sources:            { ap_clk }

Check Type        Corner  Lib Pin  Reference Pin  Required(ns)  Actual(ns)  Slack(ns)  Location      Pin
Min Period        n/a     FDRE/C   n/a            1.000         2.778       1.778      SLICE_X56Y70  bd_0_i/hls_inst/inst/add_64s_64ns_64_3_1_U1/ain_s1_reg[0]/C
Low Pulse Width   Slow    FDRE/C   n/a            0.500         1.389       0.889      SLICE_X56Y70  bd_0_i/hls_inst/inst/add_64s_64ns_64_3_1_U1/ain_s1_reg[0]/C
High Pulse Width  Slow    FDRE/C   n/a            0.500         1.389       0.889      SLICE_X56Y70  bd_0_i/hls_inst/inst/add_64s_64ns_64_3_1_U1/ain_s1_reg[0]/C



