#-----------------------------------------------------------
# Vivado v2024.1 (64-bit)
# SW Build 5076996 on Wed May 22 18:37:14 MDT 2024
# IP Build 5075265 on Wed May 22 21:45:21 MDT 2024
# SharedData Build 5076995 on Wed May 22 18:29:18 MDT 2024
# Start of session at: Mon Nov 25 20:40:34 2024
# Process ID: 6980
# Current directory: C:/Users/liboh/Desktop/mvdr/hls/calculate/hls_component/calculate/hls/impl/ip
# Command line: vivado.exe -notrace -mode batch -source run_ippack.tcl
# Log file: C:/Users/liboh/Desktop/mvdr/hls/calculate/hls_component/calculate/hls/impl/ip/vivado.log
# Journal file: C:/Users/liboh/Desktop/mvdr/hls/calculate/hls_component/calculate/hls/impl/ip\vivado.jou
# Running On        :ban
# Platform          :Windows Server 2016 or Windows 10
# Operating System  :26100
# Processor Detail  :11th Gen Intel(R) Core(TM) i7-11800H @ 2.30GHz
# CPU Frequency     :2304 MHz
# CPU Physical cores:8
# CPU Logical cores :16
# Host memory       :16910 MB
# Swap memory       :1275 MB
# Total Virtual     :18185 MB
# Available Virtual :9647 MB
#-----------------------------------------------------------
source run_ippack.tcl -notrace
INFO: calling package_hls_ip ip_types=vitis sysgen json_file=C:/Users/liboh/Desktop/mvdr/hls/calculate/hls_component/calculate/hls/hls_data.json outdir=C:/Users/liboh/Desktop/mvdr/hls/calculate/hls_component/calculate/hls/impl/ip srcdir=C:/Users/liboh/Desktop/mvdr/hls/calculate/hls_component/calculate/hls sort_interfaces_ports=false
INFO: Copied 1 ipmisc file(s) to C:/Users/liboh/Desktop/mvdr/hls/calculate/hls_component/calculate/hls/impl/ip/misc
INFO: Copied 8 verilog file(s) to C:/Users/liboh/Desktop/mvdr/hls/calculate/hls_component/calculate/hls/impl/ip/hdl/verilog
INFO: Copied 8 vhdl file(s) to C:/Users/liboh/Desktop/mvdr/hls/calculate/hls_component/calculate/hls/impl/ip/hdl/vhdl
ipx::create_core: Time (s): cpu = 00:00:06 ; elapsed = 00:00:06 . Memory (MB): peak = 649.949 ; gain = 194.395
INFO: Import ports from HDL: C:/Users/liboh/Desktop/mvdr/hls/calculate/hls_component/calculate/hls/impl/ip/hdl/vhdl/calculate.vhd (calculate)
INFO: Add clock interface ap_clk
INFO: Add reset interface ap_rst
INFO: Add data interface ap_return
INFO: [IP_Flow 19-234] Refreshing IP repositories
INFO: [IP_Flow 19-1704] No user IP repositories specified
INFO: [IP_Flow 19-2313] Loaded Vivado IP repository 'D:/Xilinx/Vivado/2024.1/data/ip'.
INFO: Add data interface data_new
INFO: Add data interface data_old
INFO: Calling post_process_vitis to specialize IP
INFO: Calling post_process_sysgen to specialize IP
Generating sysgen info xml from json file
INFO: Created IP C:/Users/liboh/Desktop/mvdr/hls/calculate/hls_component/calculate/hls/impl/ip/component.xml
INFO: Created IP archive C:/Users/liboh/Desktop/mvdr/hls/calculate/hls_component/calculate/hls/impl/ip/xilinx_com_hls_calculate_1_0.zip
INFO: [Common 17-206] Exiting Vivado at Mon Nov 25 20:40:43 2024...
