Copyright 1986-2022 Xilinx, Inc. All Rights Reserved. Copyright 2022-2024 Advanced Micro Devices, Inc. All Rights Reserved.
---------------------------------------------------------------------------------------------------------------------------------------------
| Tool Version : Vivado v.2024.1 (win64) Build 5076996 Wed May 22 18:37:14 MDT 2024
| Date         : Sun Nov 10 15:16:28 2024
| Host         : ban running 64-bit major release  (build 9200)
| Command      : report_timing_summary -file ./report/inter_timing_synth.rpt
| Design       : bd_0_wrapper
| Device       : 7z020-clg400
| Speed File   : -2  PRODUCTION 1.12 2019-11-22
| Design State : Synthesized
---------------------------------------------------------------------------------------------------------------------------------------------

Timing Summary Report

------------------------------------------------------------------------------------------------
| Timer Settings
| --------------
------------------------------------------------------------------------------------------------

  Enable Multi Corner Analysis               :  Yes
  Enable Pessimism Removal                   :  Yes
  Pessimism Removal Resolution               :  Nearest Common Node
  Enable Input Delay Default Clock           :  No
  Enable Preset / Clear Arcs                 :  No
  Disable Flight Delays                      :  No
  Ignore I/O Paths                           :  No
  Timing Early Launch at Borrowing Latches   :  No
  Borrow Time for Max Delay Exceptions       :  Yes
  Merge Timing Exceptions                    :  Yes
  Inter-SLR Compensation                     :  Conservative

  Corner  Analyze    Analyze    
  Name    Max Paths  Min Paths  
  ------  ---------  ---------  
  Slow    Yes        Yes        
  Fast    Yes        Yes        


------------------------------------------------------------------------------------------------
| Report Methodology
| ------------------
------------------------------------------------------------------------------------------------

No report available as report_methodology has not been run prior. Run report_methodology on the current design for the summary of methodology violations.



check_timing report

Table of Contents
-----------------
1. checking no_clock (0)
2. checking constant_clock (0)
3. checking pulse_width_clock (0)
4. checking unconstrained_internal_endpoints (0)
5. checking no_input_delay (60)
6. checking no_output_delay (24)
7. checking multiple_clock (0)
8. checking generated_clocks (0)
9. checking loops (0)
10. checking partial_input_delay (0)
11. checking partial_output_delay (0)
12. checking latch_loops (0)

1. checking no_clock (0)
------------------------
 There are 0 register/latch pins with no clock.


2. checking constant_clock (0)
------------------------------
 There are 0 register/latch pins with constant_clock.


3. checking pulse_width_clock (0)
---------------------------------
 There are 0 register/latch pins which need pulse_width check


4. checking unconstrained_internal_endpoints (0)
------------------------------------------------
 There are 0 pins that are not constrained for maximum delay.

 There are 0 pins that are not constrained for maximum delay due to constant clock.


5. checking no_input_delay (60)
-------------------------------
 There are 60 input ports with no input delay specified. (HIGH)

 There are 0 input ports with no input delay but user has a false path constraint.


6. checking no_output_delay (24)
--------------------------------
 There are 24 ports with no output delay specified. (HIGH)

 There are 0 ports with no output delay but user has a false path constraint

 There are 0 ports with no output delay but with a timing clock defined on it or propagating through it


7. checking multiple_clock (0)
------------------------------
 There are 0 register/latch pins with multiple clocks.


8. checking generated_clocks (0)
--------------------------------
 There are 0 generated clocks that are not connected to a clock source.


9. checking loops (0)
---------------------
 There are 0 combinational loops in the design.


10. checking partial_input_delay (0)
------------------------------------
 There are 0 input ports with partial input delay specified.


11. checking partial_output_delay (0)
-------------------------------------
 There are 0 ports with partial output delay specified.


12. checking latch_loops (0)
----------------------------
 There are 0 combinational latch loops in the design through latch input



------------------------------------------------------------------------------------------------
| Design Timing Summary
| ---------------------
------------------------------------------------------------------------------------------------

    WNS(ns)      TNS(ns)  TNS Failing Endpoints  TNS Total Endpoints      WHS(ns)      THS(ns)  THS Failing Endpoints  THS Total Endpoints     WPWS(ns)     TPWS(ns)  TPWS Failing Endpoints  TPWS Total Endpoints  
    -------      -------  ---------------------  -------------------      -------      -------  ---------------------  -------------------     --------     --------  ----------------------  --------------------  
      1.142        0.000                      0                  275        0.258        0.000                      0                  275        1.583        0.000                       0                   195  


All user specified timing constraints are met.


------------------------------------------------------------------------------------------------
| Clock Summary
| -------------
------------------------------------------------------------------------------------------------

Clock   Waveform(ns)         Period(ns)      Frequency(MHz)
-----   ------------         ----------      --------------
ap_clk  {0.000 2.083}        4.167           239.981         


------------------------------------------------------------------------------------------------
| Intra Clock Table
| -----------------
------------------------------------------------------------------------------------------------

Clock             WNS(ns)      TNS(ns)  TNS Failing Endpoints  TNS Total Endpoints      WHS(ns)      THS(ns)  THS Failing Endpoints  THS Total Endpoints     WPWS(ns)     TPWS(ns)  TPWS Failing Endpoints  TPWS Total Endpoints  
-----             -------      -------  ---------------------  -------------------      -------      -------  ---------------------  -------------------     --------     --------  ----------------------  --------------------  
ap_clk              1.142        0.000                      0                  275        0.258        0.000                      0                  275        1.583        0.000                       0                   195  


------------------------------------------------------------------------------------------------
| Inter Clock Table
| -----------------
------------------------------------------------------------------------------------------------

From Clock    To Clock          WNS(ns)      TNS(ns)  TNS Failing Endpoints  TNS Total Endpoints      WHS(ns)      THS(ns)  THS Failing Endpoints  THS Total Endpoints  
----------    --------          -------      -------  ---------------------  -------------------      -------      -------  ---------------------  -------------------  


------------------------------------------------------------------------------------------------
| Other Path Groups Table
| -----------------------
------------------------------------------------------------------------------------------------

Path Group    From Clock    To Clock          WNS(ns)      TNS(ns)  TNS Failing Endpoints  TNS Total Endpoints      WHS(ns)      THS(ns)  THS Failing Endpoints  THS Total Endpoints  
----------    ----------    --------          -------      -------  ---------------------  -------------------      -------      -------  ---------------------  -------------------  


------------------------------------------------------------------------------------------------
| Timing Details
| --------------
------------------------------------------------------------------------------------------------


---------------------------------------------------------------------------------------------------
From Clock:  ap_clk
  To Clock:  ap_clk

Setup :            0  Failing Endpoints,  Worst Slack        1.142ns,  Total Violation        0.000ns
Hold  :            0  Failing Endpoints,  Worst Slack        0.258ns,  Total Violation        0.000ns
PW    :            0  Failing Endpoints,  Worst Slack        1.583ns,  Total Violation        0.000ns
---------------------------------------------------------------------------------------------------


Max Delay Paths
--------------------------------------------------------------------------------------
Slack (MET) :             1.142ns  (required time - arrival time)
  Source:                 bd_0_i/hls_inst/inst/grp_round_fixed_29_24_s_fu_74/trunc_ln188_reg_118_reg[5]/C
                            (rising edge-triggered cell FDRE clocked by ap_clk  {rise@0.000ns fall@2.083ns period=4.167ns})
  Destination:            bd_0_i/hls_inst/inst/tmp1_reg_196_reg[20]/D
                            (rising edge-triggered cell FDRE clocked by ap_clk  {rise@0.000ns fall@2.083ns period=4.167ns})
  Path Group:             ap_clk
  Path Type:              Setup (Max at Slow Process Corner)
  Requirement:            4.167ns  (ap_clk rise@4.167ns - ap_clk rise@0.000ns)
  Data Path Delay:        3.022ns  (logic 1.986ns (65.718%)  route 1.036ns (34.282%))
  Logic Levels:           7  (CARRY4=5 LUT1=1 LUT3=1)
  Clock Path Skew:        -0.039ns (DCD - SCD + CPR)
    Destination Clock Delay (DCD):    0.748ns = ( 4.915 - 4.167 ) 
    Source Clock Delay      (SCD):    0.787ns
    Clock Pessimism Removal (CPR):    0.000ns
  Clock Uncertainty:      0.035ns  ((TSJ^2 + TIJ^2)^1/2 + DJ) / 2 + PE
    Total System Jitter     (TSJ):    0.071ns
    Total Input Jitter      (TIJ):    0.000ns
    Discrete Jitter          (DJ):    0.000ns
    Phase Error              (PE):    0.000ns

    Location             Delay type                Incr(ns)  Path(ns)    Netlist Resource(s)
  -------------------------------------------------------------------    -------------------
                         (clock ap_clk rise edge)     0.000     0.000 r  
                                                      0.000     0.000 r  ap_clk (IN)
                         net (fo=194, unset)          0.787     0.787    bd_0_i/hls_inst/inst/grp_round_fixed_29_24_s_fu_74/ap_clk
                         FDRE                                         r  bd_0_i/hls_inst/inst/grp_round_fixed_29_24_s_fu_74/trunc_ln188_reg_118_reg[5]/C
  -------------------------------------------------------------------    -------------------
                         FDRE (Prop_fdre_C_Q)         0.433     1.220 f  bd_0_i/hls_inst/inst/grp_round_fixed_29_24_s_fu_74/trunc_ln188_reg_118_reg[5]/Q
                         net (fo=2, unplaced)         0.251     1.471    bd_0_i/hls_inst/inst/grp_round_fixed_29_24_s_fu_74/trunc_ln188_reg_118_reg[5]_0[0]
                         LUT1 (Prop_lut1_I0_O)        0.232     1.703 r  bd_0_i/hls_inst/inst/grp_round_fixed_29_24_s_fu_74/tmp1_reg_196[4]_i_3/O
                         net (fo=1, unplaced)         0.258     1.961    bd_0_i/hls_inst/inst/grp_round_fixed_29_24_s_fu_74/tmp1_reg_196[4]_i_3_n_0
                         CARRY4 (Prop_carry4_CYINIT_CO[3])
                                                      0.494     2.455 r  bd_0_i/hls_inst/inst/grp_round_fixed_29_24_s_fu_74/tmp1_reg_196_reg[4]_i_2/CO[3]
                         net (fo=1, unplaced)         0.008     2.463    bd_0_i/hls_inst/inst/grp_round_fixed_29_24_s_fu_74/tmp1_reg_196_reg[4]_i_2_n_0
                         CARRY4 (Prop_carry4_CI_CO[3])
                                                      0.100     2.563 r  bd_0_i/hls_inst/inst/grp_round_fixed_29_24_s_fu_74/tmp1_reg_196_reg[8]_i_2/CO[3]
                         net (fo=1, unplaced)         0.000     2.563    bd_0_i/hls_inst/inst/grp_round_fixed_29_24_s_fu_74/tmp1_reg_196_reg[8]_i_2_n_0
                         CARRY4 (Prop_carry4_CI_CO[3])
                                                      0.100     2.663 r  bd_0_i/hls_inst/inst/grp_round_fixed_29_24_s_fu_74/tmp1_reg_196_reg[12]_i_2/CO[3]
                         net (fo=1, unplaced)         0.000     2.663    bd_0_i/hls_inst/inst/grp_round_fixed_29_24_s_fu_74/tmp1_reg_196_reg[12]_i_2_n_0
                         CARRY4 (Prop_carry4_CI_CO[3])
                                                      0.100     2.763 r  bd_0_i/hls_inst/inst/grp_round_fixed_29_24_s_fu_74/tmp1_reg_196_reg[16]_i_2/CO[3]
                         net (fo=1, unplaced)         0.000     2.763    bd_0_i/hls_inst/inst/grp_round_fixed_29_24_s_fu_74/tmp1_reg_196_reg[16]_i_2_n_0
                         CARRY4 (Prop_carry4_CI_O[3])
                                                      0.277     3.040 r  bd_0_i/hls_inst/inst/grp_round_fixed_29_24_s_fu_74/tmp1_reg_196_reg[20]_i_2/O[3]
                         net (fo=1, unplaced)         0.519     3.559    bd_0_i/hls_inst/inst/grp_round_fixed_29_24_s_fu_74/sub_ln188_fu_91_p2[25]
                         LUT3 (Prop_lut3_I0_O)        0.250     3.809 r  bd_0_i/hls_inst/inst/grp_round_fixed_29_24_s_fu_74/tmp1_reg_196[20]_i_1/O
                         net (fo=1, unplaced)         0.000     3.809    bd_0_i/hls_inst/inst/trunc_ln13_fu_109_p1[25]
                         FDRE                                         r  bd_0_i/hls_inst/inst/tmp1_reg_196_reg[20]/D
  -------------------------------------------------------------------    -------------------

                         (clock ap_clk rise edge)     4.167     4.167 r  
                                                      0.000     4.167 r  ap_clk (IN)
                         net (fo=194, unset)          0.748     4.915    bd_0_i/hls_inst/inst/ap_clk
                         FDRE                                         r  bd_0_i/hls_inst/inst/tmp1_reg_196_reg[20]/C
                         clock pessimism              0.000     4.915    
                         clock uncertainty           -0.035     4.879    
                         FDRE (Setup_fdre_C_D)        0.072     4.951    bd_0_i/hls_inst/inst/tmp1_reg_196_reg[20]
  -------------------------------------------------------------------
                         required time                          4.951    
                         arrival time                          -3.809    
  -------------------------------------------------------------------
                         slack                                  1.142    





Min Delay Paths
--------------------------------------------------------------------------------------
Slack (MET) :             0.258ns  (arrival time - required time)
  Source:                 bd_0_i/hls_inst/inst/ap_enable_reg_pp0_iter1_reg/C
                            (rising edge-triggered cell FDRE clocked by ap_clk  {rise@0.000ns fall@2.083ns period=4.167ns})
  Destination:            bd_0_i/hls_inst/inst/ap_enable_reg_pp0_iter2_reg/D
                            (rising edge-triggered cell FDRE clocked by ap_clk  {rise@0.000ns fall@2.083ns period=4.167ns})
  Path Group:             ap_clk
  Path Type:              Hold (Min at Fast Process Corner)
  Requirement:            0.000ns  (ap_clk rise@0.000ns - ap_clk rise@0.000ns)
  Data Path Delay:        0.291ns  (logic 0.164ns (56.367%)  route 0.127ns (43.633%))
  Logic Levels:           0  
  Clock Path Skew:        0.021ns (DCD - SCD - CPR)
    Destination Clock Delay (DCD):    0.411ns
    Source Clock Delay      (SCD):    0.390ns
    Clock Pessimism Removal (CPR):    -0.000ns

    Location             Delay type                Incr(ns)  Path(ns)    Netlist Resource(s)
  -------------------------------------------------------------------    -------------------
                         (clock ap_clk rise edge)     0.000     0.000 r  
                                                      0.000     0.000 r  ap_clk (IN)
                         net (fo=194, unset)          0.390     0.390    bd_0_i/hls_inst/inst/ap_clk
                         FDRE                                         r  bd_0_i/hls_inst/inst/ap_enable_reg_pp0_iter1_reg/C
  -------------------------------------------------------------------    -------------------
                         FDRE (Prop_fdre_C_Q)         0.164     0.554 r  bd_0_i/hls_inst/inst/ap_enable_reg_pp0_iter1_reg/Q
                         net (fo=1, unplaced)         0.127     0.681    bd_0_i/hls_inst/inst/ap_enable_reg_pp0_iter1
                         FDRE                                         r  bd_0_i/hls_inst/inst/ap_enable_reg_pp0_iter2_reg/D
  -------------------------------------------------------------------    -------------------

                         (clock ap_clk rise edge)     0.000     0.000 r  
                                                      0.000     0.000 r  ap_clk (IN)
                         net (fo=194, unset)          0.411     0.411    bd_0_i/hls_inst/inst/ap_clk
                         FDRE                                         r  bd_0_i/hls_inst/inst/ap_enable_reg_pp0_iter2_reg/C
                         clock pessimism              0.000     0.411    
                         FDRE (Hold_fdre_C_D)         0.012     0.423    bd_0_i/hls_inst/inst/ap_enable_reg_pp0_iter2_reg
  -------------------------------------------------------------------
                         required time                         -0.423    
                         arrival time                           0.681    
  -------------------------------------------------------------------
                         slack                                  0.258    





Pulse Width Checks
--------------------------------------------------------------------------------------
Clock Name:         ap_clk
Waveform(ns):       { 0.000 2.083 }
Period(ns):         4.167
Sources:            { ap_clk }

Check Type        Corner  Lib Pin      Reference Pin  Required(ns)  Actual(ns)  Slack(ns)  Location  Pin
Min Period        n/a     DSP48E1/CLK  n/a            1.816         4.167       2.351                bd_0_i/hls_inst/inst/mac_muladd_24s_5ns_29s_29_4_1_U3/inter_mac_muladd_24s_5ns_29s_29_4_1_DSP48_0_U/p_reg_reg/CLK
Low Pulse Width   Slow    FDRE/C       n/a            0.500         2.084       1.584                bd_0_i/hls_inst/inst/ap_enable_reg_pp0_iter1_reg/C
High Pulse Width  Slow    FDRE/C       n/a            0.500         2.083       1.583                bd_0_i/hls_inst/inst/ap_enable_reg_pp0_iter1_reg/C



