C:\Users\liboh\Desktop\mvdr\hls\vram_add\hls_component\hls_component\hls\.autopilot\db\vram_add.pp.0.cpp:1311:7: warning: Added loop label VITIS_LOOP_1223_1:   [xilinx-label-all-loops]
      for (i = 0; i < __N - 1; ++i) {
      ^~~
      VITIS_LOOP_1223_1: 
C:\Users\liboh\Desktop\mvdr\hls\vram_add\hls_component\hls_component\hls\.autopilot\db\vram_add.pp.0.cpp:1311:7: note: FIX-IT applied suggested code changes
C:\Users\liboh\Desktop\mvdr\hls\vram_add\hls_component\hls_component\hls\.autopilot\db\vram_add.pp.0.cpp:2285:5: warning: Added loop label VITIS_LOOP_676_1:   [xilinx-label-all-loops]
    for (unsigned i = low; i != high; ++i) {
    ^~~
    VITIS_LOOP_676_1: 
C:\Users\liboh\Desktop\mvdr\hls\vram_add\hls_component\hls_component\hls\.autopilot\db\vram_add.pp.0.cpp:2285:5: note: FIX-IT applied suggested code changes
C:\Users\liboh\Desktop\mvdr\hls\vram_add\hls_component\hls_component\hls\.autopilot\db\vram_add.pp.0.cpp:2299:5: warning: Added loop label VITIS_LOOP_690_1:   [xilinx-label-all-loops]
    for (unsigned i = low; i != high; ++i) {
    ^~~
    VITIS_LOOP_690_1: 
C:\Users\liboh\Desktop\mvdr\hls\vram_add\hls_component\hls_component\hls\.autopilot\db\vram_add.pp.0.cpp:2299:5: note: FIX-IT applied suggested code changes
C:\Users\liboh\Desktop\mvdr\hls\vram_add\hls_component\hls_component\hls\.autopilot\db\vram_add.pp.0.cpp:2313:5: warning: Added loop label VITIS_LOOP_704_1:   [xilinx-label-all-loops]
    for (unsigned i = low; i != high; ++i) {
    ^~~
    VITIS_LOOP_704_1: 
C:\Users\liboh\Desktop\mvdr\hls\vram_add\hls_component\hls_component\hls\.autopilot\db\vram_add.pp.0.cpp:2313:5: note: FIX-IT applied suggested code changes
C:\Users\liboh\Desktop\mvdr\hls\vram_add\hls_component\hls_component\hls\.autopilot\db\vram_add.pp.0.cpp:3942:7: warning: Added loop label VITIS_LOOP_1247_1:   [xilinx-label-all-loops]
      for (i = 0; i < __N - 1; ++i) {
      ^~~
      VITIS_LOOP_1247_1: 
C:\Users\liboh\Desktop\mvdr\hls\vram_add\hls_component\hls_component\hls\.autopilot\db\vram_add.pp.0.cpp:3942:7: note: FIX-IT applied suggested code changes
