================================================================
== Vivado RTL Synthesis Results
================================================================
+ General Information:
    * Date:            Mon Nov 25 20:43:56 +0800 2024
    * Version:         2024.1 (Build 5069499 on May 21 2024)
    * Project:         calculate
    * Solution:        hls (Vivado IP Flow Target)
    * Product family:  zynq
    * Target device:   xc7z020-clg400-2


================================================================
== Run Constraints & Options
================================================================
+ Design Constraints & Options:
    * RTL Synthesis target clock:  2.5 ns
    * C-Synthesis target clock:    2.5 ns
    * C-Synthesis uncertainty:     27%

+ RTL Synthesis Options:
    * config_export -vivado_synth_strategy:     default
    * config_export -vivado_synth_design_args:  -directive sdx_optimization_effort_high

+ Reporting Options:
    * config_export -vivado_report_level:      2
    * config_export -vivado_max_timing_paths:  10


================================================================
== RTL Synthesis Resource Summary
================================================================
LUT:              1114
FF:               1484
DSP:              12
BRAM:             0
URAM:             0
SRL:              91


================================================================
== RTL Synthesis Timing Summary
================================================================
* Timing was met
+----------------+-------------+
| Timing         | Period (ns) |
+----------------+-------------+
| Target         | 2.500       |
| Post-Synthesis | 2.376       |
+----------------+-------------+


================================================================
== RTL Synthesis Resources
================================================================
+--------------------------------------+------+------+-----+------+------+-----+--------+------+---------+----------+--------+
| Name                                 | LUT  | FF   | DSP | BRAM | URAM | SRL | Pragma | Impl | Latency | Variable | Source |
+--------------------------------------+------+------+-----+------+------+-----+--------+------+---------+----------+--------+
| inst                                 | 1114 | 1484 | 12  |      |      |     |        |      |         |          |        |
|   (inst)                             | 955  | 1251 |     |      |      |     |        |      |         |          |        |
|   add_38ns_38ns_38_2_1_U7            | 10   | 31   |     |      |      |     |        |      |         |          |        |
|   add_38ns_38ns_38_2_1_U8            | 10   | 31   |     |      |      |     |        |      |         |          |        |
|   add_54ns_54ns_54_2_1_U10           | 29   | 45   |     |      |      |     |        |      |         |          |        |
|   add_54ns_54ns_54_2_1_U9            | 29   | 44   |     |      |      |     |        |      |         |          |        |
|   mac_muladd_9ns_9ns_19ns_20_4_1_U12 |      |      | 1   |      |      |     |        |      |         |          |        |
|   mac_muladd_9ns_9ns_19ns_20_4_1_U15 |      |      | 1   |      |      |     |        |      |         |          |        |
|   mac_muladd_9ns_9ns_26ns_26_4_1_U14 |      |      | 1   |      |      |     |        |      |         |          |        |
|   mac_muladd_9ns_9ns_26ns_26_4_1_U17 |      |      | 1   |      |      |     |        |      |         |          |        |
|   mac_muladd_9ns_9ns_28ns_28_4_1_U13 |      |      | 1   |      |      |     |        |      |         |          |        |
|   mac_muladd_9ns_9ns_28ns_28_4_1_U16 |      |      | 1   |      |      |     |        |      |         |          |        |
|   mul_9ns_9ns_18_5_1_U1              |      |      | 1   |      |      |     |        |      |         |          |        |
|   mul_9ns_9ns_18_5_1_U2              |      |      | 1   |      |      |     |        |      |         |          |        |
|   mul_9ns_9ns_18_5_1_U3              |      |      | 1   |      |      |     |        |      |         |          |        |
|   mul_9ns_9ns_18_5_1_U4              |      |      | 1   |      |      |     |        |      |         |          |        |
|   mul_9ns_9ns_18_5_1_U5              |      |      | 1   |      |      |     |        |      |         |          |        |
|   mul_9ns_9ns_18_5_1_U6              |      |      | 1   |      |      |     |        |      |         |          |        |
|   sub_55ns_55ns_55_2_1_U11           | 81   | 82   |     |      |      |     |        |      |         |          |        |
+--------------------------------------+------+------+-----+------+------+-----+--------+------+---------+----------+--------+


================================================================
== RTL Synthesis Fail Fast
================================================================
+-----------------------------------------------------------+-----------+--------+--------+
| Criteria                                                  | Guideline | Actual | Status |
+-----------------------------------------------------------+-----------+--------+--------+
| LUT                                                       | 70%       | 2.09%  | OK     |
| FD                                                        | 50%       | 1.39%  | OK     |
| LUTRAM+SRL                                                | 25%       | 0.52%  | OK     |
| MUXF7                                                     | 15%       | 0.00%  | OK     |
| DSP                                                       | 80%       | 5.45%  | OK     |
| RAMB/FIFO                                                 | 80%       | 0.00%  | OK     |
| DSP+RAMB+URAM (Avg)                                       | 70%       | 5.45%  | OK     |
| BUFGCE* + BUFGCTRL                                        | 24        | 0      | OK     |
| DONT_TOUCH (cells/nets)                                   | 0         | 0      | OK     |
| MARK_DEBUG (nets)                                         | 0         | 0      | OK     |
| Control Sets                                              | 998       | 1      | OK     |
| Average Fanout for modules > 100k cells                   | 4         | 1.19   | OK     |
| Max Average Fanout for modules > 100k cells               | 4         | 0      | OK     |
| Non-FD high fanout nets > 10k loads                       | 0         | 0      | OK     |
+-----------------------------------------------------------+-----------+--------+--------+
| TIMING-6 (No common primary clock between related clocks) | 0         | 0      | OK     |
| TIMING-7 (No common node between related clocks)          | 0         | 0      | OK     |
| TIMING-8 (No common period between related clocks)        | 0         | 0      | OK     |
| TIMING-14 (LUT on the clock tree)                         | 0         | 0      | OK     |
| TIMING-35 (No common node in paths with the same clock)   | 0         | 0      | OK     |
+-----------------------------------------------------------+-----------+--------+--------+
| Number of paths above max LUT budgeting (0.500ns)         | 0         | 0      | OK     |
| Number of paths above max Net budgeting (0.350ns)         | 0         | 17     | REVIEW |
+-----------------------------------------------------------+-----------+--------+--------+


================================================================
== RTL Synthesis Timing Paths
================================================================
* Timing was met
+-------+-------+-------------------------------------------+----------------------------------------+--------------+------------+----------------+----------------+--------------+
| Path  | SLACK | STARTPOINT PIN                            | ENDPOINT PIN                           | LOGIC LEVELS | MAX FANOUT | DATAPATH DELAY | DATAPATH LOGIC | DATAPATH NET |
|       |       |                                           |                                        |              |            |                |          DELAY |        DELAY |
+-------+-------+-------------------------------------------+----------------------------------------+--------------+------------+----------------+----------------+--------------+
| Path1 | 0.124 | add0F_1_reg_1296_reg[0]/C                 | sub_ln61_1_reg_1317_reg[25]/D          |            7 |          2 |          2.402 |          1.857 |        0.545 |
| Path2 | 0.124 | add0F_reg_1290_reg[0]/C                   | sub_ln61_reg_1312_reg[25]/D            |            7 |          2 |          2.402 |          1.857 |        0.545 |
| Path3 | 0.179 | add0F_1_reg_1296_reg[0]/C                 | sub_ln61_1_reg_1317_reg[26]/D          |            7 |          2 |          2.347 |          1.802 |        0.545 |
| Path4 | 0.179 | add0F_reg_1290_reg[0]/C                   | sub_ln61_reg_1312_reg[26]/D            |            7 |          2 |          2.347 |          1.802 |        0.545 |
| Path5 | 0.195 | add_54ns_54ns_54_2_1_U10/ain_s1_reg[12]/C | h2_hm_m2_hl_l2_ml_1_reg_1545_reg[53]/D |            5 |          1 |          2.331 |          1.513 |        0.818 |
+-------+-------+-------------------------------------------+----------------------------------------+--------------+------------+----------------+----------------+--------------+

    +----------------------------------------------------------------------+----------------------+
    | Path1 Cells                                                          | Primitive Type       |
    +----------------------------------------------------------------------+----------------------+
    | add0F_1_reg_1296_reg[0]                                              | FLOP_LATCH.flop.FDRE |
    | sub_ln61_1_reg_1317_reg[3]_i_1                                       | CARRY.others.CARRY4  |
    | sub_ln61_1_reg_1317_reg[7]_i_1                                       | CARRY.others.CARRY4  |
    | sub_ln61_1_reg_1317_reg[11]_i_1                                      | CARRY.others.CARRY4  |
    | sub_ln61_1_reg_1317_reg[15]_i_1                                      | CARRY.others.CARRY4  |
    | sub_ln61_1_reg_1317_reg[19]_i_1                                      | CARRY.others.CARRY4  |
    | sub_ln61_1_reg_1317_reg[23]_i_1                                      | CARRY.others.CARRY4  |
    | sub_ln61_1_reg_1317_reg[26]_i_1                                      | CARRY.others.CARRY4  |
    | sub_ln61_1_reg_1317_reg[25]                                          | FLOP_LATCH.flop.FDRE |
    | add0F_reg_1290_reg[0]                                                | FLOP_LATCH.flop.FDRE |
    | sub_ln61_reg_1312_reg[3]_i_1                                         | CARRY.others.CARRY4  |
    | sub_ln61_reg_1312_reg[7]_i_1                                         | CARRY.others.CARRY4  |
    | sub_ln61_reg_1312_reg[11]_i_1                                        | CARRY.others.CARRY4  |
    | sub_ln61_reg_1312_reg[15]_i_1                                        | CARRY.others.CARRY4  |
    | sub_ln61_reg_1312_reg[19]_i_1                                        | CARRY.others.CARRY4  |
    | sub_ln61_reg_1312_reg[23]_i_1                                        | CARRY.others.CARRY4  |
    | sub_ln61_reg_1312_reg[26]_i_1                                        | CARRY.others.CARRY4  |
    | sub_ln61_reg_1312_reg[25]                                            | FLOP_LATCH.flop.FDRE |
    | add0F_1_reg_1296_reg[0]                                              | FLOP_LATCH.flop.FDRE |
    | sub_ln61_1_reg_1317_reg[3]_i_1                                       | CARRY.others.CARRY4  |
    | sub_ln61_1_reg_1317_reg[7]_i_1                                       | CARRY.others.CARRY4  |
    | sub_ln61_1_reg_1317_reg[11]_i_1                                      | CARRY.others.CARRY4  |
    | sub_ln61_1_reg_1317_reg[15]_i_1                                      | CARRY.others.CARRY4  |
    | sub_ln61_1_reg_1317_reg[19]_i_1                                      | CARRY.others.CARRY4  |
    | sub_ln61_1_reg_1317_reg[23]_i_1                                      | CARRY.others.CARRY4  |
    | sub_ln61_1_reg_1317_reg[26]_i_1                                      | CARRY.others.CARRY4  |
    | sub_ln61_1_reg_1317_reg[26]                                          | FLOP_LATCH.flop.FDRE |
    | add0F_reg_1290_reg[0]                                                | FLOP_LATCH.flop.FDRE |
    | sub_ln61_reg_1312_reg[3]_i_1                                         | CARRY.others.CARRY4  |
    | sub_ln61_reg_1312_reg[7]_i_1                                         | CARRY.others.CARRY4  |
    | sub_ln61_reg_1312_reg[11]_i_1                                        | CARRY.others.CARRY4  |
    | sub_ln61_reg_1312_reg[15]_i_1                                        | CARRY.others.CARRY4  |
    | sub_ln61_reg_1312_reg[19]_i_1                                        | CARRY.others.CARRY4  |
    | sub_ln61_reg_1312_reg[23]_i_1                                        | CARRY.others.CARRY4  |
    | sub_ln61_reg_1312_reg[26]_i_1                                        | CARRY.others.CARRY4  |
    | sub_ln61_reg_1312_reg[26]                                            | FLOP_LATCH.flop.FDRE |
    | add_54ns_54ns_54_2_1_U10/ain_s1_reg[12]                              | FLOP_LATCH.flop.FDRE |
    | add_54ns_54ns_54_2_1_U10/u2/h2_hm_m2_hl_l2_ml_1_reg_1545_reg[39]_i_1 | CARRY.others.CARRY4  |
    | add_54ns_54ns_54_2_1_U10/u2/h2_hm_m2_hl_l2_ml_1_reg_1545_reg[43]_i_1 | CARRY.others.CARRY4  |
    | add_54ns_54ns_54_2_1_U10/u2/h2_hm_m2_hl_l2_ml_1_reg_1545_reg[47]_i_1 | CARRY.others.CARRY4  |
    | add_54ns_54ns_54_2_1_U10/u2/h2_hm_m2_hl_l2_ml_1_reg_1545_reg[51]_i_1 | CARRY.others.CARRY4  |
    | add_54ns_54ns_54_2_1_U10/u2/h2_hm_m2_hl_l2_ml_1_reg_1545_reg[53]_i_1 | CARRY.others.CARRY4  |
    | h2_hm_m2_hl_l2_ml_1_reg_1545_reg[53]                                 | FLOP_LATCH.flop.FDRE |
    +----------------------------------------------------------------------+----------------------+

    +----------------------------------------------------------------------+----------------------+
    | Path2 Cells                                                          | Primitive Type       |
    +----------------------------------------------------------------------+----------------------+
    | add0F_1_reg_1296_reg[0]                                              | FLOP_LATCH.flop.FDRE |
    | sub_ln61_1_reg_1317_reg[3]_i_1                                       | CARRY.others.CARRY4  |
    | sub_ln61_1_reg_1317_reg[7]_i_1                                       | CARRY.others.CARRY4  |
    | sub_ln61_1_reg_1317_reg[11]_i_1                                      | CARRY.others.CARRY4  |
    | sub_ln61_1_reg_1317_reg[15]_i_1                                      | CARRY.others.CARRY4  |
    | sub_ln61_1_reg_1317_reg[19]_i_1                                      | CARRY.others.CARRY4  |
    | sub_ln61_1_reg_1317_reg[23]_i_1                                      | CARRY.others.CARRY4  |
    | sub_ln61_1_reg_1317_reg[26]_i_1                                      | CARRY.others.CARRY4  |
    | sub_ln61_1_reg_1317_reg[25]                                          | FLOP_LATCH.flop.FDRE |
    | add0F_reg_1290_reg[0]                                                | FLOP_LATCH.flop.FDRE |
    | sub_ln61_reg_1312_reg[3]_i_1                                         | CARRY.others.CARRY4  |
    | sub_ln61_reg_1312_reg[7]_i_1                                         | CARRY.others.CARRY4  |
    | sub_ln61_reg_1312_reg[11]_i_1                                        | CARRY.others.CARRY4  |
    | sub_ln61_reg_1312_reg[15]_i_1                                        | CARRY.others.CARRY4  |
    | sub_ln61_reg_1312_reg[19]_i_1                                        | CARRY.others.CARRY4  |
    | sub_ln61_reg_1312_reg[23]_i_1                                        | CARRY.others.CARRY4  |
    | sub_ln61_reg_1312_reg[26]_i_1                                        | CARRY.others.CARRY4  |
    | sub_ln61_reg_1312_reg[25]                                            | FLOP_LATCH.flop.FDRE |
    | add0F_1_reg_1296_reg[0]                                              | FLOP_LATCH.flop.FDRE |
    | sub_ln61_1_reg_1317_reg[3]_i_1                                       | CARRY.others.CARRY4  |
    | sub_ln61_1_reg_1317_reg[7]_i_1                                       | CARRY.others.CARRY4  |
    | sub_ln61_1_reg_1317_reg[11]_i_1                                      | CARRY.others.CARRY4  |
    | sub_ln61_1_reg_1317_reg[15]_i_1                                      | CARRY.others.CARRY4  |
    | sub_ln61_1_reg_1317_reg[19]_i_1                                      | CARRY.others.CARRY4  |
    | sub_ln61_1_reg_1317_reg[23]_i_1                                      | CARRY.others.CARRY4  |
    | sub_ln61_1_reg_1317_reg[26]_i_1                                      | CARRY.others.CARRY4  |
    | sub_ln61_1_reg_1317_reg[26]                                          | FLOP_LATCH.flop.FDRE |
    | add0F_reg_1290_reg[0]                                                | FLOP_LATCH.flop.FDRE |
    | sub_ln61_reg_1312_reg[3]_i_1                                         | CARRY.others.CARRY4  |
    | sub_ln61_reg_1312_reg[7]_i_1                                         | CARRY.others.CARRY4  |
    | sub_ln61_reg_1312_reg[11]_i_1                                        | CARRY.others.CARRY4  |
    | sub_ln61_reg_1312_reg[15]_i_1                                        | CARRY.others.CARRY4  |
    | sub_ln61_reg_1312_reg[19]_i_1                                        | CARRY.others.CARRY4  |
    | sub_ln61_reg_1312_reg[23]_i_1                                        | CARRY.others.CARRY4  |
    | sub_ln61_reg_1312_reg[26]_i_1                                        | CARRY.others.CARRY4  |
    | sub_ln61_reg_1312_reg[26]                                            | FLOP_LATCH.flop.FDRE |
    | add_54ns_54ns_54_2_1_U10/ain_s1_reg[12]                              | FLOP_LATCH.flop.FDRE |
    | add_54ns_54ns_54_2_1_U10/u2/h2_hm_m2_hl_l2_ml_1_reg_1545_reg[39]_i_1 | CARRY.others.CARRY4  |
    | add_54ns_54ns_54_2_1_U10/u2/h2_hm_m2_hl_l2_ml_1_reg_1545_reg[43]_i_1 | CARRY.others.CARRY4  |
    | add_54ns_54ns_54_2_1_U10/u2/h2_hm_m2_hl_l2_ml_1_reg_1545_reg[47]_i_1 | CARRY.others.CARRY4  |
    | add_54ns_54ns_54_2_1_U10/u2/h2_hm_m2_hl_l2_ml_1_reg_1545_reg[51]_i_1 | CARRY.others.CARRY4  |
    | add_54ns_54ns_54_2_1_U10/u2/h2_hm_m2_hl_l2_ml_1_reg_1545_reg[53]_i_1 | CARRY.others.CARRY4  |
    | h2_hm_m2_hl_l2_ml_1_reg_1545_reg[53]                                 | FLOP_LATCH.flop.FDRE |
    +----------------------------------------------------------------------+----------------------+

    +----------------------------------------------------------------------+----------------------+
    | Path3 Cells                                                          | Primitive Type       |
    +----------------------------------------------------------------------+----------------------+
    | add0F_1_reg_1296_reg[0]                                              | FLOP_LATCH.flop.FDRE |
    | sub_ln61_1_reg_1317_reg[3]_i_1                                       | CARRY.others.CARRY4  |
    | sub_ln61_1_reg_1317_reg[7]_i_1                                       | CARRY.others.CARRY4  |
    | sub_ln61_1_reg_1317_reg[11]_i_1                                      | CARRY.others.CARRY4  |
    | sub_ln61_1_reg_1317_reg[15]_i_1                                      | CARRY.others.CARRY4  |
    | sub_ln61_1_reg_1317_reg[19]_i_1                                      | CARRY.others.CARRY4  |
    | sub_ln61_1_reg_1317_reg[23]_i_1                                      | CARRY.others.CARRY4  |
    | sub_ln61_1_reg_1317_reg[26]_i_1                                      | CARRY.others.CARRY4  |
    | sub_ln61_1_reg_1317_reg[25]                                          | FLOP_LATCH.flop.FDRE |
    | add0F_reg_1290_reg[0]                                                | FLOP_LATCH.flop.FDRE |
    | sub_ln61_reg_1312_reg[3]_i_1                                         | CARRY.others.CARRY4  |
    | sub_ln61_reg_1312_reg[7]_i_1                                         | CARRY.others.CARRY4  |
    | sub_ln61_reg_1312_reg[11]_i_1                                        | CARRY.others.CARRY4  |
    | sub_ln61_reg_1312_reg[15]_i_1                                        | CARRY.others.CARRY4  |
    | sub_ln61_reg_1312_reg[19]_i_1                                        | CARRY.others.CARRY4  |
    | sub_ln61_reg_1312_reg[23]_i_1                                        | CARRY.others.CARRY4  |
    | sub_ln61_reg_1312_reg[26]_i_1                                        | CARRY.others.CARRY4  |
    | sub_ln61_reg_1312_reg[25]                                            | FLOP_LATCH.flop.FDRE |
    | add0F_1_reg_1296_reg[0]                                              | FLOP_LATCH.flop.FDRE |
    | sub_ln61_1_reg_1317_reg[3]_i_1                                       | CARRY.others.CARRY4  |
    | sub_ln61_1_reg_1317_reg[7]_i_1                                       | CARRY.others.CARRY4  |
    | sub_ln61_1_reg_1317_reg[11]_i_1                                      | CARRY.others.CARRY4  |
    | sub_ln61_1_reg_1317_reg[15]_i_1                                      | CARRY.others.CARRY4  |
    | sub_ln61_1_reg_1317_reg[19]_i_1                                      | CARRY.others.CARRY4  |
    | sub_ln61_1_reg_1317_reg[23]_i_1                                      | CARRY.others.CARRY4  |
    | sub_ln61_1_reg_1317_reg[26]_i_1                                      | CARRY.others.CARRY4  |
    | sub_ln61_1_reg_1317_reg[26]                                          | FLOP_LATCH.flop.FDRE |
    | add0F_reg_1290_reg[0]                                                | FLOP_LATCH.flop.FDRE |
    | sub_ln61_reg_1312_reg[3]_i_1                                         | CARRY.others.CARRY4  |
    | sub_ln61_reg_1312_reg[7]_i_1                                         | CARRY.others.CARRY4  |
    | sub_ln61_reg_1312_reg[11]_i_1                                        | CARRY.others.CARRY4  |
    | sub_ln61_reg_1312_reg[15]_i_1                                        | CARRY.others.CARRY4  |
    | sub_ln61_reg_1312_reg[19]_i_1                                        | CARRY.others.CARRY4  |
    | sub_ln61_reg_1312_reg[23]_i_1                                        | CARRY.others.CARRY4  |
    | sub_ln61_reg_1312_reg[26]_i_1                                        | CARRY.others.CARRY4  |
    | sub_ln61_reg_1312_reg[26]                                            | FLOP_LATCH.flop.FDRE |
    | add_54ns_54ns_54_2_1_U10/ain_s1_reg[12]                              | FLOP_LATCH.flop.FDRE |
    | add_54ns_54ns_54_2_1_U10/u2/h2_hm_m2_hl_l2_ml_1_reg_1545_reg[39]_i_1 | CARRY.others.CARRY4  |
    | add_54ns_54ns_54_2_1_U10/u2/h2_hm_m2_hl_l2_ml_1_reg_1545_reg[43]_i_1 | CARRY.others.CARRY4  |
    | add_54ns_54ns_54_2_1_U10/u2/h2_hm_m2_hl_l2_ml_1_reg_1545_reg[47]_i_1 | CARRY.others.CARRY4  |
    | add_54ns_54ns_54_2_1_U10/u2/h2_hm_m2_hl_l2_ml_1_reg_1545_reg[51]_i_1 | CARRY.others.CARRY4  |
    | add_54ns_54ns_54_2_1_U10/u2/h2_hm_m2_hl_l2_ml_1_reg_1545_reg[53]_i_1 | CARRY.others.CARRY4  |
    | h2_hm_m2_hl_l2_ml_1_reg_1545_reg[53]                                 | FLOP_LATCH.flop.FDRE |
    +----------------------------------------------------------------------+----------------------+

    +----------------------------------------------------------------------+----------------------+
    | Path4 Cells                                                          | Primitive Type       |
    +----------------------------------------------------------------------+----------------------+
    | add0F_1_reg_1296_reg[0]                                              | FLOP_LATCH.flop.FDRE |
    | sub_ln61_1_reg_1317_reg[3]_i_1                                       | CARRY.others.CARRY4  |
    | sub_ln61_1_reg_1317_reg[7]_i_1                                       | CARRY.others.CARRY4  |
    | sub_ln61_1_reg_1317_reg[11]_i_1                                      | CARRY.others.CARRY4  |
    | sub_ln61_1_reg_1317_reg[15]_i_1                                      | CARRY.others.CARRY4  |
    | sub_ln61_1_reg_1317_reg[19]_i_1                                      | CARRY.others.CARRY4  |
    | sub_ln61_1_reg_1317_reg[23]_i_1                                      | CARRY.others.CARRY4  |
    | sub_ln61_1_reg_1317_reg[26]_i_1                                      | CARRY.others.CARRY4  |
    | sub_ln61_1_reg_1317_reg[25]                                          | FLOP_LATCH.flop.FDRE |
    | add0F_reg_1290_reg[0]                                                | FLOP_LATCH.flop.FDRE |
    | sub_ln61_reg_1312_reg[3]_i_1                                         | CARRY.others.CARRY4  |
    | sub_ln61_reg_1312_reg[7]_i_1                                         | CARRY.others.CARRY4  |
    | sub_ln61_reg_1312_reg[11]_i_1                                        | CARRY.others.CARRY4  |
    | sub_ln61_reg_1312_reg[15]_i_1                                        | CARRY.others.CARRY4  |
    | sub_ln61_reg_1312_reg[19]_i_1                                        | CARRY.others.CARRY4  |
    | sub_ln61_reg_1312_reg[23]_i_1                                        | CARRY.others.CARRY4  |
    | sub_ln61_reg_1312_reg[26]_i_1                                        | CARRY.others.CARRY4  |
    | sub_ln61_reg_1312_reg[25]                                            | FLOP_LATCH.flop.FDRE |
    | add0F_1_reg_1296_reg[0]                                              | FLOP_LATCH.flop.FDRE |
    | sub_ln61_1_reg_1317_reg[3]_i_1                                       | CARRY.others.CARRY4  |
    | sub_ln61_1_reg_1317_reg[7]_i_1                                       | CARRY.others.CARRY4  |
    | sub_ln61_1_reg_1317_reg[11]_i_1                                      | CARRY.others.CARRY4  |
    | sub_ln61_1_reg_1317_reg[15]_i_1                                      | CARRY.others.CARRY4  |
    | sub_ln61_1_reg_1317_reg[19]_i_1                                      | CARRY.others.CARRY4  |
    | sub_ln61_1_reg_1317_reg[23]_i_1                                      | CARRY.others.CARRY4  |
    | sub_ln61_1_reg_1317_reg[26]_i_1                                      | CARRY.others.CARRY4  |
    | sub_ln61_1_reg_1317_reg[26]                                          | FLOP_LATCH.flop.FDRE |
    | add0F_reg_1290_reg[0]                                                | FLOP_LATCH.flop.FDRE |
    | sub_ln61_reg_1312_reg[3]_i_1                                         | CARRY.others.CARRY4  |
    | sub_ln61_reg_1312_reg[7]_i_1                                         | CARRY.others.CARRY4  |
    | sub_ln61_reg_1312_reg[11]_i_1                                        | CARRY.others.CARRY4  |
    | sub_ln61_reg_1312_reg[15]_i_1                                        | CARRY.others.CARRY4  |
    | sub_ln61_reg_1312_reg[19]_i_1                                        | CARRY.others.CARRY4  |
    | sub_ln61_reg_1312_reg[23]_i_1                                        | CARRY.others.CARRY4  |
    | sub_ln61_reg_1312_reg[26]_i_1                                        | CARRY.others.CARRY4  |
    | sub_ln61_reg_1312_reg[26]                                            | FLOP_LATCH.flop.FDRE |
    | add_54ns_54ns_54_2_1_U10/ain_s1_reg[12]                              | FLOP_LATCH.flop.FDRE |
    | add_54ns_54ns_54_2_1_U10/u2/h2_hm_m2_hl_l2_ml_1_reg_1545_reg[39]_i_1 | CARRY.others.CARRY4  |
    | add_54ns_54ns_54_2_1_U10/u2/h2_hm_m2_hl_l2_ml_1_reg_1545_reg[43]_i_1 | CARRY.others.CARRY4  |
    | add_54ns_54ns_54_2_1_U10/u2/h2_hm_m2_hl_l2_ml_1_reg_1545_reg[47]_i_1 | CARRY.others.CARRY4  |
    | add_54ns_54ns_54_2_1_U10/u2/h2_hm_m2_hl_l2_ml_1_reg_1545_reg[51]_i_1 | CARRY.others.CARRY4  |
    | add_54ns_54ns_54_2_1_U10/u2/h2_hm_m2_hl_l2_ml_1_reg_1545_reg[53]_i_1 | CARRY.others.CARRY4  |
    | h2_hm_m2_hl_l2_ml_1_reg_1545_reg[53]                                 | FLOP_LATCH.flop.FDRE |
    +----------------------------------------------------------------------+----------------------+

    +----------------------------------------------------------------------+----------------------+
    | Path5 Cells                                                          | Primitive Type       |
    +----------------------------------------------------------------------+----------------------+
    | add0F_1_reg_1296_reg[0]                                              | FLOP_LATCH.flop.FDRE |
    | sub_ln61_1_reg_1317_reg[3]_i_1                                       | CARRY.others.CARRY4  |
    | sub_ln61_1_reg_1317_reg[7]_i_1                                       | CARRY.others.CARRY4  |
    | sub_ln61_1_reg_1317_reg[11]_i_1                                      | CARRY.others.CARRY4  |
    | sub_ln61_1_reg_1317_reg[15]_i_1                                      | CARRY.others.CARRY4  |
    | sub_ln61_1_reg_1317_reg[19]_i_1                                      | CARRY.others.CARRY4  |
    | sub_ln61_1_reg_1317_reg[23]_i_1                                      | CARRY.others.CARRY4  |
    | sub_ln61_1_reg_1317_reg[26]_i_1                                      | CARRY.others.CARRY4  |
    | sub_ln61_1_reg_1317_reg[25]                                          | FLOP_LATCH.flop.FDRE |
    | add0F_reg_1290_reg[0]                                                | FLOP_LATCH.flop.FDRE |
    | sub_ln61_reg_1312_reg[3]_i_1                                         | CARRY.others.CARRY4  |
    | sub_ln61_reg_1312_reg[7]_i_1                                         | CARRY.others.CARRY4  |
    | sub_ln61_reg_1312_reg[11]_i_1                                        | CARRY.others.CARRY4  |
    | sub_ln61_reg_1312_reg[15]_i_1                                        | CARRY.others.CARRY4  |
    | sub_ln61_reg_1312_reg[19]_i_1                                        | CARRY.others.CARRY4  |
    | sub_ln61_reg_1312_reg[23]_i_1                                        | CARRY.others.CARRY4  |
    | sub_ln61_reg_1312_reg[26]_i_1                                        | CARRY.others.CARRY4  |
    | sub_ln61_reg_1312_reg[25]                                            | FLOP_LATCH.flop.FDRE |
    | add0F_1_reg_1296_reg[0]                                              | FLOP_LATCH.flop.FDRE |
    | sub_ln61_1_reg_1317_reg[3]_i_1                                       | CARRY.others.CARRY4  |
    | sub_ln61_1_reg_1317_reg[7]_i_1                                       | CARRY.others.CARRY4  |
    | sub_ln61_1_reg_1317_reg[11]_i_1                                      | CARRY.others.CARRY4  |
    | sub_ln61_1_reg_1317_reg[15]_i_1                                      | CARRY.others.CARRY4  |
    | sub_ln61_1_reg_1317_reg[19]_i_1                                      | CARRY.others.CARRY4  |
    | sub_ln61_1_reg_1317_reg[23]_i_1                                      | CARRY.others.CARRY4  |
    | sub_ln61_1_reg_1317_reg[26]_i_1                                      | CARRY.others.CARRY4  |
    | sub_ln61_1_reg_1317_reg[26]                                          | FLOP_LATCH.flop.FDRE |
    | add0F_reg_1290_reg[0]                                                | FLOP_LATCH.flop.FDRE |
    | sub_ln61_reg_1312_reg[3]_i_1                                         | CARRY.others.CARRY4  |
    | sub_ln61_reg_1312_reg[7]_i_1                                         | CARRY.others.CARRY4  |
    | sub_ln61_reg_1312_reg[11]_i_1                                        | CARRY.others.CARRY4  |
    | sub_ln61_reg_1312_reg[15]_i_1                                        | CARRY.others.CARRY4  |
    | sub_ln61_reg_1312_reg[19]_i_1                                        | CARRY.others.CARRY4  |
    | sub_ln61_reg_1312_reg[23]_i_1                                        | CARRY.others.CARRY4  |
    | sub_ln61_reg_1312_reg[26]_i_1                                        | CARRY.others.CARRY4  |
    | sub_ln61_reg_1312_reg[26]                                            | FLOP_LATCH.flop.FDRE |
    | add_54ns_54ns_54_2_1_U10/ain_s1_reg[12]                              | FLOP_LATCH.flop.FDRE |
    | add_54ns_54ns_54_2_1_U10/u2/h2_hm_m2_hl_l2_ml_1_reg_1545_reg[39]_i_1 | CARRY.others.CARRY4  |
    | add_54ns_54ns_54_2_1_U10/u2/h2_hm_m2_hl_l2_ml_1_reg_1545_reg[43]_i_1 | CARRY.others.CARRY4  |
    | add_54ns_54ns_54_2_1_U10/u2/h2_hm_m2_hl_l2_ml_1_reg_1545_reg[47]_i_1 | CARRY.others.CARRY4  |
    | add_54ns_54ns_54_2_1_U10/u2/h2_hm_m2_hl_l2_ml_1_reg_1545_reg[51]_i_1 | CARRY.others.CARRY4  |
    | add_54ns_54ns_54_2_1_U10/u2/h2_hm_m2_hl_l2_ml_1_reg_1545_reg[53]_i_1 | CARRY.others.CARRY4  |
    | h2_hm_m2_hl_l2_ml_1_reg_1545_reg[53]                                 | FLOP_LATCH.flop.FDRE |
    +----------------------------------------------------------------------+----------------------+


================================================================
== RTL Synthesis Vivado Reports
================================================================
+--------------------------+------------------------------------------------------------------+
| Report Type              | Report Location                                                  |
+--------------------------+------------------------------------------------------------------+
| design_analysis          | impl/verilog/report/calculate_design_analysis_synth.rpt          |
| failfast                 | impl/verilog/report/calculate_failfast_synth.rpt                 |
| timing                   | impl/verilog/report/calculate_timing_synth.rpt                   |
| timing_paths             | impl/verilog/report/calculate_timing_paths_synth.rpt             |
| utilization              | impl/verilog/report/calculate_utilization_synth.rpt              |
| utilization_hierarchical | impl/verilog/report/calculate_utilization_hierarchical_synth.rpt |
+--------------------------+------------------------------------------------------------------+


