C:\Users\liboh\Desktop\mvdr0\hls\inter\hls_component\hls_component\hls\.autopilot\db\inter.pp.0.cpp:1311:7: warning: Added loop label VITIS_LOOP_1223_1:   [xilinx-label-all-loops]
      for (i = 0; i < __N - 1; ++i) {
      ^~~
      VITIS_LOOP_1223_1: 
C:\Users\liboh\Desktop\mvdr0\hls\inter\hls_component\hls_component\hls\.autopilot\db\inter.pp.0.cpp:1311:7: note: FIX-IT applied suggested code changes
C:\Users\liboh\Desktop\mvdr0\hls\inter\hls_component\hls_component\hls\.autopilot\db\inter.pp.0.cpp:2285:5: warning: Added loop label VITIS_LOOP_676_1:   [xilinx-label-all-loops]
    for (unsigned i = low; i != high; ++i) {
    ^~~
    VITIS_LOOP_676_1: 
C:\Users\liboh\Desktop\mvdr0\hls\inter\hls_component\hls_component\hls\.autopilot\db\inter.pp.0.cpp:2285:5: note: FIX-IT applied suggested code changes
C:\Users\liboh\Desktop\mvdr0\hls\inter\hls_component\hls_component\hls\.autopilot\db\inter.pp.0.cpp:2299:5: warning: Added loop label VITIS_LOOP_690_1:   [xilinx-label-all-loops]
    for (unsigned i = low; i != high; ++i) {
    ^~~
    VITIS_LOOP_690_1: 
C:\Users\liboh\Desktop\mvdr0\hls\inter\hls_component\hls_component\hls\.autopilot\db\inter.pp.0.cpp:2299:5: note: FIX-IT applied suggested code changes
C:\Users\liboh\Desktop\mvdr0\hls\inter\hls_component\hls_component\hls\.autopilot\db\inter.pp.0.cpp:2313:5: warning: Added loop label VITIS_LOOP_704_1:   [xilinx-label-all-loops]
    for (unsigned i = low; i != high; ++i) {
    ^~~
    VITIS_LOOP_704_1: 
C:\Users\liboh\Desktop\mvdr0\hls\inter\hls_component\hls_component\hls\.autopilot\db\inter.pp.0.cpp:2313:5: note: FIX-IT applied suggested code changes
C:\Users\liboh\Desktop\mvdr0\hls\inter\hls_component\hls_component\hls\.autopilot\db\inter.pp.0.cpp:3942:7: warning: Added loop label VITIS_LOOP_1247_1:   [xilinx-label-all-loops]
      for (i = 0; i < __N - 1; ++i) {
      ^~~
      VITIS_LOOP_1247_1: 
C:\Users\liboh\Desktop\mvdr0\hls\inter\hls_component\hls_component\hls\.autopilot\db\inter.pp.0.cpp:3942:7: note: FIX-IT applied suggested code changes
C:\Users\liboh\Desktop\mvdr0\hls\inter\hls_component\hls_component\hls\.autopilot\db\inter.pp.0.cpp:12686:72: error: Invalid Directive: for current device, ROM_1P + LUTRAM is invalid combination for BIND_STORAGE's option 'type + impl' [clang-diagnostic-error]
#pragma HLS BIND_STORAGE variable=fourth_order_double::sin_cos_K0 type=ROM_1P impl=LUTRAM
                                                                       ^
C:\Users\liboh\Desktop\mvdr0\hls\inter\hls_component\hls_component\hls\.autopilot\db\inter.pp.0.cpp:12687:72: error: Invalid Directive: for current device, ROM_1P + LUTRAM is invalid combination for BIND_STORAGE's option 'type + impl' [clang-diagnostic-error]
#pragma HLS BIND_STORAGE variable=fourth_order_double::sin_cos_K1 type=ROM_1P impl=LUTRAM
                                                                       ^
C:\Users\liboh\Desktop\mvdr0\hls\inter\hls_component\hls_component\hls\.autopilot\db\inter.pp.0.cpp:12688:72: error: Invalid Directive: for current device, ROM_1P + LUTRAM is invalid combination for BIND_STORAGE's option 'type + impl' [clang-diagnostic-error]
#pragma HLS BIND_STORAGE variable=fourth_order_double::sin_cos_K2 type=ROM_1P impl=LUTRAM
                                                                       ^
C:\Users\liboh\Desktop\mvdr0\hls\inter\hls_component\hls_component\hls\.autopilot\db\inter.pp.0.cpp:12689:72: error: Invalid Directive: for current device, ROM_1P + LUTRAM is invalid combination for BIND_STORAGE's option 'type + impl' [clang-diagnostic-error]
#pragma HLS BIND_STORAGE variable=fourth_order_double::sin_cos_K3 type=ROM_1P impl=LUTRAM
                                                                       ^
C:\Users\liboh\Desktop\mvdr0\hls\inter\hls_component\hls_component\hls\.autopilot\db\inter.pp.0.cpp:12690:72: error: Invalid Directive: for current device, ROM_1P + LUTRAM is invalid combination for BIND_STORAGE's option 'type + impl' [clang-diagnostic-error]
#pragma HLS BIND_STORAGE variable=fourth_order_double::sin_cos_K4 type=ROM_1P impl=LUTRAM
                                                                       ^
C:\Users\liboh\Desktop\mvdr0\hls\inter\hls_component\hls_component\hls\.autopilot\db\inter.pp.0.cpp:12720:68: error: Invalid Directive: for current device, ROM_1P + LUTRAM is invalid combination for BIND_STORAGE's option 'type + impl' [clang-diagnostic-error]
#pragma HLS BIND_STORAGE variable=fourth_order_double::cos_K0 type=ROM_1P impl=LUTRAM
                                                                   ^
C:\Users\liboh\Desktop\mvdr0\hls\inter\hls_component\hls_component\hls\.autopilot\db\inter.pp.0.cpp:12721:68: error: Invalid Directive: for current device, ROM_1P + LUTRAM is invalid combination for BIND_STORAGE's option 'type + impl' [clang-diagnostic-error]
#pragma HLS BIND_STORAGE variable=fourth_order_double::cos_K1 type=ROM_1P impl=LUTRAM
                                                                   ^
C:\Users\liboh\Desktop\mvdr0\hls\inter\hls_component\hls_component\hls\.autopilot\db\inter.pp.0.cpp:12722:68: error: Invalid Directive: for current device, ROM_1P + LUTRAM is invalid combination for BIND_STORAGE's option 'type + impl' [clang-diagnostic-error]
#pragma HLS BIND_STORAGE variable=fourth_order_double::cos_K2 type=ROM_1P impl=LUTRAM
                                                                   ^
C:\Users\liboh\Desktop\mvdr0\hls\inter\hls_component\hls_component\hls\.autopilot\db\inter.pp.0.cpp:12723:68: error: Invalid Directive: for current device, ROM_1P + LUTRAM is invalid combination for BIND_STORAGE's option 'type + impl' [clang-diagnostic-error]
#pragma HLS BIND_STORAGE variable=fourth_order_double::cos_K3 type=ROM_1P impl=LUTRAM
                                                                   ^
C:\Users\liboh\Desktop\mvdr0\hls\inter\hls_component\hls_component\hls\.autopilot\db\inter.pp.0.cpp:12724:68: error: Invalid Directive: for current device, ROM_1P + LUTRAM is invalid combination for BIND_STORAGE's option 'type + impl' [clang-diagnostic-error]
#pragma HLS BIND_STORAGE variable=fourth_order_double::cos_K4 type=ROM_1P impl=LUTRAM
                                                                   ^
C:\Users\liboh\Desktop\mvdr0\hls\inter\hls_component\hls_component\hls\.autopilot\db\inter.pp.0.cpp:12725:68: error: Invalid Directive: for current device, ROM_1P + LUTRAM is invalid combination for BIND_STORAGE's option 'type + impl' [clang-diagnostic-error]
#pragma HLS BIND_STORAGE variable=fourth_order_double::sin_K0 type=ROM_1P impl=LUTRAM
                                                                   ^
C:\Users\liboh\Desktop\mvdr0\hls\inter\hls_component\hls_component\hls\.autopilot\db\inter.pp.0.cpp:12726:68: error: Invalid Directive: for current device, ROM_1P + LUTRAM is invalid combination for BIND_STORAGE's option 'type + impl' [clang-diagnostic-error]
#pragma HLS BIND_STORAGE variable=fourth_order_double::sin_K1 type=ROM_1P impl=LUTRAM
                                                                   ^
C:\Users\liboh\Desktop\mvdr0\hls\inter\hls_component\hls_component\hls\.autopilot\db\inter.pp.0.cpp:12727:68: error: Invalid Directive: for current device, ROM_1P + LUTRAM is invalid combination for BIND_STORAGE's option 'type + impl' [clang-diagnostic-error]
#pragma HLS BIND_STORAGE variable=fourth_order_double::sin_K2 type=ROM_1P impl=LUTRAM
                                                                   ^
C:\Users\liboh\Desktop\mvdr0\hls\inter\hls_component\hls_component\hls\.autopilot\db\inter.pp.0.cpp:12728:68: error: Invalid Directive: for current device, ROM_1P + LUTRAM is invalid combination for BIND_STORAGE's option 'type + impl' [clang-diagnostic-error]
#pragma HLS BIND_STORAGE variable=fourth_order_double::sin_K3 type=ROM_1P impl=LUTRAM
                                                                   ^
C:\Users\liboh\Desktop\mvdr0\hls\inter\hls_component\hls_component\hls\.autopilot\db\inter.pp.0.cpp:12729:68: error: Invalid Directive: for current device, ROM_1P + LUTRAM is invalid combination for BIND_STORAGE's option 'type + impl' [clang-diagnostic-error]
#pragma HLS BIND_STORAGE variable=fourth_order_double::sin_K4 type=ROM_1P impl=LUTRAM
                                                                   ^
C:\Users\liboh\Desktop\mvdr0\hls\inter\hls_component\hls_component\hls\.autopilot\db\inter.pp.0.cpp:12779:71: error: Invalid Directive: for current device, ROM_1P + LUTRAM is invalid combination for BIND_STORAGE's option 'type + impl' [clang-diagnostic-error]
#pragma HLS BIND_STORAGE variable=second_order_float::sin_cos_K0 type=ROM_1P impl=LUTRAM
                                                                      ^
C:\Users\liboh\Desktop\mvdr0\hls\inter\hls_component\hls_component\hls\.autopilot\db\inter.pp.0.cpp:12780:71: error: Invalid Directive: for current device, ROM_1P + LUTRAM is invalid combination for BIND_STORAGE's option 'type + impl' [clang-diagnostic-error]
#pragma HLS BIND_STORAGE variable=second_order_float::sin_cos_K1 type=ROM_1P impl=LUTRAM
                                                                      ^
C:\Users\liboh\Desktop\mvdr0\hls\inter\hls_component\hls_component\hls\.autopilot\db\inter.pp.0.cpp:12781:71: error: Invalid Directive: for current device, ROM_1P + LUTRAM is invalid combination for BIND_STORAGE's option 'type + impl' [clang-diagnostic-error]
#pragma HLS BIND_STORAGE variable=second_order_float::sin_cos_K2 type=ROM_1P impl=LUTRAM
                                                                      ^
C:\Users\liboh\Desktop\mvdr0\hls\inter\hls_component\hls_component\hls\.autopilot\db\inter.pp.0.cpp:12808:67: error: Invalid Directive: for current device, ROM_1P + LUTRAM is invalid combination for BIND_STORAGE's option 'type + impl' [clang-diagnostic-error]
#pragma HLS BIND_STORAGE variable=second_order_float::cos_K0 type=ROM_1P impl=LUTRAM
                                                                  ^
C:\Users\liboh\Desktop\mvdr0\hls\inter\hls_component\hls_component\hls\.autopilot\db\inter.pp.0.cpp:12809:67: error: Invalid Directive: for current device, ROM_1P + LUTRAM is invalid combination for BIND_STORAGE's option 'type + impl' [clang-diagnostic-error]
#pragma HLS BIND_STORAGE variable=second_order_float::cos_K1 type=ROM_1P impl=LUTRAM
                                                                  ^
C:\Users\liboh\Desktop\mvdr0\hls\inter\hls_component\hls_component\hls\.autopilot\db\inter.pp.0.cpp:12810:67: error: Invalid Directive: for current device, ROM_1P + LUTRAM is invalid combination for BIND_STORAGE's option 'type + impl' [clang-diagnostic-error]
#pragma HLS BIND_STORAGE variable=second_order_float::cos_K2 type=ROM_1P impl=LUTRAM
                                                                  ^
C:\Users\liboh\Desktop\mvdr0\hls\inter\hls_component\hls_component\hls\.autopilot\db\inter.pp.0.cpp:12811:67: error: Invalid Directive: for current device, ROM_1P + LUTRAM is invalid combination for BIND_STORAGE's option 'type + impl' [clang-diagnostic-error]
#pragma HLS BIND_STORAGE variable=second_order_float::sin_K0 type=ROM_1P impl=LUTRAM
                                                                  ^
C:\Users\liboh\Desktop\mvdr0\hls\inter\hls_component\hls_component\hls\.autopilot\db\inter.pp.0.cpp:12812:67: error: Invalid Directive: for current device, ROM_1P + LUTRAM is invalid combination for BIND_STORAGE's option 'type + impl' [clang-diagnostic-error]
#pragma HLS BIND_STORAGE variable=second_order_float::sin_K1 type=ROM_1P impl=LUTRAM
                                                                  ^
C:\Users\liboh\Desktop\mvdr0\hls\inter\hls_component\hls_component\hls\.autopilot\db\inter.pp.0.cpp:12813:67: error: Invalid Directive: for current device, ROM_1P + LUTRAM is invalid combination for BIND_STORAGE's option 'type + impl' [clang-diagnostic-error]
#pragma HLS BIND_STORAGE variable=second_order_float::sin_K2 type=ROM_1P impl=LUTRAM
                                                                  ^
C:\Users\liboh\Desktop\mvdr0\hls\inter\hls_component\hls_component\hls\.autopilot\db\inter.pp.0.cpp:12849:73: error: Invalid Directive: for current device, ROM_1P + LUTRAM is invalid combination for BIND_STORAGE's option 'type + impl' [clang-diagnostic-error]
#pragma HLS BIND_STORAGE variable=first_order_fixed_16::sin_cos_K0 type=ROM_1P impl=LUTRAM
                                                                        ^
C:\Users\liboh\Desktop\mvdr0\hls\inter\hls_component\hls_component\hls\.autopilot\db\inter.pp.0.cpp:12850:73: error: Invalid Directive: for current device, ROM_1P + LUTRAM is invalid combination for BIND_STORAGE's option 'type + impl' [clang-diagnostic-error]
#pragma HLS BIND_STORAGE variable=first_order_fixed_16::sin_cos_K1 type=ROM_1P impl=LUTRAM
                                                                        ^
C:\Users\liboh\Desktop\mvdr0\hls\inter\hls_component\hls_component\hls\.autopilot\db\inter.pp.0.cpp:13124:5: warning: Added loop label VITIS_LOOP_61_1:   [xilinx-label-all-loops]
    for (int n=0; n<Nmax; n++){
    ^~~
    VITIS_LOOP_61_1: 
C:\Users\liboh\Desktop\mvdr0\hls\inter\hls_component\hls_component\hls\.autopilot\db\inter.pp.0.cpp:13124:5: note: FIX-IT applied suggested code changes
C:\Users\liboh\Desktop\mvdr0\hls\inter\hls_component\hls_component\hls\.autopilot\db\inter.pp.0.cpp:13170:5: warning: Added loop label VITIS_LOOP_117_1:   [xilinx-label-all-loops]
    for (int n=0; n<Nmax; n++){
    ^~~
    VITIS_LOOP_117_1: 
C:\Users\liboh\Desktop\mvdr0\hls\inter\hls_component\hls_component\hls\.autopilot\db\inter.pp.0.cpp:13170:5: note: FIX-IT applied suggested code changes
C:\Users\liboh\Desktop\mvdr0\hls\inter\hls_component\hls_component\hls\.autopilot\db\inter.pp.0.cpp:13333:9: warning: Added loop label VITIS_LOOP_289_1:   [xilinx-label-all-loops]
        for(int i=0;i<W-1;i++){
        ^~~
        VITIS_LOOP_289_1: 
C:\Users\liboh\Desktop\mvdr0\hls\inter\hls_component\hls_component\hls\.autopilot\db\inter.pp.0.cpp:13333:9: note: FIX-IT applied suggested code changes
C:\Users\liboh\Desktop\mvdr0\hls\inter\hls_component\hls_component\hls\.autopilot\db\inter.pp.0.cpp:13485:9: warning: Added loop label VITIS_LOOP_449_1:   [xilinx-label-all-loops]
        for(int i=0;i<W-1;i++){
        ^~~
        VITIS_LOOP_449_1: 
C:\Users\liboh\Desktop\mvdr0\hls\inter\hls_component\hls_component\hls\.autopilot\db\inter.pp.0.cpp:13485:9: note: FIX-IT applied suggested code changes
C:\Users\liboh\Desktop\mvdr0\hls\inter\hls_component\hls_component\hls\.autopilot\db\inter.pp.0.cpp:13665:5: warning: Added loop label VITIS_LOOP_629_1:   [xilinx-label-all-loops]
    for(int i=0;i<W+1;i++){
    ^~~
    VITIS_LOOP_629_1: 
C:\Users\liboh\Desktop\mvdr0\hls\inter\hls_component\hls_component\hls\.autopilot\db\inter.pp.0.cpp:13665:5: note: FIX-IT applied suggested code changes
C:\Users\liboh\Desktop\mvdr0\hls\inter\hls_component\hls_component\hls\.autopilot\db\inter.pp.0.cpp:13669:5: warning: Added loop label VITIS_LOOP_633_2:   [xilinx-label-all-loops]
    for(int i=0;i<W+1;i++){
    ^~~
    VITIS_LOOP_633_2: 
C:\Users\liboh\Desktop\mvdr0\hls\inter\hls_component\hls_component\hls\.autopilot\db\inter.pp.0.cpp:13669:5: note: FIX-IT applied suggested code changes
C:\Users\liboh\Desktop\mvdr0\hls\inter\hls_component\hls_component\hls\.autopilot\db\inter.pp.0.cpp:13779:5: warning: Added loop label VITIS_LOOP_743_1:   [xilinx-label-all-loops]
    for (int n=0; n<Nmax; n++){
    ^~~
    VITIS_LOOP_743_1: 
C:\Users\liboh\Desktop\mvdr0\hls\inter\hls_component\hls_component\hls\.autopilot\db\inter.pp.0.cpp:13779:5: note: FIX-IT applied suggested code changes
C:\Users\liboh\Desktop\mvdr0\hls\inter\hls_component\hls_component\hls\.autopilot\db\inter.pp.0.cpp:13869:7: warning: Added loop label VITIS_LOOP_840_1:   [xilinx-label-all-loops]
      for(int i=0;i<W-1;i++){
      ^~~
      VITIS_LOOP_840_1: 
C:\Users\liboh\Desktop\mvdr0\hls\inter\hls_component\hls_component\hls\.autopilot\db\inter.pp.0.cpp:13869:7: note: FIX-IT applied suggested code changes
C:\Users\liboh\Desktop\mvdr0\hls\inter\hls_component\hls_component\hls\.autopilot\db\inter.pp.0.cpp:13888:7: warning: Added loop label VITIS_LOOP_859_2:   [xilinx-label-all-loops]
      for(int i=0;i<W-1;i++){
      ^~~
      VITIS_LOOP_859_2: 
C:\Users\liboh\Desktop\mvdr0\hls\inter\hls_component\hls_component\hls\.autopilot\db\inter.pp.0.cpp:13888:7: note: FIX-IT applied suggested code changes
C:\Users\liboh\Desktop\mvdr0\hls\inter\hls_component\hls_component\hls\.autopilot\db\inter.pp.0.cpp:14178:5: warning: Added loop label VITIS_LOOP_1173_1:   [xilinx-label-all-loops]
    for(int i=0; i<Nmax; i++) {
    ^~~
    VITIS_LOOP_1173_1: 
C:\Users\liboh\Desktop\mvdr0\hls\inter\hls_component\hls_component\hls\.autopilot\db\inter.pp.0.cpp:14178:5: note: FIX-IT applied suggested code changes
C:\Users\liboh\Desktop\mvdr0\hls\inter\hls_component\hls_component\hls\.autopilot\db\inter.pp.0.cpp:14261:5: warning: Added loop label VITIS_LOOP_1256_1:   [xilinx-label-all-loops]
    for(int i=0; i<Nmax; i++) {
    ^~~
    VITIS_LOOP_1256_1: 
C:\Users\liboh\Desktop\mvdr0\hls\inter\hls_component\hls_component\hls\.autopilot\db\inter.pp.0.cpp:14261:5: note: FIX-IT applied suggested code changes
C:\Users\liboh\Desktop\mvdr0\hls\inter\hls_component\hls_component\hls\.autopilot\db\inter.pp.0.cpp:14667:13: warning: Added loop label VITIS_LOOP_68_1:   [xilinx-label-all-loops]
            for (int j = 3; j >= I_+1; j--) {
            ^~~
            VITIS_LOOP_68_1: 
C:\Users\liboh\Desktop\mvdr0\hls\inter\hls_component\hls_component\hls\.autopilot\db\inter.pp.0.cpp:14667:13: note: FIX-IT applied suggested code changes
C:\Users\liboh\Desktop\mvdr0\hls\inter\hls_component\hls_component\hls\.autopilot\db\inter.pp.0.cpp:14673:17: warning: Added loop label VITIS_LOOP_74_2:   [xilinx-label-all-loops]
                for (int j = 3; j >= I_+1; j--){
                ^~~
                VITIS_LOOP_74_2: 
C:\Users\liboh\Desktop\mvdr0\hls\inter\hls_component\hls_component\hls\.autopilot\db\inter.pp.0.cpp:14673:17: note: FIX-IT applied suggested code changes
C:\Users\liboh\Desktop\mvdr0\hls\inter\hls_component\hls_component\hls\.autopilot\db\inter.pp.0.cpp:14677:17: warning: Added loop label VITIS_LOOP_78_3:   [xilinx-label-all-loops]
                for (int j = I_; j >= 0; j--){
                ^~~
                VITIS_LOOP_78_3: 
C:\Users\liboh\Desktop\mvdr0\hls\inter\hls_component\hls_component\hls\.autopilot\db\inter.pp.0.cpp:14677:17: note: FIX-IT applied suggested code changes
C:\Users\liboh\Desktop\mvdr0\hls\inter\hls_component\hls_component\hls\.autopilot\db\inter.pp.0.cpp:14725:13: warning: Added loop label VITIS_LOOP_145_4:   [xilinx-label-all-loops]
            for (int j = 9; j >= I_+4; j--) {
            ^~~
            VITIS_LOOP_145_4: 
C:\Users\liboh\Desktop\mvdr0\hls\inter\hls_component\hls_component\hls\.autopilot\db\inter.pp.0.cpp:14725:13: note: FIX-IT applied suggested code changes
C:\Users\liboh\Desktop\mvdr0\hls\inter\hls_component\hls_component\hls\.autopilot\db\inter.pp.0.cpp:14731:17: warning: Added loop label VITIS_LOOP_151_5:   [xilinx-label-all-loops]
                for (int j = 9; j >= I_+4; j--){
                ^~~
                VITIS_LOOP_151_5: 
C:\Users\liboh\Desktop\mvdr0\hls\inter\hls_component\hls_component\hls\.autopilot\db\inter.pp.0.cpp:14731:17: note: FIX-IT applied suggested code changes
C:\Users\liboh\Desktop\mvdr0\hls\inter\hls_component\hls_component\hls\.autopilot\db\inter.pp.0.cpp:14735:17: warning: Added loop label VITIS_LOOP_155_6:   [xilinx-label-all-loops]
                for (int j = I_+3; j >= 0; j--){
                ^~~
                VITIS_LOOP_155_6: 
C:\Users\liboh\Desktop\mvdr0\hls\inter\hls_component\hls_component\hls\.autopilot\db\inter.pp.0.cpp:14735:17: note: FIX-IT applied suggested code changes
C:\Users\liboh\Desktop\mvdr0\hls\inter\hls_component\hls_component\hls\.autopilot\db\inter.pp.0.cpp:14750:9: warning: Added loop label VITIS_LOOP_170_7:   [xilinx-label-all-loops]
        for (int j = 14; j < 22; j++){
        ^~~
        VITIS_LOOP_170_7: 
C:\Users\liboh\Desktop\mvdr0\hls\inter\hls_component\hls_component\hls\.autopilot\db\inter.pp.0.cpp:14750:9: note: FIX-IT applied suggested code changes
C:\Users\liboh\Desktop\mvdr0\hls\inter\hls_component\hls_component\hls\.autopilot\db\inter.pp.0.cpp:14758:17: warning: Added loop label VITIS_LOOP_178_8:   [xilinx-label-all-loops]
                for (int j = 0; j < 22; j++){
                ^~~
                VITIS_LOOP_178_8: 
C:\Users\liboh\Desktop\mvdr0\hls\inter\hls_component\hls_component\hls\.autopilot\db\inter.pp.0.cpp:14758:17: note: FIX-IT applied suggested code changes
C:\Users\liboh\Desktop\mvdr0\hls\inter\hls_component\hls_component\hls\.autopilot\db\inter.pp.0.cpp:14823:13: warning: Added loop label VITIS_LOOP_243_9:   [xilinx-label-all-loops]
            for (int j = 21; j >= I_+10; j--) {
            ^~~
            VITIS_LOOP_243_9: 
C:\Users\liboh\Desktop\mvdr0\hls\inter\hls_component\hls_component\hls\.autopilot\db\inter.pp.0.cpp:14823:13: note: FIX-IT applied suggested code changes
C:\Users\liboh\Desktop\mvdr0\hls\inter\hls_component\hls_component\hls\.autopilot\db\inter.pp.0.cpp:14829:17: warning: Added loop label VITIS_LOOP_249_10:   [xilinx-label-all-loops]
                for (int j = 21; j >= I_+10; j--) {
                ^~~
                VITIS_LOOP_249_10: 
C:\Users\liboh\Desktop\mvdr0\hls\inter\hls_component\hls_component\hls\.autopilot\db\inter.pp.0.cpp:14829:17: note: FIX-IT applied suggested code changes
C:\Users\liboh\Desktop\mvdr0\hls\inter\hls_component\hls_component\hls\.autopilot\db\inter.pp.0.cpp:14833:17: warning: Added loop label VITIS_LOOP_253_11:   [xilinx-label-all-loops]
                for (int j = I_+9; j >= 0; j--) {
                ^~~
                VITIS_LOOP_253_11: 
C:\Users\liboh\Desktop\mvdr0\hls\inter\hls_component\hls_component\hls\.autopilot\db\inter.pp.0.cpp:14833:17: note: FIX-IT applied suggested code changes
C:\Users\liboh\Desktop\mvdr0\hls\inter\hls_component\hls_component\hls\.autopilot\db\inter.pp.0.cpp:14848:9: warning: Added loop label VITIS_LOOP_268_12:   [xilinx-label-all-loops]
        for (int j = 27; j < 46; j++){
        ^~~
        VITIS_LOOP_268_12: 
C:\Users\liboh\Desktop\mvdr0\hls\inter\hls_component\hls_component\hls\.autopilot\db\inter.pp.0.cpp:14848:9: note: FIX-IT applied suggested code changes
C:\Users\liboh\Desktop\mvdr0\hls\inter\hls_component\hls_component\hls\.autopilot\db\inter.pp.0.cpp:14856:17: warning: Added loop label VITIS_LOOP_276_13:   [xilinx-label-all-loops]
                for (int j = 0; j < 46; j++) {
                ^~~
                VITIS_LOOP_276_13: 
C:\Users\liboh\Desktop\mvdr0\hls\inter\hls_component\hls_component\hls\.autopilot\db\inter.pp.0.cpp:14856:17: note: FIX-IT applied suggested code changes
C:\Users\liboh\Desktop\mvdr0\hls\inter\hls_component\hls_component\hls\.autopilot\db\inter.pp.0.cpp:15085:13: warning: Added loop label VITIS_LOOP_505_14:   [xilinx-label-all-loops]
            for (int j = 45; j >= I_+22; j--) {
            ^~~
            VITIS_LOOP_505_14: 
C:\Users\liboh\Desktop\mvdr0\hls\inter\hls_component\hls_component\hls\.autopilot\db\inter.pp.0.cpp:15085:13: note: FIX-IT applied suggested code changes
C:\Users\liboh\Desktop\mvdr0\hls\inter\hls_component\hls_component\hls\.autopilot\db\inter.pp.0.cpp:15091:17: warning: Added loop label VITIS_LOOP_511_15:   [xilinx-label-all-loops]
                for (int j = 45; j >= I_+22; j--){
                ^~~
                VITIS_LOOP_511_15: 
C:\Users\liboh\Desktop\mvdr0\hls\inter\hls_component\hls_component\hls\.autopilot\db\inter.pp.0.cpp:15091:17: note: FIX-IT applied suggested code changes
C:\Users\liboh\Desktop\mvdr0\hls\inter\hls_component\hls_component\hls\.autopilot\db\inter.pp.0.cpp:15095:17: warning: Added loop label VITIS_LOOP_515_16:   [xilinx-label-all-loops]
                for (int j = I_+21; j >= 0; j--) {
                ^~~
                VITIS_LOOP_515_16: 
C:\Users\liboh\Desktop\mvdr0\hls\inter\hls_component\hls_component\hls\.autopilot\db\inter.pp.0.cpp:15095:17: note: FIX-IT applied suggested code changes
C:\Users\liboh\Desktop\mvdr0\hls\inter\hls_component\hls_component\hls\.autopilot\db\inter.pp.0.cpp:15105:9: warning: Added loop label VITIS_LOOP_525_17:   [xilinx-label-all-loops]
        for (int j = 32-F_; j < 32+I_; j++){
        ^~~
        VITIS_LOOP_525_17: 
C:\Users\liboh\Desktop\mvdr0\hls\inter\hls_component\hls_component\hls\.autopilot\db\inter.pp.0.cpp:15105:9: note: FIX-IT applied suggested code changes
C:\Users\liboh\Desktop\mvdr0\hls\inter\hls_component\hls_component\hls\.autopilot\db\inter.pp.0.cpp:15109:9: warning: Added loop label VITIS_LOOP_529_18:   [xilinx-label-all-loops]
        for (int j = 32+I_; j <= 64; j++){
        ^~~
        VITIS_LOOP_529_18: 
C:\Users\liboh\Desktop\mvdr0\hls\inter\hls_component\hls_component\hls\.autopilot\db\inter.pp.0.cpp:15109:9: note: FIX-IT applied suggested code changes
C:\Users\liboh\Desktop\mvdr0\hls\inter\hls_component\hls_component\hls\.autopilot\db\inter.pp.0.cpp:15119:9: warning: Added loop label VITIS_LOOP_539_19:   [xilinx-label-all-loops]
        for (int j = 37; j < 64; j++) {
        ^~~
        VITIS_LOOP_539_19: 
C:\Users\liboh\Desktop\mvdr0\hls\inter\hls_component\hls_component\hls\.autopilot\db\inter.pp.0.cpp:15119:9: note: FIX-IT applied suggested code changes
C:\Users\liboh\Desktop\mvdr0\hls\inter\hls_component\hls_component\hls\.autopilot\db\inter.pp.0.cpp:15127:17: warning: Added loop label VITIS_LOOP_547_20:   [xilinx-label-all-loops]
                for (int j = 0; j < 64; j++){
                ^~~
                VITIS_LOOP_547_20: 
C:\Users\liboh\Desktop\mvdr0\hls\inter\hls_component\hls_component\hls\.autopilot\db\inter.pp.0.cpp:15127:17: note: FIX-IT applied suggested code changes
C:\Users\liboh\Desktop\mvdr0\hls\inter\hls_component\hls_component\hls\.autopilot\db\inter.pp.0.cpp:15488:13: warning: Added loop label VITIS_LOOP_908_21:   [xilinx-label-all-loops]
            for (int j = 63; j >= I_+31; j--) {
            ^~~
            VITIS_LOOP_908_21: 
C:\Users\liboh\Desktop\mvdr0\hls\inter\hls_component\hls_component\hls\.autopilot\db\inter.pp.0.cpp:15488:13: note: FIX-IT applied suggested code changes
C:\Users\liboh\Desktop\mvdr0\hls\inter\hls_component\hls_component\hls\.autopilot\db\inter.pp.0.cpp:15494:17: warning: Added loop label VITIS_LOOP_914_22:   [xilinx-label-all-loops]
                for (int j = 63; j >= I_+31; j--) {
                ^~~
                VITIS_LOOP_914_22: 
C:\Users\liboh\Desktop\mvdr0\hls\inter\hls_component\hls_component\hls\.autopilot\db\inter.pp.0.cpp:15494:17: note: FIX-IT applied suggested code changes
C:\Users\liboh\Desktop\mvdr0\hls\inter\hls_component\hls_component\hls\.autopilot\db\inter.pp.0.cpp:15498:17: warning: Added loop label VITIS_LOOP_918_23:   [xilinx-label-all-loops]
                for (int j = I_+30; j >= 0; j--) {
                ^~~
                VITIS_LOOP_918_23: 
C:\Users\liboh\Desktop\mvdr0\hls\inter\hls_component\hls_component\hls\.autopilot\db\inter.pp.0.cpp:15498:17: note: FIX-IT applied suggested code changes
C:\Users\liboh\Desktop\mvdr0\hls\inter\hls_component\hls_component\hls\.autopilot\db\inter.pp.0.cpp:15614:13: warning: Added loop label VITIS_LOOP_1034_1:   [xilinx-label-all-loops]
            for (int j = 4; j >= I_+1; j--) {
            ^~~
            VITIS_LOOP_1034_1: 
C:\Users\liboh\Desktop\mvdr0\hls\inter\hls_component\hls_component\hls\.autopilot\db\inter.pp.0.cpp:15614:13: note: FIX-IT applied suggested code changes
C:\Users\liboh\Desktop\mvdr0\hls\inter\hls_component\hls_component\hls\.autopilot\db\inter.pp.0.cpp:15620:17: warning: Added loop label VITIS_LOOP_1040_2:   [xilinx-label-all-loops]
                for (int j = 4; j >= I_+1; j--) {
                ^~~
                VITIS_LOOP_1040_2: 
C:\Users\liboh\Desktop\mvdr0\hls\inter\hls_component\hls_component\hls\.autopilot\db\inter.pp.0.cpp:15620:17: note: FIX-IT applied suggested code changes
C:\Users\liboh\Desktop\mvdr0\hls\inter\hls_component\hls_component\hls\.autopilot\db\inter.pp.0.cpp:15624:17: warning: Added loop label VITIS_LOOP_1044_3:   [xilinx-label-all-loops]
                for (int j = I_; j >= 0; j--) {
                ^~~
                VITIS_LOOP_1044_3: 
C:\Users\liboh\Desktop\mvdr0\hls\inter\hls_component\hls_component\hls\.autopilot\db\inter.pp.0.cpp:15624:17: note: FIX-IT applied suggested code changes
C:\Users\liboh\Desktop\mvdr0\hls\inter\hls_component\hls_component\hls\.autopilot\db\inter.pp.0.cpp:15711:13: warning: Added loop label VITIS_LOOP_1131_4:   [xilinx-label-all-loops]
            for (int j = 10; j >= I_+4; j--) {
            ^~~
            VITIS_LOOP_1131_4: 
C:\Users\liboh\Desktop\mvdr0\hls\inter\hls_component\hls_component\hls\.autopilot\db\inter.pp.0.cpp:15711:13: note: FIX-IT applied suggested code changes
C:\Users\liboh\Desktop\mvdr0\hls\inter\hls_component\hls_component\hls\.autopilot\db\inter.pp.0.cpp:15717:17: warning: Added loop label VITIS_LOOP_1137_5:   [xilinx-label-all-loops]
                for (int j = 10; j >= I_+4; j--) {
                ^~~
                VITIS_LOOP_1137_5: 
C:\Users\liboh\Desktop\mvdr0\hls\inter\hls_component\hls_component\hls\.autopilot\db\inter.pp.0.cpp:15717:17: note: FIX-IT applied suggested code changes
C:\Users\liboh\Desktop\mvdr0\hls\inter\hls_component\hls_component\hls\.autopilot\db\inter.pp.0.cpp:15721:17: warning: Added loop label VITIS_LOOP_1141_6:   [xilinx-label-all-loops]
                for (int j = I_+3; j >= 0; j--) {
                ^~~
                VITIS_LOOP_1141_6: 
C:\Users\liboh\Desktop\mvdr0\hls\inter\hls_component\hls_component\hls\.autopilot\db\inter.pp.0.cpp:15721:17: note: FIX-IT applied suggested code changes
C:\Users\liboh\Desktop\mvdr0\hls\inter\hls_component\hls_component\hls\.autopilot\db\inter.pp.0.cpp:15740:9: warning: Added loop label VITIS_LOOP_1160_7:   [xilinx-label-all-loops]
        for (int j = wf+3; j < w-1; j++) {
        ^~~
        VITIS_LOOP_1160_7: 
C:\Users\liboh\Desktop\mvdr0\hls\inter\hls_component\hls_component\hls\.autopilot\db\inter.pp.0.cpp:15740:9: note: FIX-IT applied suggested code changes
C:\Users\liboh\Desktop\mvdr0\hls\inter\hls_component\hls_component\hls\.autopilot\db\inter.pp.0.cpp:15747:17: warning: Added loop label VITIS_LOOP_1167_8:   [xilinx-label-all-loops]
                for (int j = 0; j < 22; j++) {
                ^~~
                VITIS_LOOP_1167_8: 
C:\Users\liboh\Desktop\mvdr0\hls\inter\hls_component\hls_component\hls\.autopilot\db\inter.pp.0.cpp:15747:17: note: FIX-IT applied suggested code changes
C:\Users\liboh\Desktop\mvdr0\hls\inter\hls_component\hls_component\hls\.autopilot\db\inter.pp.0.cpp:15863:13: warning: Added loop label VITIS_LOOP_1283_9:   [xilinx-label-all-loops]
            for (int j = 22; j >= I_+10; j--) {
            ^~~
            VITIS_LOOP_1283_9: 
C:\Users\liboh\Desktop\mvdr0\hls\inter\hls_component\hls_component\hls\.autopilot\db\inter.pp.0.cpp:15863:13: note: FIX-IT applied suggested code changes
C:\Users\liboh\Desktop\mvdr0\hls\inter\hls_component\hls_component\hls\.autopilot\db\inter.pp.0.cpp:15869:17: warning: Added loop label VITIS_LOOP_1289_10:   [xilinx-label-all-loops]
                for (int j = 22; j >= I_+10; j--){
                ^~~
                VITIS_LOOP_1289_10: 
C:\Users\liboh\Desktop\mvdr0\hls\inter\hls_component\hls_component\hls\.autopilot\db\inter.pp.0.cpp:15869:17: note: FIX-IT applied suggested code changes
C:\Users\liboh\Desktop\mvdr0\hls\inter\hls_component\hls_component\hls\.autopilot\db\inter.pp.0.cpp:15873:17: warning: Added loop label VITIS_LOOP_1293_11:   [xilinx-label-all-loops]
                for (int j = I_+9; j >= 0; j--) {
                ^~~
                VITIS_LOOP_1293_11: 
C:\Users\liboh\Desktop\mvdr0\hls\inter\hls_component\hls_component\hls\.autopilot\db\inter.pp.0.cpp:15873:17: note: FIX-IT applied suggested code changes
C:\Users\liboh\Desktop\mvdr0\hls\inter\hls_component\hls_component\hls\.autopilot\db\inter.pp.0.cpp:15893:9: warning: Added loop label VITIS_LOOP_1313_12:   [xilinx-label-all-loops]
        for (int j = wf+4; j < w-1; j++){
        ^~~
        VITIS_LOOP_1313_12: 
C:\Users\liboh\Desktop\mvdr0\hls\inter\hls_component\hls_component\hls\.autopilot\db\inter.pp.0.cpp:15893:9: note: FIX-IT applied suggested code changes
C:\Users\liboh\Desktop\mvdr0\hls\inter\hls_component\hls_component\hls\.autopilot\db\inter.pp.0.cpp:15900:17: warning: Added loop label VITIS_LOOP_1320_13:   [xilinx-label-all-loops]
                for (int j = 0; j < 46; j++) {
                ^~~
                VITIS_LOOP_1320_13: 
C:\Users\liboh\Desktop\mvdr0\hls\inter\hls_component\hls_component\hls\.autopilot\db\inter.pp.0.cpp:15900:17: note: FIX-IT applied suggested code changes
C:\Users\liboh\Desktop\mvdr0\hls\inter\hls_component\hls_component\hls\.autopilot\db\inter.pp.0.cpp:16162:13: warning: Added loop label VITIS_LOOP_1582_14:   [xilinx-label-all-loops]
            for (int j = 46; j >= I_+22; j--) {
            ^~~
            VITIS_LOOP_1582_14: 
C:\Users\liboh\Desktop\mvdr0\hls\inter\hls_component\hls_component\hls\.autopilot\db\inter.pp.0.cpp:16162:13: note: FIX-IT applied suggested code changes
C:\Users\liboh\Desktop\mvdr0\hls\inter\hls_component\hls_component\hls\.autopilot\db\inter.pp.0.cpp:16168:17: warning: Added loop label VITIS_LOOP_1588_15:   [xilinx-label-all-loops]
                for (int j = 46; j >= I_+22; j--) {
                ^~~
                VITIS_LOOP_1588_15: 
C:\Users\liboh\Desktop\mvdr0\hls\inter\hls_component\hls_component\hls\.autopilot\db\inter.pp.0.cpp:16168:17: note: FIX-IT applied suggested code changes
C:\Users\liboh\Desktop\mvdr0\hls\inter\hls_component\hls_component\hls\.autopilot\db\inter.pp.0.cpp:16172:17: warning: Added loop label VITIS_LOOP_1592_16:   [xilinx-label-all-loops]
                for (int j = I_+21; j >= 0; j--) {
                ^~~
                VITIS_LOOP_1592_16: 
C:\Users\liboh\Desktop\mvdr0\hls\inter\hls_component\hls_component\hls\.autopilot\db\inter.pp.0.cpp:16172:17: note: FIX-IT applied suggested code changes
C:\Users\liboh\Desktop\mvdr0\hls\inter\hls_component\hls_component\hls\.autopilot\db\inter.pp.0.cpp:16196:9: warning: Added loop label VITIS_LOOP_1616_17:   [xilinx-label-all-loops]
        for (int j = wf+5; j < w-1; j++){
        ^~~
        VITIS_LOOP_1616_17: 
C:\Users\liboh\Desktop\mvdr0\hls\inter\hls_component\hls_component\hls\.autopilot\db\inter.pp.0.cpp:16196:9: note: FIX-IT applied suggested code changes
C:\Users\liboh\Desktop\mvdr0\hls\inter\hls_component\hls_component\hls\.autopilot\db\inter.pp.0.cpp:16203:17: warning: Added loop label VITIS_LOOP_1623_18:   [xilinx-label-all-loops]
                for (int j = 0; j < 64; j++) {
                ^~~
                VITIS_LOOP_1623_18: 
C:\Users\liboh\Desktop\mvdr0\hls\inter\hls_component\hls_component\hls\.autopilot\db\inter.pp.0.cpp:16203:17: note: FIX-IT applied suggested code changes
C:\Users\liboh\Desktop\mvdr0\hls\inter\hls_component\hls_component\hls\.autopilot\db\inter.pp.0.cpp:16633:13: warning: Added loop label VITIS_LOOP_2053_19:   [xilinx-label-all-loops]
            for (int j = 64; j >= I_+31; j--) {
            ^~~
            VITIS_LOOP_2053_19: 
C:\Users\liboh\Desktop\mvdr0\hls\inter\hls_component\hls_component\hls\.autopilot\db\inter.pp.0.cpp:16633:13: note: FIX-IT applied suggested code changes
C:\Users\liboh\Desktop\mvdr0\hls\inter\hls_component\hls_component\hls\.autopilot\db\inter.pp.0.cpp:16639:17: warning: Added loop label VITIS_LOOP_2059_20:   [xilinx-label-all-loops]
                for (int j = 64; j >= I_+31; j--) {
                ^~~
                VITIS_LOOP_2059_20: 
C:\Users\liboh\Desktop\mvdr0\hls\inter\hls_component\hls_component\hls\.autopilot\db\inter.pp.0.cpp:16639:17: note: FIX-IT applied suggested code changes
C:\Users\liboh\Desktop\mvdr0\hls\inter\hls_component\hls_component\hls\.autopilot\db\inter.pp.0.cpp:16643:17: warning: Added loop label VITIS_LOOP_2063_21:   [xilinx-label-all-loops]
                for (int j = I_+30; j >= 0; j--) {
                ^~~
                VITIS_LOOP_2063_21: 
C:\Users\liboh\Desktop\mvdr0\hls\inter\hls_component\hls_component\hls\.autopilot\db\inter.pp.0.cpp:16643:17: note: FIX-IT applied suggested code changes
C:\Users\liboh\Desktop\mvdr0\hls\inter\hls_component\hls_component\hls\.autopilot\db\inter.pp.0.cpp:16773:13: warning: Added loop label VITIS_LOOP_2193_1:   [xilinx-label-all-loops]
            for(int j=3; j>=I+1; j--) {
            ^~~
            VITIS_LOOP_2193_1: 
C:\Users\liboh\Desktop\mvdr0\hls\inter\hls_component\hls_component\hls\.autopilot\db\inter.pp.0.cpp:16773:13: note: FIX-IT applied suggested code changes
C:\Users\liboh\Desktop\mvdr0\hls\inter\hls_component\hls_component\hls\.autopilot\db\inter.pp.0.cpp:16780:17: warning: Added loop label VITIS_LOOP_2200_2:   [xilinx-label-all-loops]
                for(int j=3; j>=I+1; j--) {
                ^~~
                VITIS_LOOP_2200_2: 
C:\Users\liboh\Desktop\mvdr0\hls\inter\hls_component\hls_component\hls\.autopilot\db\inter.pp.0.cpp:16780:17: note: FIX-IT applied suggested code changes
C:\Users\liboh\Desktop\mvdr0\hls\inter\hls_component\hls_component\hls\.autopilot\db\inter.pp.0.cpp:16784:17: warning: Added loop label VITIS_LOOP_2204_3:   [xilinx-label-all-loops]
                for(int j=I; j>=0; j--) {
                ^~~
                VITIS_LOOP_2204_3: 
C:\Users\liboh\Desktop\mvdr0\hls\inter\hls_component\hls_component\hls\.autopilot\db\inter.pp.0.cpp:16784:17: note: FIX-IT applied suggested code changes
C:\Users\liboh\Desktop\mvdr0\hls\inter\hls_component\hls_component\hls\.autopilot\db\inter.pp.0.cpp:16831:13: warning: Added loop label VITIS_LOOP_2251_4:   [xilinx-label-all-loops]
            for(int j=7; j>=3+I; j--) {
            ^~~
            VITIS_LOOP_2251_4: 
C:\Users\liboh\Desktop\mvdr0\hls\inter\hls_component\hls_component\hls\.autopilot\db\inter.pp.0.cpp:16831:13: note: FIX-IT applied suggested code changes
C:\Users\liboh\Desktop\mvdr0\hls\inter\hls_component\hls_component\hls\.autopilot\db\inter.pp.0.cpp:16838:17: warning: Added loop label VITIS_LOOP_2258_5:   [xilinx-label-all-loops]
                for(int j=7; j>=3+I; j--) {
                ^~~
                VITIS_LOOP_2258_5: 
C:\Users\liboh\Desktop\mvdr0\hls\inter\hls_component\hls_component\hls\.autopilot\db\inter.pp.0.cpp:16838:17: note: FIX-IT applied suggested code changes
C:\Users\liboh\Desktop\mvdr0\hls\inter\hls_component\hls_component\hls\.autopilot\db\inter.pp.0.cpp:16842:17: warning: Added loop label VITIS_LOOP_2262_6:   [xilinx-label-all-loops]
                for(int j=I+2; j>=0; j--) {
                ^~~
                VITIS_LOOP_2262_6: 
C:\Users\liboh\Desktop\mvdr0\hls\inter\hls_component\hls_component\hls\.autopilot\db\inter.pp.0.cpp:16842:17: note: FIX-IT applied suggested code changes
C:\Users\liboh\Desktop\mvdr0\hls\inter\hls_component\hls_component\hls\.autopilot\db\inter.pp.0.cpp:16860:9: warning: Added loop label VITIS_LOOP_2280_7:   [xilinx-label-all-loops]
        for(int j=11; j<16; j++) {
        ^~~
        VITIS_LOOP_2280_7: 
C:\Users\liboh\Desktop\mvdr0\hls\inter\hls_component\hls_component\hls\.autopilot\db\inter.pp.0.cpp:16860:9: note: FIX-IT applied suggested code changes
C:\Users\liboh\Desktop\mvdr0\hls\inter\hls_component\hls_component\hls\.autopilot\db\inter.pp.0.cpp:16915:13: warning: Added loop label VITIS_LOOP_2335_8:   [xilinx-label-all-loops]
            for(int j=15; j>=7+I; j--) {
            ^~~
            VITIS_LOOP_2335_8: 
C:\Users\liboh\Desktop\mvdr0\hls\inter\hls_component\hls_component\hls\.autopilot\db\inter.pp.0.cpp:16915:13: note: FIX-IT applied suggested code changes
C:\Users\liboh\Desktop\mvdr0\hls\inter\hls_component\hls_component\hls\.autopilot\db\inter.pp.0.cpp:16922:17: warning: Added loop label VITIS_LOOP_2342_9:   [xilinx-label-all-loops]
                for(int j=15; j>=7+I; j--) {
                ^~~
                VITIS_LOOP_2342_9: 
C:\Users\liboh\Desktop\mvdr0\hls\inter\hls_component\hls_component\hls\.autopilot\db\inter.pp.0.cpp:16922:17: note: FIX-IT applied suggested code changes
C:\Users\liboh\Desktop\mvdr0\hls\inter\hls_component\hls_component\hls\.autopilot\db\inter.pp.0.cpp:16926:17: warning: Added loop label VITIS_LOOP_2346_10:   [xilinx-label-all-loops]
                for(int j=6+I; j>=0; j--) {
                ^~~
                VITIS_LOOP_2346_10: 
C:\Users\liboh\Desktop\mvdr0\hls\inter\hls_component\hls_component\hls\.autopilot\db\inter.pp.0.cpp:16926:17: note: FIX-IT applied suggested code changes
C:\Users\liboh\Desktop\mvdr0\hls\inter\hls_component\hls_component\hls\.autopilot\db\inter.pp.0.cpp:16944:9: warning: Added loop label VITIS_LOOP_2364_11:   [xilinx-label-all-loops]
        for(int j=20; j<32; j++) {
        ^~~
        VITIS_LOOP_2364_11: 
C:\Users\liboh\Desktop\mvdr0\hls\inter\hls_component\hls_component\hls\.autopilot\db\inter.pp.0.cpp:16944:9: note: FIX-IT applied suggested code changes
C:\Users\liboh\Desktop\mvdr0\hls\inter\hls_component\hls_component\hls\.autopilot\db\inter.pp.0.cpp:17033:13: warning: Added loop label VITIS_LOOP_2453_12:   [xilinx-label-all-loops]
            for(int j=31; j>=I+15; j--) {
            ^~~
            VITIS_LOOP_2453_12: 
C:\Users\liboh\Desktop\mvdr0\hls\inter\hls_component\hls_component\hls\.autopilot\db\inter.pp.0.cpp:17033:13: note: FIX-IT applied suggested code changes
C:\Users\liboh\Desktop\mvdr0\hls\inter\hls_component\hls_component\hls\.autopilot\db\inter.pp.0.cpp:17040:17: warning: Added loop label VITIS_LOOP_2460_13:   [xilinx-label-all-loops]
                for(int j=31; j>=I+15; j--) {
                ^~~
                VITIS_LOOP_2460_13: 
C:\Users\liboh\Desktop\mvdr0\hls\inter\hls_component\hls_component\hls\.autopilot\db\inter.pp.0.cpp:17040:17: note: FIX-IT applied suggested code changes
C:\Users\liboh\Desktop\mvdr0\hls\inter\hls_component\hls_component\hls\.autopilot\db\inter.pp.0.cpp:17044:17: warning: Added loop label VITIS_LOOP_2464_14:   [xilinx-label-all-loops]
                for(int j=I+14; j>=0; j--) {
                ^~~
                VITIS_LOOP_2464_14: 
C:\Users\liboh\Desktop\mvdr0\hls\inter\hls_component\hls_component\hls\.autopilot\db\inter.pp.0.cpp:17044:17: note: FIX-IT applied suggested code changes
C:\Users\liboh\Desktop\mvdr0\hls\inter\hls_component\hls_component\hls\.autopilot\db\inter.pp.0.cpp:17054:9: warning: Added loop label VITIS_LOOP_2474_15:   [xilinx-label-all-loops]
        for(int j=32-F; j<32+I; j++) {
        ^~~
        VITIS_LOOP_2474_15: 
C:\Users\liboh\Desktop\mvdr0\hls\inter\hls_component\hls_component\hls\.autopilot\db\inter.pp.0.cpp:17054:9: note: FIX-IT applied suggested code changes
C:\Users\liboh\Desktop\mvdr0\hls\inter\hls_component\hls_component\hls\.autopilot\db\inter.pp.0.cpp:17058:9: warning: Added loop label VITIS_LOOP_2478_16:   [xilinx-label-all-loops]
        for(int j=32+I; j<=64; j++) {
        ^~~
        VITIS_LOOP_2478_16: 
C:\Users\liboh\Desktop\mvdr0\hls\inter\hls_component\hls_component\hls\.autopilot\db\inter.pp.0.cpp:17058:9: note: FIX-IT applied suggested code changes
C:\Users\liboh\Desktop\mvdr0\hls\inter\hls_component\hls_component\hls\.autopilot\db\inter.pp.0.cpp:17069:9: warning: Added loop label VITIS_LOOP_2489_17:   [xilinx-label-all-loops]
        for(int j=37; j<64; j++) {
        ^~~
        VITIS_LOOP_2489_17: 
C:\Users\liboh\Desktop\mvdr0\hls\inter\hls_component\hls_component\hls\.autopilot\db\inter.pp.0.cpp:17069:9: note: FIX-IT applied suggested code changes
C:\Users\liboh\Desktop\mvdr0\hls\inter\hls_component\hls_component\hls\.autopilot\db\inter.pp.0.cpp:17077:17: warning: Added loop label VITIS_LOOP_2497_18:   [xilinx-label-all-loops]
                for(int j=0; j<64; j++) {
                ^~~
                VITIS_LOOP_2497_18: 
C:\Users\liboh\Desktop\mvdr0\hls\inter\hls_component\hls_component\hls\.autopilot\db\inter.pp.0.cpp:17077:17: note: FIX-IT applied suggested code changes
C:\Users\liboh\Desktop\mvdr0\hls\inter\hls_component\hls_component\hls\.autopilot\db\inter.pp.0.cpp:17402:13: warning: Added loop label VITIS_LOOP_2822_19:   [xilinx-label-all-loops]
            for(int j=63; j>=I+31; j--) {
            ^~~
            VITIS_LOOP_2822_19: 
C:\Users\liboh\Desktop\mvdr0\hls\inter\hls_component\hls_component\hls\.autopilot\db\inter.pp.0.cpp:17402:13: note: FIX-IT applied suggested code changes
C:\Users\liboh\Desktop\mvdr0\hls\inter\hls_component\hls_component\hls\.autopilot\db\inter.pp.0.cpp:17409:17: warning: Added loop label VITIS_LOOP_2829_20:   [xilinx-label-all-loops]
                for(int j=63; j>=I+31; j--) {
                ^~~
                VITIS_LOOP_2829_20: 
C:\Users\liboh\Desktop\mvdr0\hls\inter\hls_component\hls_component\hls\.autopilot\db\inter.pp.0.cpp:17409:17: note: FIX-IT applied suggested code changes
C:\Users\liboh\Desktop\mvdr0\hls\inter\hls_component\hls_component\hls\.autopilot\db\inter.pp.0.cpp:17413:17: warning: Added loop label VITIS_LOOP_2833_21:   [xilinx-label-all-loops]
                for(int j=I+30; j>=0; j--) {
                ^~~
                VITIS_LOOP_2833_21: 
C:\Users\liboh\Desktop\mvdr0\hls\inter\hls_component\hls_component\hls\.autopilot\db\inter.pp.0.cpp:17413:17: note: FIX-IT applied suggested code changes
C:\Users\liboh\Desktop\mvdr0\hls\inter\hls_component\hls_component\hls\.autopilot\db\inter.pp.0.cpp:17501:4: warning: Added loop label VITIS_LOOP_2921_1:   [xilinx-label-all-loops]
   for(int j = 5; j>=I_+2; j--) {
   ^~~
   VITIS_LOOP_2921_1: 
C:\Users\liboh\Desktop\mvdr0\hls\inter\hls_component\hls_component\hls\.autopilot\db\inter.pp.0.cpp:17501:4: note: FIX-IT applied suggested code changes
C:\Users\liboh\Desktop\mvdr0\hls\inter\hls_component\hls_component\hls\.autopilot\db\inter.pp.0.cpp:17508:5: warning: Added loop label VITIS_LOOP_2928_2:   [xilinx-label-all-loops]
    for(int j = 5; j>=I_+2; j--) {
    ^~~
    VITIS_LOOP_2928_2: 
C:\Users\liboh\Desktop\mvdr0\hls\inter\hls_component\hls_component\hls\.autopilot\db\inter.pp.0.cpp:17508:5: note: FIX-IT applied suggested code changes
C:\Users\liboh\Desktop\mvdr0\hls\inter\hls_component\hls_component\hls\.autopilot\db\inter.pp.0.cpp:17512:5: warning: Added loop label VITIS_LOOP_2932_3:   [xilinx-label-all-loops]
    for(int j = I_+1; j>=0; j--) {
    ^~~
    VITIS_LOOP_2932_3: 
C:\Users\liboh\Desktop\mvdr0\hls\inter\hls_component\hls_component\hls\.autopilot\db\inter.pp.0.cpp:17512:5: note: FIX-IT applied suggested code changes
C:\Users\liboh\Desktop\mvdr0\hls\inter\hls_component\hls_component\hls\.autopilot\db\inter.pp.0.cpp:17527:3: warning: Added loop label VITIS_LOOP_2947_4:   [xilinx-label-all-loops]
  for(int j = 11; j >=7; j--) {
  ^~~
  VITIS_LOOP_2947_4: 
C:\Users\liboh\Desktop\mvdr0\hls\inter\hls_component\hls_component\hls\.autopilot\db\inter.pp.0.cpp:17527:3: note: FIX-IT applied suggested code changes
C:\Users\liboh\Desktop\mvdr0\hls\inter\hls_component\hls_component\hls\.autopilot\db\inter.pp.0.cpp:17559:4: warning: Added loop label VITIS_LOOP_2979_5:   [xilinx-label-all-loops]
   for(int j = 11; j >= I_+5; j--) {
   ^~~
   VITIS_LOOP_2979_5: 
C:\Users\liboh\Desktop\mvdr0\hls\inter\hls_component\hls_component\hls\.autopilot\db\inter.pp.0.cpp:17559:4: note: FIX-IT applied suggested code changes
C:\Users\liboh\Desktop\mvdr0\hls\inter\hls_component\hls_component\hls\.autopilot\db\inter.pp.0.cpp:17566:5: warning: Added loop label VITIS_LOOP_2986_6:   [xilinx-label-all-loops]
    for(int j = 11; j>= I_+5; j--) {
    ^~~
    VITIS_LOOP_2986_6: 
C:\Users\liboh\Desktop\mvdr0\hls\inter\hls_component\hls_component\hls\.autopilot\db\inter.pp.0.cpp:17566:5: note: FIX-IT applied suggested code changes
C:\Users\liboh\Desktop\mvdr0\hls\inter\hls_component\hls_component\hls\.autopilot\db\inter.pp.0.cpp:17570:5: warning: Added loop label VITIS_LOOP_2990_7:   [xilinx-label-all-loops]
    for(int j = I_+4; j>=0; j--) {
    ^~~
    VITIS_LOOP_2990_7: 
C:\Users\liboh\Desktop\mvdr0\hls\inter\hls_component\hls_component\hls\.autopilot\db\inter.pp.0.cpp:17570:5: note: FIX-IT applied suggested code changes
C:\Users\liboh\Desktop\mvdr0\hls\inter\hls_component\hls_component\hls\.autopilot\db\inter.pp.0.cpp:17585:3: warning: Added loop label VITIS_LOOP_3005_8:   [xilinx-label-all-loops]
  for(int j = 25; j>=15; j--) {
  ^~~
  VITIS_LOOP_3005_8: 
C:\Users\liboh\Desktop\mvdr0\hls\inter\hls_component\hls_component\hls\.autopilot\db\inter.pp.0.cpp:17585:3: note: FIX-IT applied suggested code changes
C:\Users\liboh\Desktop\mvdr0\hls\inter\hls_component\hls_component\hls\.autopilot\db\inter.pp.0.cpp:17635:4: warning: Added loop label VITIS_LOOP_3055_9:   [xilinx-label-all-loops]
   for(int j = 25; j>= I_+12; j--) {
   ^~~
   VITIS_LOOP_3055_9: 
C:\Users\liboh\Desktop\mvdr0\hls\inter\hls_component\hls_component\hls\.autopilot\db\inter.pp.0.cpp:17635:4: note: FIX-IT applied suggested code changes
C:\Users\liboh\Desktop\mvdr0\hls\inter\hls_component\hls_component\hls\.autopilot\db\inter.pp.0.cpp:17642:5: warning: Added loop label VITIS_LOOP_3062_10:   [xilinx-label-all-loops]
    for(int j = 25; j>=I_+12; j--) {
    ^~~
    VITIS_LOOP_3062_10: 
C:\Users\liboh\Desktop\mvdr0\hls\inter\hls_component\hls_component\hls\.autopilot\db\inter.pp.0.cpp:17642:5: note: FIX-IT applied suggested code changes
C:\Users\liboh\Desktop\mvdr0\hls\inter\hls_component\hls_component\hls\.autopilot\db\inter.pp.0.cpp:17646:5: warning: Added loop label VITIS_LOOP_3066_11:   [xilinx-label-all-loops]
    for(int j = I_+11; j>=0; j--) {
    ^~~
    VITIS_LOOP_3066_11: 
C:\Users\liboh\Desktop\mvdr0\hls\inter\hls_component\hls_component\hls\.autopilot\db\inter.pp.0.cpp:17646:5: note: FIX-IT applied suggested code changes
C:\Users\liboh\Desktop\mvdr0\hls\inter\hls_component\hls_component\hls\.autopilot\db\inter.pp.0.cpp:17661:3: warning: Added loop label VITIS_LOOP_3081_12:   [xilinx-label-all-loops]
  for(int j = 51; j >= 29; j--) {
  ^~~
  VITIS_LOOP_3081_12: 
C:\Users\liboh\Desktop\mvdr0\hls\inter\hls_component\hls_component\hls\.autopilot\db\inter.pp.0.cpp:17661:3: note: FIX-IT applied suggested code changes
C:\Users\liboh\Desktop\mvdr0\hls\inter\hls_component\hls_component\hls\.autopilot\db\inter.pp.0.cpp:17798:4: warning: Added loop label VITIS_LOOP_3218_13:   [xilinx-label-all-loops]
   for(int j = 51; j >= 25 + I_; j--) {
   ^~~
   VITIS_LOOP_3218_13: 
C:\Users\liboh\Desktop\mvdr0\hls\inter\hls_component\hls_component\hls\.autopilot\db\inter.pp.0.cpp:17798:4: note: FIX-IT applied suggested code changes
C:\Users\liboh\Desktop\mvdr0\hls\inter\hls_component\hls_component\hls\.autopilot\db\inter.pp.0.cpp:17805:5: warning: Added loop label VITIS_LOOP_3225_14:   [xilinx-label-all-loops]
    for(int j = 51; j>=25 + I_; j--) {
    ^~~
    VITIS_LOOP_3225_14: 
C:\Users\liboh\Desktop\mvdr0\hls\inter\hls_component\hls_component\hls\.autopilot\db\inter.pp.0.cpp:17805:5: note: FIX-IT applied suggested code changes
C:\Users\liboh\Desktop\mvdr0\hls\inter\hls_component\hls_component\hls\.autopilot\db\inter.pp.0.cpp:17809:5: warning: Added loop label VITIS_LOOP_3229_15:   [xilinx-label-all-loops]
    for(int j = 24 + I_; j >= 0; j--) {
    ^~~
    VITIS_LOOP_3229_15: 
C:\Users\liboh\Desktop\mvdr0\hls\inter\hls_component\hls_component\hls\.autopilot\db\inter.pp.0.cpp:17809:5: note: FIX-IT applied suggested code changes
C:\Users\liboh\Desktop\mvdr0\hls\inter\hls_component\hls_component\hls\.autopilot\db\inter.pp.0.cpp:17824:3: warning: Added loop label VITIS_LOOP_3244_16:   [xilinx-label-all-loops]
  for(int j = 63; j >= 36; j--) {
  ^~~
  VITIS_LOOP_3244_16: 
C:\Users\liboh\Desktop\mvdr0\hls\inter\hls_component\hls_component\hls\.autopilot\db\inter.pp.0.cpp:17824:3: note: FIX-IT applied suggested code changes
C:\Users\liboh\Desktop\mvdr0\hls\inter\hls_component\hls_component\hls\.autopilot\db\inter.pp.0.cpp:17984:4: warning: Added loop label VITIS_LOOP_3404_17:   [xilinx-label-all-loops]
   for(int j = 63; j >= 31 + I_; j--) {
   ^~~
   VITIS_LOOP_3404_17: 
C:\Users\liboh\Desktop\mvdr0\hls\inter\hls_component\hls_component\hls\.autopilot\db\inter.pp.0.cpp:17984:4: note: FIX-IT applied suggested code changes
C:\Users\liboh\Desktop\mvdr0\hls\inter\hls_component\hls_component\hls\.autopilot\db\inter.pp.0.cpp:17991:5: warning: Added loop label VITIS_LOOP_3411_18:   [xilinx-label-all-loops]
    for(int j = 63; j >= 31 + I_; j--) {
    ^~~
    VITIS_LOOP_3411_18: 
C:\Users\liboh\Desktop\mvdr0\hls\inter\hls_component\hls_component\hls\.autopilot\db\inter.pp.0.cpp:17991:5: note: FIX-IT applied suggested code changes
C:\Users\liboh\Desktop\mvdr0\hls\inter\hls_component\hls_component\hls\.autopilot\db\inter.pp.0.cpp:17995:5: warning: Added loop label VITIS_LOOP_3415_19:   [xilinx-label-all-loops]
    for(int j = 30 + I_; j >= 0; j--) {
    ^~~
    VITIS_LOOP_3415_19: 
C:\Users\liboh\Desktop\mvdr0\hls\inter\hls_component\hls_component\hls\.autopilot\db\inter.pp.0.cpp:17995:5: note: FIX-IT applied suggested code changes
C:\Users\liboh\Desktop\mvdr0\hls\inter\hls_component\hls_component\hls\.autopilot\db\inter.pp.0.cpp:18710:13: warning: Added loop label VITIS_LOOP_703_1:   [xilinx-label-all-loops]
            for (b_exp = I_-1; b_exp >= -F_; b_exp--) {
            ^~~
            VITIS_LOOP_703_1: 
C:\Users\liboh\Desktop\mvdr0\hls\inter\hls_component\hls_component\hls\.autopilot\db\inter.pp.0.cpp:18710:13: note: FIX-IT applied suggested code changes
C:\Users\liboh\Desktop\mvdr0\hls\inter\hls_component\hls_component\hls\.autopilot\db\inter.pp.0.cpp:18928:13: warning: Added loop label VITIS_LOOP_921_1:   [xilinx-label-all-loops]
            for (b_exp = I_-1; b_exp >= -F_; b_exp--) {
            ^~~
            VITIS_LOOP_921_1: 
C:\Users\liboh\Desktop\mvdr0\hls\inter\hls_component\hls_component\hls\.autopilot\db\inter.pp.0.cpp:18928:13: note: FIX-IT applied suggested code changes
C:\Users\liboh\Desktop\mvdr0\hls\inter\hls_component\hls_component\hls\.autopilot\db\inter.pp.0.cpp:19345:13: warning: Added loop label VITIS_LOOP_1345_1:   [xilinx-label-all-loops]
            for (b_exp = I_-1; b_exp >= -F_; b_exp--) {
            ^~~
            VITIS_LOOP_1345_1: 
C:\Users\liboh\Desktop\mvdr0\hls\inter\hls_component\hls_component\hls\.autopilot\db\inter.pp.0.cpp:19345:13: note: FIX-IT applied suggested code changes
C:\Users\liboh\Desktop\mvdr0\hls\inter\hls_component\hls_component\hls\.autopilot\db\inter.pp.0.cpp:19665:9: warning: Added loop label VITIS_LOOP_240_1:   [xilinx-label-all-loops]
        for ( int pos = msbr-1; pos >= 0; pos-- ) {
        ^~~
        VITIS_LOOP_240_1: 
C:\Users\liboh\Desktop\mvdr0\hls\inter\hls_component\hls_component\hls\.autopilot\db\inter.pp.0.cpp:19665:9: note: FIX-IT applied suggested code changes
C:\Users\liboh\Desktop\mvdr0\hls\inter\hls_component\hls_component\hls\.autopilot\db\inter.pp.0.cpp:19693:9: warning: Added loop label VITIS_LOOP_268_2:   [xilinx-label-all-loops]
        for ( int pos = -1; pos >= -F_-1; pos-- ) {
        ^~~
        VITIS_LOOP_268_2: 
C:\Users\liboh\Desktop\mvdr0\hls\inter\hls_component\hls_component\hls\.autopilot\db\inter.pp.0.cpp:19693:9: note: FIX-IT applied suggested code changes
C:\Users\liboh\Desktop\mvdr0\hls\inter\hls_component\hls_component\hls\.autopilot\db\inter.pp.0.cpp:20395:13: warning: Added loop label VITIS_LOOP_48_1:   [xilinx-label-all-loops]
            for (int j = 0; j < W_-1; j++){
            ^~~
            VITIS_LOOP_48_1: 
C:\Users\liboh\Desktop\mvdr0\hls\inter\hls_component\hls_component\hls\.autopilot\db\inter.pp.0.cpp:20395:13: note: FIX-IT applied suggested code changes
C:\Users\liboh\Desktop\mvdr0\hls\inter\hls_component\hls_component\hls\.autopilot\db\inter.pp.0.cpp:20448:5: warning: Added loop label VITIS_LOOP_109_2:   [xilinx-label-all-loops]
    for (int j = F_l+F_+I_m-1; j < F_l+W_+5; j++){
    ^~~
    VITIS_LOOP_109_2: 
C:\Users\liboh\Desktop\mvdr0\hls\inter\hls_component\hls_component\hls\.autopilot\db\inter.pp.0.cpp:20448:5: note: FIX-IT applied suggested code changes
C:\Users\liboh\Desktop\mvdr0\hls\inter\hls_component\hls_component\hls\.autopilot\db\inter.pp.0.cpp:20462:13: warning: Added loop label VITIS_LOOP_123_3:   [xilinx-label-all-loops]
            for (int j = WO_m-1; j >= W_-1; j--) {
            ^~~
            VITIS_LOOP_123_3: 
C:\Users\liboh\Desktop\mvdr0\hls\inter\hls_component\hls_component\hls\.autopilot\db\inter.pp.0.cpp:20462:13: note: FIX-IT applied suggested code changes
C:\Users\liboh\Desktop\mvdr0\hls\inter\hls_component\hls_component\hls\.autopilot\db\inter.pp.0.cpp:20492:13: warning: Added loop label VITIS_LOOP_153_4:   [xilinx-label-all-loops]
            for (int j = W_-2; j >= 0; j--){
            ^~~
            VITIS_LOOP_153_4: 
C:\Users\liboh\Desktop\mvdr0\hls\inter\hls_component\hls_component\hls\.autopilot\db\inter.pp.0.cpp:20492:13: note: FIX-IT applied suggested code changes
C:\Users\liboh\Desktop\mvdr0\hls\inter\hls_component\hls_component\hls\.autopilot\db\inter.pp.0.cpp:20577:12: warning: Added loop label VITIS_LOOP_281_1:   [xilinx-label-all-loops]
           for(int i = wf_log+we_log-2; i > WI_e - 2; --i) {
           ^~~
           VITIS_LOOP_281_1: 
C:\Users\liboh\Desktop\mvdr0\hls\inter\hls_component\hls_component\hls\.autopilot\db\inter.pp.0.cpp:20577:12: note: FIX-IT applied suggested code changes
C:\Users\liboh\Desktop\mvdr0\hls\inter\hls_component\hls_component\hls\.autopilot\db\inter.pp.0.cpp:20597:16: warning: Added loop label VITIS_LOOP_301_2:   [xilinx-label-all-loops]
               for (int j = WO_e-1; j >= W_-1; j--) {
               ^~~
               VITIS_LOOP_301_2: 
C:\Users\liboh\Desktop\mvdr0\hls\inter\hls_component\hls_component\hls\.autopilot\db\inter.pp.0.cpp:20597:16: note: FIX-IT applied suggested code changes
C:\Users\liboh\Desktop\mvdr0\hls\inter\hls_component\hls_component\hls\.autopilot\db\inter.pp.0.cpp:20611:20: warning: Added loop label VITIS_LOOP_315_3:   [xilinx-label-all-loops]
                   for(int i = 0; i < W_-1; ++i) {
                   ^~~
                   VITIS_LOOP_315_3: 
C:\Users\liboh\Desktop\mvdr0\hls\inter\hls_component\hls_component\hls\.autopilot\db\inter.pp.0.cpp:20611:20: note: FIX-IT applied suggested code changes
C:\Users\liboh\Desktop\mvdr0\hls\inter\hls_component\hls_component\hls\.autopilot\db\inter.pp.0.cpp:20704:12: warning: Added loop label VITIS_LOOP_433_1:   [xilinx-label-all-loops]
           for (int j =WO_d-1; j >= W_-1; j--) {
           ^~~
           VITIS_LOOP_433_1: 
C:\Users\liboh\Desktop\mvdr0\hls\inter\hls_component\hls_component\hls\.autopilot\db\inter.pp.0.cpp:20704:12: note: FIX-IT applied suggested code changes
C:\Users\liboh\Desktop\mvdr0\hls\inter\hls_component\hls_component\hls\.autopilot\db\inter.pp.0.cpp:20718:15: warning: Added loop label VITIS_LOOP_447_2:   [xilinx-label-all-loops]
              for(int i = 0; i < W_-1; ++i) {
              ^~~
              VITIS_LOOP_447_2: 
C:\Users\liboh\Desktop\mvdr0\hls\inter\hls_component\hls_component\hls\.autopilot\db\inter.pp.0.cpp:20718:15: note: FIX-IT applied suggested code changes
C:\Users\liboh\Desktop\mvdr0\hls\inter\hls_component\hls_component\hls\.autopilot\db\inter.pp.0.cpp:20838:13: warning: Added loop label VITIS_LOOP_33_1:   [xilinx-label-all-loops]
            for (int i = 0; i < W_-1; i++){
            ^~~
            VITIS_LOOP_33_1: 
C:\Users\liboh\Desktop\mvdr0\hls\inter\hls_component\hls_component\hls\.autopilot\db\inter.pp.0.cpp:20838:13: note: FIX-IT applied suggested code changes
C:\Users\liboh\Desktop\mvdr0\hls\inter\hls_component\hls_component\hls\.autopilot\db\inter.pp.0.cpp:20962:13: warning: Added loop label VITIS_LOOP_183_1:   [xilinx-label-all-loops]
            for (int i = 0; i < W_-1; i++){
            ^~~
            VITIS_LOOP_183_1: 
C:\Users\liboh\Desktop\mvdr0\hls\inter\hls_component\hls_component\hls\.autopilot\db\inter.pp.0.cpp:20962:13: note: FIX-IT applied suggested code changes
C:\Users\liboh\Desktop\mvdr0\hls\inter\hls_component\hls_component\hls\.autopilot\db\inter.pp.0.cpp:21017:13: warning: Added loop label VITIS_LOOP_248_1:   [xilinx-label-all-loops]
            for (int i = 0; i < W_-1; i++){
            ^~~
            VITIS_LOOP_248_1: 
C:\Users\liboh\Desktop\mvdr0\hls\inter\hls_component\hls_component\hls\.autopilot\db\inter.pp.0.cpp:21017:13: note: FIX-IT applied suggested code changes
C:\Users\liboh\Desktop\mvdr0\hls\inter\hls_component\hls_component\hls\.autopilot\db\inter.pp.0.cpp:21536:2: warning: Added loop label VITIS_LOOP_16_1:   [xilinx-label-all-loops]
 for (int i=0; i<W_;i++)
 ^~~
 VITIS_LOOP_16_1: 
C:\Users\liboh\Desktop\mvdr0\hls\inter\hls_component\hls_component\hls\.autopilot\db\inter.pp.0.cpp:21536:2: note: FIX-IT applied suggested code changes
C:\Users\liboh\Desktop\mvdr0\hls\inter\hls_component\hls_component\hls\.autopilot\db\inter.pp.0.cpp:21547:2: warning: Added loop label VITIS_LOOP_27_1:   [xilinx-label-all-loops]
 for (int i=0; i<W_;i++)
 ^~~
 VITIS_LOOP_27_1: 
C:\Users\liboh\Desktop\mvdr0\hls\inter\hls_component\hls_component\hls\.autopilot\db\inter.pp.0.cpp:21547:2: note: FIX-IT applied suggested code changes
C:\Users\liboh\Desktop\mvdr0\hls\inter\hls_component\hls_component\hls\.autopilot\db\inter.pp.0.cpp:21558:2: warning: Added loop label VITIS_LOOP_38_1:   [xilinx-label-all-loops]
 for (int i=0; i<I_;i++)
 ^~~
 VITIS_LOOP_38_1: 
C:\Users\liboh\Desktop\mvdr0\hls\inter\hls_component\hls_component\hls\.autopilot\db\inter.pp.0.cpp:21558:2: note: FIX-IT applied suggested code changes
C:\Users\liboh\Desktop\mvdr0\hls\inter\hls_component\hls_component\hls\.autopilot\db\inter.pp.0.cpp:21569:2: warning: Added loop label VITIS_LOOP_49_1:   [xilinx-label-all-loops]
 for (int i=0; i<I_;i++)
 ^~~
 VITIS_LOOP_49_1: 
C:\Users\liboh\Desktop\mvdr0\hls\inter\hls_component\hls_component\hls\.autopilot\db\inter.pp.0.cpp:21569:2: note: FIX-IT applied suggested code changes
C:\Users\liboh\Desktop\mvdr0\hls\inter\hls_component\hls_component\hls\.autopilot\db\inter.pp.0.cpp:21580:2: warning: Added loop label VITIS_LOOP_60_1:   [xilinx-label-all-loops]
 for (int i=0; i<W_;i++)
 ^~~
 VITIS_LOOP_60_1: 
C:\Users\liboh\Desktop\mvdr0\hls\inter\hls_component\hls_component\hls\.autopilot\db\inter.pp.0.cpp:21580:2: note: FIX-IT applied suggested code changes
C:\Users\liboh\Desktop\mvdr0\hls\inter\hls_component\hls_component\hls\.autopilot\db\inter.pp.0.cpp:21591:2: warning: Added loop label VITIS_LOOP_71_1:   [xilinx-label-all-loops]
 for (int i=0; i<W_;i++)
 ^~~
 VITIS_LOOP_71_1: 
C:\Users\liboh\Desktop\mvdr0\hls\inter\hls_component\hls_component\hls\.autopilot\db\inter.pp.0.cpp:21591:2: note: FIX-IT applied suggested code changes
C:\Users\liboh\Desktop\mvdr0\hls\inter\hls_component\hls_component\hls\.autopilot\db\inter.pp.0.cpp:21602:2: warning: Added loop label VITIS_LOOP_82_1:   [xilinx-label-all-loops]
 for (int i=0; i<I_;i++)
 ^~~
 VITIS_LOOP_82_1: 
C:\Users\liboh\Desktop\mvdr0\hls\inter\hls_component\hls_component\hls\.autopilot\db\inter.pp.0.cpp:21602:2: note: FIX-IT applied suggested code changes
C:\Users\liboh\Desktop\mvdr0\hls\inter\hls_component\hls_component\hls\.autopilot\db\inter.pp.0.cpp:21613:2: warning: Added loop label VITIS_LOOP_93_1:   [xilinx-label-all-loops]
 for (int i=0; i<I_;i++)
 ^~~
 VITIS_LOOP_93_1: 
C:\Users\liboh\Desktop\mvdr0\hls\inter\hls_component\hls_component\hls\.autopilot\db\inter.pp.0.cpp:21613:2: note: FIX-IT applied suggested code changes
C:\Users\liboh\Desktop\mvdr0\hls\inter\hls_component\hls_component\hls\.autopilot\db\inter.pp.0.cpp:23973:12: warning: Added loop label VITIS_LOOP_26_1:   [xilinx-label-all-loops]
           for(int i = 0; i < W_-1; ++i) {
           ^~~
           VITIS_LOOP_26_1: 
C:\Users\liboh\Desktop\mvdr0\hls\inter\hls_component\hls_component\hls\.autopilot\db\inter.pp.0.cpp:23973:12: note: FIX-IT applied suggested code changes
C:\Users\liboh\Desktop\mvdr0\hls\inter\hls_component\hls_component\hls\.autopilot\db\inter.pp.0.cpp:24037:7: warning: Added loop label VITIS_LOOP_40_1:   [xilinx-label-all-loops]
      for(int pos = msbr - 1 ; pos >= -F-1; pos--) {
      ^~~
      VITIS_LOOP_40_1: 
C:\Users\liboh\Desktop\mvdr0\hls\inter\hls_component\hls_component\hls\.autopilot\db\inter.pp.0.cpp:24037:7: note: FIX-IT applied suggested code changes
C:\Users\liboh\Desktop\mvdr0\hls\inter\hls_component\hls_component\hls\.autopilot\db\inter.pp.0.cpp:24154:9: warning: Added loop label VITIS_LOOP_49_1:   [xilinx-label-all-loops]
        for(int pos = msbr - 1; pos >= 0; pos--) {
        ^~~
        VITIS_LOOP_49_1: 
C:\Users\liboh\Desktop\mvdr0\hls\inter\hls_component\hls_component\hls\.autopilot\db\inter.pp.0.cpp:24154:9: note: FIX-IT applied suggested code changes
C:\Users\liboh\Desktop\mvdr0\hls\inter\hls_component\hls_component\hls\.autopilot\db\inter.pp.0.cpp:24179:5: warning: Added loop label VITIS_LOOP_81_2:   [xilinx-label-all-loops]
    for(int pos = -1; pos >= -F-1; pos--) {
    ^~~
    VITIS_LOOP_81_2: 
C:\Users\liboh\Desktop\mvdr0\hls\inter\hls_component\hls_component\hls\.autopilot\db\inter.pp.0.cpp:24179:5: note: FIX-IT applied suggested code changes
C:\Users\liboh\Desktop\mvdr0\hls\inter\hls_component\hls_component\hls\.autopilot\db\inter.pp.0.cpp:24249:8: warning: Added loop label VITIS_LOOP_169_3:   [xilinx-label-all-loops]
       for(int i = 0; i < W - 1; ++i) {
       ^~~
       VITIS_LOOP_169_3: 
C:\Users\liboh\Desktop\mvdr0\hls\inter\hls_component\hls_component\hls\.autopilot\db\inter.pp.0.cpp:24249:8: note: FIX-IT applied suggested code changes
