================================================================
== Design Size Report
================================================================

* Total Instructions per Compilation Phase
+---------------+-----------------------------+--------------+----------------------------------------------------------------------------------------+
| Phase         | Step                        | Instructions | Description                                                                            |
+---------------+-----------------------------+--------------+----------------------------------------------------------------------------------------+
| Compile/Link  |                             | 7,139        | After all functions are compiled and linked into a single design                       |
|               |                             |              |                                                                                        |
| Unroll/Inline |                             |              | After user unroll and inline pragmas are applied                                       |
|               | (1) unroll                  |   580        | user unroll pragmas are applied                                                        |
|               | (2) simplification          |   396        | simplification of applied user unroll pragmas                                          |
|               | (3) inline                  |   379        | user inline pragmas are applied                                                        |
|               | (4) simplification          |   358        | simplification of applied user inline pragmas                                          |
|               |                             |              |                                                                                        |
| Array/Struct  |                             |              | After user array partition and struct aggregate/disaggregate pragmas are applied       |
|               | (1) array partition         |   358        | user array partition pragmas are applied                                               |
|               | (2) simplification          |   358        | simplification of applied user array partition & struct aggregate/disaggregate pragmas |
|               | (3) aggregate/disaggregate  |   358        | user struct aggregate/disaggregate pragmas are applied                                 |
|               | (4) array reshape           |   358        | apply array reshape pragmas                                                            |
|               | (5) access patterns         |   358        | array access pattern optmizations                                                      |
|               |                             |              |                                                                                        |
| Performance   |                             |              | After transformations are applied to meet performance pragma targets                   |
|               | (1) loop simplification     |   358        | loop and instruction simplification                                                    |
|               | (2) parallelization         |   358        | loops are unrolled or pipelined to meet performance targets                            |
|               | (3) array partition         |   358        | arrays are partitioned to meet performance targets                                     |
|               | (4) simplification          |   358        | simplification of design after performance transformations                             |
|               |                             |              |                                                                                        |
| HW Transforms |                             |              | After hardware transfomations                                                          |
|               | (1) lowering                |   361        | initial conversion to HW specific instructions                                         |
|               | (2) optimizations           |   361        | high level synthesis optimizations                                                     |
+---------------+-----------------------------+--------------+----------------------------------------------------------------------------------------+

* Instructions per Function for each Compilation Phase
+---------------------+------------------+-----------------+---------------+--------------+-------------+---------------+
| Function            | Location         | Compile/Link    | Unroll/Inline | Array/Struct | Performance | HW Transforms |
+---------------------+------------------+-----------------+---------------+--------------+-------------+---------------+
| + calculate         | calculate.cpp:3  | 7,139           | 358           | 358          | 358         | 361           |
|    calculate_add    | calculate.cpp:29 | 2,876 (2 calls) |               |              |             |               |
|    calculate_abs    | calculate.cpp:58 |  396 (2 calls)  |               |              |             |               |
|    calculate_square | calculate.cpp:66 | 3,586 (2 calls) |               |              |             |               |
|    calculate_sub    | calculate.cpp:93 |  218            |               |              |             |               |
+---------------------+------------------+-----------------+---------------+--------------+-------------+---------------+

* Design Size Message Settings
+---------------------------------------------+--------+------------------------------------------------------------------+
| Message Setting                             | Value  | Description                                                      |
+---------------------------------------------+--------+------------------------------------------------------------------+
| config_compile -design_size_maximum_warning | 100000 | Show a warning when total design instructions exceeds this value |
+---------------------------------------------+--------+------------------------------------------------------------------+


