
*** Running vivado
    with args -log bd_0_hls_inst_0.vds -m64 -product Vivado -mode batch -messageDb vivado.pb -notrace -source bd_0_hls_inst_0.tcl



****** Vivado v2024.1 (64-bit)
  **** SW Build 5076996 on Wed May 22 18:37:14 MDT 2024
  **** IP Build 5075265 on Wed May 22 21:45:21 MDT 2024
  **** SharedData Build 5076995 on Wed May 22 18:29:18 MDT 2024
  **** Start of session at: Mon Nov 25 19:25:09 2024
    ** Copyright 1986-2022 Xilinx, Inc. All Rights Reserved.
    ** Copyright 2022-2024 Advanced Micro Devices, Inc. All Rights Reserved.

source bd_0_hls_inst_0.tcl -notrace
INFO: Dispatch client connection id - 7802
create_project: Time (s): cpu = 00:00:06 ; elapsed = 00:00:06 . Memory (MB): peak = 646.105 ; gain = 201.082
INFO: [IP_Flow 19-234] Refreshing IP repositories
INFO: [IP_Flow 19-1700] Loaded user IP repository 'c:/Users/liboh/Desktop/mvdr/hls/vram_add/hls_component/hls_component/hls/impl/ip'.
INFO: [IP_Flow 19-2313] Loaded Vivado IP repository 'D:/Xilinx/Vivado/2024.1/data/ip'.
WARNING: [IP_Flow 19-4995] The host OS only allows 260 characters in a normal path. The IP cache path is more than 80 characters. If you experience issues with IP caching, please consider changing the IP cache to a location with a shorter path. Alternately consider using the OS subst command to map part of the path to a drive letter. 
Current IP cache path is c:/Users/liboh/Desktop/mvdr/hls/vram_add/hls_component/hls_component/hls/impl/verilog/project.cache/ip 
INFO: [IP_Flow 19-6924] IPCACHE: Running cache check for IP inst: bd_0_hls_inst_0
Command: synth_design -top bd_0_hls_inst_0 -part xc7z020clg400-2 -directive sdx_optimization_effort_high -incremental_mode off -mode out_of_context
Starting synth_design
Attempting to get a license for feature 'Synthesis' and/or device 'xc7z020'
INFO: [Common 17-349] Got license for feature 'Synthesis' and/or device 'xc7z020'
INFO: [Device 21-403] Loading part xc7z020clg400-2
INFO: [Device 21-9227] Part: xc7z020clg400-2 does not have CEAM library.
INFO: [Synth 8-7079] Multithreading enabled for synth_design using a maximum of 2 processes.
INFO: [Synth 8-7078] Launching helper process for spawning children vivado processes
INFO: [Synth 8-7075] Helper process launched with PID 8216
---------------------------------------------------------------------------------
Starting RTL Elaboration : Time (s): cpu = 00:00:04 ; elapsed = 00:00:04 . Memory (MB): peak = 1534.746 ; gain = 448.414
---------------------------------------------------------------------------------
INFO: [Synth 8-6157] synthesizing module 'bd_0_hls_inst_0' [c:/Users/liboh/Desktop/mvdr/hls/vram_add/hls_component/hls_component/hls/impl/verilog/project.gen/sources_1/bd/bd_0/ip/bd_0_hls_inst_0/synth/bd_0_hls_inst_0.v:53]
INFO: [Synth 8-6157] synthesizing module 'vram_add' [c:/Users/liboh/Desktop/mvdr/hls/vram_add/hls_component/hls_component/hls/impl/verilog/project.gen/sources_1/bd/bd_0/ipshared/a249/hdl/verilog/vram_add.v:9]
INFO: [Synth 8-6157] synthesizing module 'vram_add_add_64s_64ns_64_3_1' [c:/Users/liboh/Desktop/mvdr/hls/vram_add/hls_component/hls_component/hls/impl/verilog/project.gen/sources_1/bd/bd_0/ipshared/a249/hdl/verilog/vram_add_add_64s_64ns_64_3_1.v:11]
INFO: [Synth 8-6157] synthesizing module 'vram_add_add_64s_64ns_64_3_1_comb_adder' [c:/Users/liboh/Desktop/mvdr/hls/vram_add/hls_component/hls_component/hls/impl/verilog/project.gen/sources_1/bd/bd_0/ipshared/a249/hdl/verilog/vram_add_add_64s_64ns_64_3_1.v:145]
INFO: [Synth 8-6155] done synthesizing module 'vram_add_add_64s_64ns_64_3_1_comb_adder' (0#1) [c:/Users/liboh/Desktop/mvdr/hls/vram_add/hls_component/hls_component/hls/impl/verilog/project.gen/sources_1/bd/bd_0/ipshared/a249/hdl/verilog/vram_add_add_64s_64ns_64_3_1.v:145]
INFO: [Synth 8-6157] synthesizing module 'vram_add_add_64s_64ns_64_3_1_comb_adder__parameterized0' [c:/Users/liboh/Desktop/mvdr/hls/vram_add/hls_component/hls_component/hls/impl/verilog/project.gen/sources_1/bd/bd_0/ipshared/a249/hdl/verilog/vram_add_add_64s_64ns_64_3_1.v:145]
INFO: [Synth 8-6155] done synthesizing module 'vram_add_add_64s_64ns_64_3_1_comb_adder__parameterized0' (0#1) [c:/Users/liboh/Desktop/mvdr/hls/vram_add/hls_component/hls_component/hls/impl/verilog/project.gen/sources_1/bd/bd_0/ipshared/a249/hdl/verilog/vram_add_add_64s_64ns_64_3_1.v:145]
INFO: [Synth 8-6155] done synthesizing module 'vram_add_add_64s_64ns_64_3_1' (0#1) [c:/Users/liboh/Desktop/mvdr/hls/vram_add/hls_component/hls_component/hls/impl/verilog/project.gen/sources_1/bd/bd_0/ipshared/a249/hdl/verilog/vram_add_add_64s_64ns_64_3_1.v:11]
INFO: [Synth 8-6155] done synthesizing module 'vram_add' (0#1) [c:/Users/liboh/Desktop/mvdr/hls/vram_add/hls_component/hls_component/hls/impl/verilog/project.gen/sources_1/bd/bd_0/ipshared/a249/hdl/verilog/vram_add.v:9]
INFO: [Synth 8-6155] done synthesizing module 'bd_0_hls_inst_0' (0#1) [c:/Users/liboh/Desktop/mvdr/hls/vram_add/hls_component/hls_component/hls/impl/verilog/project.gen/sources_1/bd/bd_0/ip/bd_0_hls_inst_0/synth/bd_0_hls_inst_0.v:53]
WARNING: [Synth 8-6014] Unused sequential element ap_CS_fsm_reg was removed.  [c:/Users/liboh/Desktop/mvdr/hls/vram_add/hls_component/hls_component/hls/impl/verilog/project.gen/sources_1/bd/bd_0/ipshared/a249/hdl/verilog/vram_add.v:66]
WARNING: [Synth 8-6014] Unused sequential element ap_enable_reg_pp0_iter1_reg was removed.  [c:/Users/liboh/Desktop/mvdr/hls/vram_add/hls_component/hls_component/hls/impl/verilog/project.gen/sources_1/bd/bd_0/ipshared/a249/hdl/verilog/vram_add.v:74]
WARNING: [Synth 8-6014] Unused sequential element ap_enable_reg_pp0_iter2_reg was removed.  [c:/Users/liboh/Desktop/mvdr/hls/vram_add/hls_component/hls_component/hls/impl/verilog/project.gen/sources_1/bd/bd_0/ipshared/a249/hdl/verilog/vram_add.v:84]
WARNING: [Synth 8-7129] Port reset in module vram_add_add_64s_64ns_64_3_1 is either unconnected or has no load
---------------------------------------------------------------------------------
Finished RTL Elaboration : Time (s): cpu = 00:00:06 ; elapsed = 00:00:06 . Memory (MB): peak = 1649.160 ; gain = 562.828
---------------------------------------------------------------------------------
---------------------------------------------------------------------------------
Start Handling Custom Attributes
---------------------------------------------------------------------------------
---------------------------------------------------------------------------------
Finished Handling Custom Attributes : Time (s): cpu = 00:00:06 ; elapsed = 00:00:06 . Memory (MB): peak = 1649.160 ; gain = 562.828
---------------------------------------------------------------------------------
---------------------------------------------------------------------------------
Finished RTL Optimization Phase 1 : Time (s): cpu = 00:00:06 ; elapsed = 00:00:06 . Memory (MB): peak = 1649.160 ; gain = 562.828
---------------------------------------------------------------------------------
Netlist sorting complete. Time (s): cpu = 00:00:00 ; elapsed = 00:00:00.004 . Memory (MB): peak = 1649.160 ; gain = 0.000
INFO: [Project 1-570] Preparing netlist for logic optimization

Processing XDC Constraints
Initializing timing engine
Parsing XDC File [c:/Users/liboh/Desktop/mvdr/hls/vram_add/hls_component/hls_component/hls/impl/verilog/project.gen/sources_1/bd/bd_0/ip/bd_0_hls_inst_0/constraints/vram_add_ooc.xdc] for cell 'inst'
Finished Parsing XDC File [c:/Users/liboh/Desktop/mvdr/hls/vram_add/hls_component/hls_component/hls/impl/verilog/project.gen/sources_1/bd/bd_0/ip/bd_0_hls_inst_0/constraints/vram_add_ooc.xdc] for cell 'inst'
Parsing XDC File [C:/Users/liboh/Desktop/mvdr/hls/vram_add/hls_component/hls_component/hls/impl/verilog/project.runs/bd_0_hls_inst_0_synth_1/dont_touch.xdc]
Finished Parsing XDC File [C:/Users/liboh/Desktop/mvdr/hls/vram_add/hls_component/hls_component/hls/impl/verilog/project.runs/bd_0_hls_inst_0_synth_1/dont_touch.xdc]
Completed Processing XDC Constraints

Netlist sorting complete. Time (s): cpu = 00:00:00 ; elapsed = 00:00:00 . Memory (MB): peak = 1742.270 ; gain = 0.000
INFO: [Project 1-111] Unisim Transformation Summary:
No Unisim elements were transformed.

Constraint Validation Runtime : Time (s): cpu = 00:00:00 ; elapsed = 00:00:00.030 . Memory (MB): peak = 1742.848 ; gain = 0.578
INFO: [Designutils 20-5008] Incremental synthesis strategy off
---------------------------------------------------------------------------------
Finished Constraint Validation : Time (s): cpu = 00:00:12 ; elapsed = 00:00:12 . Memory (MB): peak = 1742.848 ; gain = 656.516
---------------------------------------------------------------------------------
---------------------------------------------------------------------------------
Start Loading Part and Timing Information
---------------------------------------------------------------------------------
Loading part: xc7z020clg400-2
---------------------------------------------------------------------------------
Finished Loading Part and Timing Information : Time (s): cpu = 00:00:12 ; elapsed = 00:00:12 . Memory (MB): peak = 1742.848 ; gain = 656.516
---------------------------------------------------------------------------------
---------------------------------------------------------------------------------
Start Applying 'set_property' XDC Constraints
---------------------------------------------------------------------------------
Applied set_property KEEP_HIERARCHY = SOFT for inst. (constraint file  C:/Users/liboh/Desktop/mvdr/hls/vram_add/hls_component/hls_component/hls/impl/verilog/project.runs/bd_0_hls_inst_0_synth_1/dont_touch.xdc, line 9).
---------------------------------------------------------------------------------
Finished applying 'set_property' XDC Constraints : Time (s): cpu = 00:00:12 ; elapsed = 00:00:12 . Memory (MB): peak = 1742.848 ; gain = 656.516
---------------------------------------------------------------------------------
---------------------------------------------------------------------------------
Finished RTL Optimization Phase 2 : Time (s): cpu = 00:00:12 ; elapsed = 00:00:13 . Memory (MB): peak = 1742.848 ; gain = 656.516
---------------------------------------------------------------------------------
---------------------------------------------------------------------------------
Start RTL Component Statistics 
---------------------------------------------------------------------------------
Detailed RTL Component Info : 
+---Adders : 
	   3 Input   23 Bit       Adders := 1     
	   3 Input   22 Bit       Adders := 2     
+---Registers : 
	               43 Bit    Registers := 3     
	               21 Bit    Registers := 3     
	                1 Bit    Registers := 2     
---------------------------------------------------------------------------------
Finished RTL Component Statistics 
---------------------------------------------------------------------------------
---------------------------------------------------------------------------------
Start Part Resource Summary
---------------------------------------------------------------------------------
Part Resources:
DSPs: 220 (col length:60)
BRAMs: 280 (col length: RAMB18 60 RAMB36 30)
---------------------------------------------------------------------------------
Finished Part Resource Summary
---------------------------------------------------------------------------------
---------------------------------------------------------------------------------
Start Cross Boundary and Area Optimization
---------------------------------------------------------------------------------
WARNING: [Synth 8-7080] Parallel synthesis criteria is not met
WARNING: [Synth 8-7129] Port ap_rst in module vram_add is either unconnected or has no load
---------------------------------------------------------------------------------
Finished Cross Boundary and Area Optimization : Time (s): cpu = 00:00:13 ; elapsed = 00:00:14 . Memory (MB): peak = 1742.848 ; gain = 656.516
---------------------------------------------------------------------------------
---------------------------------------------------------------------------------
Start Applying XDC Timing Constraints
---------------------------------------------------------------------------------
---------------------------------------------------------------------------------
Finished Applying XDC Timing Constraints : Time (s): cpu = 00:00:18 ; elapsed = 00:00:19 . Memory (MB): peak = 1742.848 ; gain = 656.516
---------------------------------------------------------------------------------
---------------------------------------------------------------------------------
Start Timing Optimization
---------------------------------------------------------------------------------
---------------------------------------------------------------------------------
Finished Timing Optimization : Time (s): cpu = 00:00:18 ; elapsed = 00:00:19 . Memory (MB): peak = 1742.848 ; gain = 656.516
---------------------------------------------------------------------------------
---------------------------------------------------------------------------------
Start Technology Mapping
---------------------------------------------------------------------------------
---------------------------------------------------------------------------------
Finished Technology Mapping : Time (s): cpu = 00:00:18 ; elapsed = 00:00:19 . Memory (MB): peak = 1742.848 ; gain = 656.516
---------------------------------------------------------------------------------
---------------------------------------------------------------------------------
Start IO Insertion
---------------------------------------------------------------------------------
---------------------------------------------------------------------------------
Start Flattening Before IO Insertion
---------------------------------------------------------------------------------
---------------------------------------------------------------------------------
Finished Flattening Before IO Insertion
---------------------------------------------------------------------------------
---------------------------------------------------------------------------------
Start Final Netlist Cleanup
---------------------------------------------------------------------------------
---------------------------------------------------------------------------------
Finished Final Netlist Cleanup
---------------------------------------------------------------------------------
---------------------------------------------------------------------------------
Finished IO Insertion : Time (s): cpu = 00:00:22 ; elapsed = 00:00:23 . Memory (MB): peak = 1742.848 ; gain = 656.516
---------------------------------------------------------------------------------
---------------------------------------------------------------------------------
Start Renaming Generated Instances
---------------------------------------------------------------------------------
---------------------------------------------------------------------------------
Finished Renaming Generated Instances : Time (s): cpu = 00:00:22 ; elapsed = 00:00:23 . Memory (MB): peak = 1742.848 ; gain = 656.516
---------------------------------------------------------------------------------
---------------------------------------------------------------------------------
Start Rebuilding User Hierarchy
---------------------------------------------------------------------------------
---------------------------------------------------------------------------------
Finished Rebuilding User Hierarchy : Time (s): cpu = 00:00:22 ; elapsed = 00:00:23 . Memory (MB): peak = 1742.848 ; gain = 656.516
---------------------------------------------------------------------------------
---------------------------------------------------------------------------------
Start Renaming Generated Ports
---------------------------------------------------------------------------------
---------------------------------------------------------------------------------
Finished Renaming Generated Ports : Time (s): cpu = 00:00:22 ; elapsed = 00:00:23 . Memory (MB): peak = 1742.848 ; gain = 656.516
---------------------------------------------------------------------------------
---------------------------------------------------------------------------------
Start Handling Custom Attributes
---------------------------------------------------------------------------------
---------------------------------------------------------------------------------
Finished Handling Custom Attributes : Time (s): cpu = 00:00:22 ; elapsed = 00:00:23 . Memory (MB): peak = 1742.848 ; gain = 656.516
---------------------------------------------------------------------------------
---------------------------------------------------------------------------------
Start Renaming Generated Nets
---------------------------------------------------------------------------------
---------------------------------------------------------------------------------
Finished Renaming Generated Nets : Time (s): cpu = 00:00:22 ; elapsed = 00:00:23 . Memory (MB): peak = 1742.848 ; gain = 656.516
---------------------------------------------------------------------------------
---------------------------------------------------------------------------------
Start Writing Synthesis Report
---------------------------------------------------------------------------------

Report BlackBoxes: 
+-+--------------+----------+
| |BlackBox name |Instances |
+-+--------------+----------+
+-+--------------+----------+

Report Cell Usage: 
+------+-------+------+
|      |Cell   |Count |
+------+-------+------+
|1     |CARRY4 |    18|
|2     |LUT2   |    64|
|3     |FDRE   |   176|
+------+-------+------+
---------------------------------------------------------------------------------
Finished Writing Synthesis Report : Time (s): cpu = 00:00:22 ; elapsed = 00:00:23 . Memory (MB): peak = 1742.848 ; gain = 656.516
---------------------------------------------------------------------------------
Synthesis finished with 0 errors, 0 critical warnings and 2 warnings.
Synthesis Optimization Runtime : Time (s): cpu = 00:00:15 ; elapsed = 00:00:21 . Memory (MB): peak = 1742.848 ; gain = 562.828
Synthesis Optimization Complete : Time (s): cpu = 00:00:22 ; elapsed = 00:00:23 . Memory (MB): peak = 1742.848 ; gain = 656.516
INFO: [Project 1-571] Translating synthesized netlist
Netlist sorting complete. Time (s): cpu = 00:00:00 ; elapsed = 00:00:00.007 . Memory (MB): peak = 1742.848 ; gain = 0.000
INFO: [Netlist 29-17] Analyzing 18 Unisim elements for replacement
INFO: [Netlist 29-28] Unisim Transformation completed in 0 CPU seconds
INFO: [Project 1-570] Preparing netlist for logic optimization
INFO: [Opt 31-138] Pushed 0 inverter(s) to 0 load pin(s).
Netlist sorting complete. Time (s): cpu = 00:00:00 ; elapsed = 00:00:00 . Memory (MB): peak = 1742.848 ; gain = 0.000
INFO: [Project 1-111] Unisim Transformation Summary:
No Unisim elements were transformed.

Synth Design complete | Checksum: 24cf346b
INFO: [Common 17-83] Releasing license: Synthesis
30 Infos, 7 Warnings, 0 Critical Warnings and 0 Errors encountered.
synth_design completed successfully
synth_design: Time (s): cpu = 00:00:26 ; elapsed = 00:00:28 . Memory (MB): peak = 1742.848 ; gain = 1081.223
Write ShapeDB Complete: Time (s): cpu = 00:00:00 ; elapsed = 00:00:00.003 . Memory (MB): peak = 1742.848 ; gain = 0.000
INFO: [Common 17-1381] The checkpoint 'C:/Users/liboh/Desktop/mvdr/hls/vram_add/hls_component/hls_component/hls/impl/verilog/project.runs/bd_0_hls_inst_0_synth_1/bd_0_hls_inst_0.dcp' has been generated.
INFO: [Coretcl 2-1648] Added synthesis output to IP cache for IP bd_0_hls_inst_0, cache-ID = 13506ac67c0b962a
INFO: [Coretcl 2-1174] Renamed 5 cell refs.
Write ShapeDB Complete: Time (s): cpu = 00:00:00 ; elapsed = 00:00:00.001 . Memory (MB): peak = 1742.848 ; gain = 0.000
INFO: [Common 17-1381] The checkpoint 'C:/Users/liboh/Desktop/mvdr/hls/vram_add/hls_component/hls_component/hls/impl/verilog/project.runs/bd_0_hls_inst_0_synth_1/bd_0_hls_inst_0.dcp' has been generated.
INFO: [Vivado 12-24828] Executing command : report_utilization -file bd_0_hls_inst_0_utilization_synth.rpt -pb bd_0_hls_inst_0_utilization_synth.pb
INFO: [Common 17-206] Exiting Vivado at Mon Nov 25 19:25:46 2024...
